10:06:02.620 [main] INFO  o.s.b.t.c.SpringBootTestContextBootstrapper - Neither @ContextConfiguration nor @ContextHierarchy found for test class [org.ares.app.StartAppTests], using SpringBootContextLoader
10:06:02.637 [main] INFO  o.s.t.c.support.AbstractContextLoader - Could not detect default resource locations for test class [org.ares.app.StartAppTests]: no resource found for suffixes {-context.xml, Context.groovy}.
10:06:02.640 [main] INFO  o.s.t.c.s.AnnotationConfigContextLoaderUtils - Could not detect default configuration classes for test class [org.ares.app.StartAppTests]: StartAppTests does not declare any static, non-private, non-final, nested classes annotated with @Configuration.
10:06:02.931 [main] INFO  o.s.b.t.c.SpringBootTestContextBootstrapper - Found @SpringBootConfiguration org.ares.app.StartApp for test class org.ares.app.StartAppTests
10:06:02.960 [main] INFO  o.s.b.t.c.SpringBootTestContextBootstrapper - Loaded default TestExecutionListener class names from location [META-INF/spring.factories]: [org.springframework.boot.test.mock.mockito.MockitoTestExecutionListener, org.springframework.boot.test.mock.mockito.ResetMocksTestExecutionListener, org.springframework.boot.test.autoconfigure.restdocs.RestDocsTestExecutionListener, org.springframework.boot.test.autoconfigure.web.client.MockRestServiceServerResetTestExecutionListener, org.springframework.boot.test.autoconfigure.web.servlet.MockMvcPrintOnlyOnFailureTestExecutionListener, org.springframework.boot.test.autoconfigure.web.servlet.WebDriverTestExecutionListener, org.springframework.test.context.web.ServletTestExecutionListener, org.springframework.test.context.support.DirtiesContextBeforeModesTestExecutionListener, org.springframework.test.context.support.DependencyInjectionTestExecutionListener, org.springframework.test.context.support.DirtiesContextTestExecutionListener, org.springframework.test.context.transaction.TransactionalTestExecutionListener, org.springframework.test.context.jdbc.SqlScriptsTestExecutionListener, org.springframework.security.test.context.support.WithSecurityContextTestExecutionListener]
10:06:03.024 [main] INFO  o.s.b.t.c.SpringBootTestContextBootstrapper - Using TestExecutionListeners: [org.springframework.test.context.web.ServletTestExecutionListener@197d671, org.springframework.test.context.support.DirtiesContextBeforeModesTestExecutionListener@402e37bc, org.springframework.boot.test.mock.mockito.MockitoTestExecutionListener@79ad8b2f, org.springframework.boot.test.autoconfigure.SpringBootDependencyInjectionTestExecutionListener@1df82230, org.springframework.test.context.support.DirtiesContextTestExecutionListener@22635ba0, org.springframework.test.context.transaction.TransactionalTestExecutionListener@13c10b87, org.springframework.test.context.jdbc.SqlScriptsTestExecutionListener@6a01e23, org.springframework.security.test.context.support.WithSecurityContextTestExecutionListener@5a955565, org.springframework.boot.test.mock.mockito.ResetMocksTestExecutionListener@6293abcc, org.springframework.boot.test.autoconfigure.restdocs.RestDocsTestExecutionListener@7995092a, org.springframework.boot.test.autoconfigure.web.client.MockRestServiceServerResetTestExecutionListener@7fc2413d, org.springframework.boot.test.autoconfigure.web.servlet.MockMvcPrintOnlyOnFailureTestExecutionListener@f8c1ddd, org.springframework.boot.test.autoconfigure.web.servlet.WebDriverTestExecutionListener@70be0a2b]
10:06:03.650 [main] INFO  org.ares.app.StartAppTests - Starting StartAppTests on srv-work with PID 6792 (started by Administrator in D:\java\work\sts_sp\c5g)
10:06:03.651 [main] INFO  org.ares.app.StartAppTests - No active profile set, falling back to default profiles: default
10:06:03.688 [main] INFO  o.s.w.c.s.GenericWebApplicationContext - Refreshing org.springframework.web.context.support.GenericWebApplicationContext@581ac8a8: startup date [Tue Jul 03 10:06:03 CST 2018]; root of context hierarchy
10:06:04.164 [background-preinit] INFO  o.h.validator.internal.util.Version - HV000001: Hibernate Validator 5.3.6.Final
10:06:05.892 [main] INFO  o.s.s.web.DefaultSecurityFilterChain - Creating filter chain: org.springframework.security.web.util.matcher.AnyRequestMatcher@1, [org.springframework.security.web.context.request.async.WebAsyncManagerIntegrationFilter@6c008c24, org.springframework.security.web.context.SecurityContextPersistenceFilter@109a2025, org.springframework.security.web.header.HeaderWriterFilter@7342e05d, org.springframework.security.web.csrf.CsrfFilter@7cd4a4d7, org.springframework.security.web.authentication.logout.LogoutFilter@216e0771, org.springframework.security.web.authentication.logout.LogoutFilter@68d651f2, org.jasig.cas.client.session.SingleSignOutFilter@21079a12, org.springframework.security.cas.web.CasAuthenticationFilter@fcc6023, org.springframework.security.web.authentication.UsernamePasswordAuthenticationFilter@312b34e3, org.springframework.security.web.savedrequest.RequestCacheAwareFilter@761956ac, org.springframework.security.web.servletapi.SecurityContextHolderAwareRequestFilter@36cc9385, org.springframework.security.web.authentication.AnonymousAuthenticationFilter@67c5ac52, org.springframework.security.web.session.SessionManagementFilter@15383681, org.springframework.security.web.access.ExceptionTranslationFilter@70c53dbe, org.springframework.security.web.access.intercept.FilterSecurityInterceptor@2b2f5fcf]
10:06:06.389 [main] INFO  o.s.w.s.m.m.a.RequestMappingHandlerAdapter - Looking for @ControllerAdvice: org.springframework.web.context.support.GenericWebApplicationContext@581ac8a8: startup date [Tue Jul 03 10:06:03 CST 2018]; root of context hierarchy
10:06:06.499 [main] INFO  o.s.w.s.m.m.a.RequestMappingHandlerMapping - Mapped "{[/]}" onto public java.lang.String org.ares.app.c5.action.TestAction.index()
10:06:06.499 [main] INFO  o.s.w.s.m.m.a.RequestMappingHandlerMapping - Mapped "{[/security]}" onto public java.lang.String org.ares.app.c5.action.TestAction.security()
10:06:06.499 [main] INFO  o.s.w.s.m.m.a.RequestMappingHandlerMapping - Mapped "{[/hello]}" onto public java.lang.String org.ares.app.c5.action.TestAction.hello()
10:06:06.499 [main] INFO  o.s.w.s.m.m.a.RequestMappingHandlerMapping - Mapped "{[/authorize]}" onto public java.lang.String org.ares.app.c5.action.TestAction.authorize()
10:06:06.499 [main] INFO  o.s.w.s.m.m.a.RequestMappingHandlerMapping - Mapped "{[/error]}" onto public org.springframework.http.ResponseEntity<java.util.Map<java.lang.String, java.lang.Object>> org.springframework.boot.autoconfigure.web.BasicErrorController.error(javax.servlet.http.HttpServletRequest)
10:06:06.499 [main] INFO  o.s.w.s.m.m.a.RequestMappingHandlerMapping - Mapped "{[/error],produces=[text/html]}" onto public org.springframework.web.servlet.ModelAndView org.springframework.boot.autoconfigure.web.BasicErrorController.errorHtml(javax.servlet.http.HttpServletRequest,javax.servlet.http.HttpServletResponse)
10:06:06.530 [main] INFO  o.s.w.s.handler.SimpleUrlHandlerMapping - Mapped URL path [/webjars/**] onto handler of type [class org.springframework.web.servlet.resource.ResourceHttpRequestHandler]
10:06:06.530 [main] INFO  o.s.w.s.handler.SimpleUrlHandlerMapping - Mapped URL path [/**] onto handler of type [class org.springframework.web.servlet.resource.ResourceHttpRequestHandler]
10:06:06.593 [main] INFO  o.s.w.s.handler.SimpleUrlHandlerMapping - Mapped URL path [/**/favicon.ico] onto handler of type [class org.springframework.web.servlet.resource.ResourceHttpRequestHandler]
10:06:06.704 [main] ERROR o.m.spring.mapper.MapperFactoryBean - Error while adding the mapper 'interface org.ares.app.c5.security.dao.mapper.RbacMapper' to configuration.
java.lang.IllegalStateException: Mapping is missing column attribute for property roles
	at org.apache.ibatis.mapping.ResultMapping$Builder.validate(ResultMapping.java:155)
	at org.apache.ibatis.mapping.ResultMapping$Builder.build(ResultMapping.java:140)
	at org.apache.ibatis.builder.MapperBuilderAssistant.buildResultMapping(MapperBuilderAssistant.java:391)
	at org.apache.ibatis.builder.annotation.MapperAnnotationBuilder.applyResults(MapperAnnotationBuilder.java:536)
	at org.apache.ibatis.builder.annotation.MapperAnnotationBuilder.applyResultMap(MapperAnnotationBuilder.java:245)
	at org.apache.ibatis.builder.annotation.MapperAnnotationBuilder.parseResultMap(MapperAnnotationBuilder.java:222)
	at org.apache.ibatis.builder.annotation.MapperAnnotationBuilder.parseStatement(MapperAnnotationBuilder.java:348)
	at org.apache.ibatis.builder.annotation.MapperAnnotationBuilder.parse(MapperAnnotationBuilder.java:134)
	at org.apache.ibatis.binding.MapperRegistry.addMapper(MapperRegistry.java:72)
	at org.apache.ibatis.session.Configuration.addMapper(Configuration.java:741)
	at org.mybatis.spring.mapper.MapperFactoryBean.checkDaoConfig(MapperFactoryBean.java:80)
	at org.springframework.dao.support.DaoSupport.afterPropertiesSet(DaoSupport.java:44)
	at org.springframework.beans.factory.support.AbstractAutowireCapableBeanFactory.invokeInitMethods(AbstractAutowireCapableBeanFactory.java:1692)
	at org.springframework.beans.factory.support.AbstractAutowireCapableBeanFactory.initializeBean(AbstractAutowireCapableBeanFactory.java:1630)
	at org.springframework.beans.factory.support.AbstractAutowireCapableBeanFactory.doCreateBean(AbstractAutowireCapableBeanFactory.java:555)
	at org.springframework.beans.factory.support.AbstractAutowireCapableBeanFactory.createBean(AbstractAutowireCapableBeanFactory.java:483)
	at org.springframework.beans.factory.support.AbstractBeanFactory$1.getObject(AbstractBeanFactory.java:312)
	at org.springframework.beans.factory.support.DefaultSingletonBeanRegistry.getSingleton(DefaultSingletonBeanRegistry.java:230)
	at org.springframework.beans.factory.support.AbstractBeanFactory.doGetBean(AbstractBeanFactory.java:308)
	at org.springframework.beans.factory.support.AbstractBeanFactory.getBean(AbstractBeanFactory.java:197)
	at org.springframework.beans.factory.support.DefaultListableBeanFactory.preInstantiateSingletons(DefaultListableBeanFactory.java:742)
	at org.springframework.context.support.AbstractApplicationContext.finishBeanFactoryInitialization(AbstractApplicationContext.java:867)
	at org.springframework.context.support.AbstractApplicationContext.refresh(AbstractApplicationContext.java:543)
	at org.springframework.boot.SpringApplication.refresh(SpringApplication.java:693)
	at org.springframework.boot.SpringApplication.refreshContext(SpringApplication.java:360)
	at org.springframework.boot.SpringApplication.run(SpringApplication.java:303)
	at org.springframework.boot.test.context.SpringBootContextLoader.loadContext(SpringBootContextLoader.java:121)
	at org.springframework.test.context.cache.DefaultCacheAwareContextLoaderDelegate.loadContextInternal(DefaultCacheAwareContextLoaderDelegate.java:98)
	at org.springframework.test.context.cache.DefaultCacheAwareContextLoaderDelegate.loadContext(DefaultCacheAwareContextLoaderDelegate.java:116)
	at org.springframework.test.context.support.DefaultTestContext.getApplicationContext(DefaultTestContext.java:83)
	at org.springframework.test.context.web.ServletTestExecutionListener.setUpRequestContextIfNecessary(ServletTestExecutionListener.java:189)
	at org.springframework.test.context.web.ServletTestExecutionListener.prepareTestInstance(ServletTestExecutionListener.java:131)
	at org.springframework.test.context.TestContextManager.prepareTestInstance(TestContextManager.java:230)
	at org.springframework.test.context.junit4.SpringJUnit4ClassRunner.createTest(SpringJUnit4ClassRunner.java:228)
	at org.springframework.test.context.junit4.SpringJUnit4ClassRunner$1.runReflectiveCall(SpringJUnit4ClassRunner.java:287)
	at org.junit.internal.runners.model.ReflectiveCallable.run(ReflectiveCallable.java:12)
	at org.springframework.test.context.junit4.SpringJUnit4ClassRunner.methodBlock(SpringJUnit4ClassRunner.java:289)
	at org.springframework.test.context.junit4.SpringJUnit4ClassRunner.runChild(SpringJUnit4ClassRunner.java:247)
	at org.springframework.test.context.junit4.SpringJUnit4ClassRunner.runChild(SpringJUnit4ClassRunner.java:94)
	at org.junit.runners.ParentRunner$3.run(ParentRunner.java:290)
	at org.junit.runners.ParentRunner$1.schedule(ParentRunner.java:71)
	at org.junit.runners.ParentRunner.runChildren(ParentRunner.java:288)
	at org.junit.runners.ParentRunner.access$000(ParentRunner.java:58)
	at org.junit.runners.ParentRunner$2.evaluate(ParentRunner.java:268)
	at org.springframework.test.context.junit4.statements.RunBeforeTestClassCallbacks.evaluate(RunBeforeTestClassCallbacks.java:61)
	at org.springframework.test.context.junit4.statements.RunAfterTestClassCallbacks.evaluate(RunAfterTestClassCallbacks.java:70)
	at org.junit.runners.ParentRunner.run(ParentRunner.java:363)
	at org.springframework.test.context.junit4.SpringJUnit4ClassRunner.run(SpringJUnit4ClassRunner.java:191)
	at org.eclipse.jdt.internal.junit4.runner.JUnit4TestReference.run(JUnit4TestReference.java:86)
	at org.eclipse.jdt.internal.junit.runner.TestExecution.run(TestExecution.java:38)
	at org.eclipse.jdt.internal.junit.runner.RemoteTestRunner.runTests(RemoteTestRunner.java:538)
	at org.eclipse.jdt.internal.junit.runner.RemoteTestRunner.runTests(RemoteTestRunner.java:760)
	at org.eclipse.jdt.internal.junit.runner.RemoteTestRunner.run(RemoteTestRunner.java:460)
	at org.eclipse.jdt.internal.junit.runner.RemoteTestRunner.main(RemoteTestRunner.java:206)
10:06:06.704 [main] WARN  o.s.w.c.s.GenericWebApplicationContext - Exception encountered during context initialization - cancelling refresh attempt: org.springframework.beans.factory.BeanCreationException: Error creating bean with name 'rbacMapper' defined in file [D:\java\work\sts_sp\c5g\target\classes\org\ares\app\c5\security\dao\mapper\RbacMapper.class]: Invocation of init method failed; nested exception is java.lang.IllegalArgumentException: java.lang.IllegalStateException: Mapping is missing column attribute for property roles
10:06:06.720 [main] INFO  o.s.b.a.l.AutoConfigurationReportLoggingInitializer - 

Error starting ApplicationContext. To display the auto-configuration report re-run your application with 'debug' enabled.
10:06:06.720 [main] ERROR o.springframework.boot.SpringApplication - Application startup failed
org.springframework.beans.factory.BeanCreationException: Error creating bean with name 'rbacMapper' defined in file [D:\java\work\sts_sp\c5g\target\classes\org\ares\app\c5\security\dao\mapper\RbacMapper.class]: Invocation of init method failed; nested exception is java.lang.IllegalArgumentException: java.lang.IllegalStateException: Mapping is missing column attribute for property roles
	at org.springframework.beans.factory.support.AbstractAutowireCapableBeanFactory.initializeBean(AbstractAutowireCapableBeanFactory.java:1634)
	at org.springframework.beans.factory.support.AbstractAutowireCapableBeanFactory.doCreateBean(AbstractAutowireCapableBeanFactory.java:555)
	at org.springframework.beans.factory.support.AbstractAutowireCapableBeanFactory.createBean(AbstractAutowireCapableBeanFactory.java:483)
	at org.springframework.beans.factory.support.AbstractBeanFactory$1.getObject(AbstractBeanFactory.java:312)
	at org.springframework.beans.factory.support.DefaultSingletonBeanRegistry.getSingleton(DefaultSingletonBeanRegistry.java:230)
	at org.springframework.beans.factory.support.AbstractBeanFactory.doGetBean(AbstractBeanFactory.java:308)
	at org.springframework.beans.factory.support.AbstractBeanFactory.getBean(AbstractBeanFactory.java:197)
	at org.springframework.beans.factory.support.DefaultListableBeanFactory.preInstantiateSingletons(DefaultListableBeanFactory.java:742)
	at org.springframework.context.support.AbstractApplicationContext.finishBeanFactoryInitialization(AbstractApplicationContext.java:867)
	at org.springframework.context.support.AbstractApplicationContext.refresh(AbstractApplicationContext.java:543)
	at org.springframework.boot.SpringApplication.refresh(SpringApplication.java:693)
	at org.springframework.boot.SpringApplication.refreshContext(SpringApplication.java:360)
	at org.springframework.boot.SpringApplication.run(SpringApplication.java:303)
	at org.springframework.boot.test.context.SpringBootContextLoader.loadContext(SpringBootContextLoader.java:121)
	at org.springframework.test.context.cache.DefaultCacheAwareContextLoaderDelegate.loadContextInternal(DefaultCacheAwareContextLoaderDelegate.java:98)
	at org.springframework.test.context.cache.DefaultCacheAwareContextLoaderDelegate.loadContext(DefaultCacheAwareContextLoaderDelegate.java:116)
	at org.springframework.test.context.support.DefaultTestContext.getApplicationContext(DefaultTestContext.java:83)
	at org.springframework.test.context.web.ServletTestExecutionListener.setUpRequestContextIfNecessary(ServletTestExecutionListener.java:189)
	at org.springframework.test.context.web.ServletTestExecutionListener.prepareTestInstance(ServletTestExecutionListener.java:131)
	at org.springframework.test.context.TestContextManager.prepareTestInstance(TestContextManager.java:230)
	at org.springframework.test.context.junit4.SpringJUnit4ClassRunner.createTest(SpringJUnit4ClassRunner.java:228)
	at org.springframework.test.context.junit4.SpringJUnit4ClassRunner$1.runReflectiveCall(SpringJUnit4ClassRunner.java:287)
	at org.junit.internal.runners.model.ReflectiveCallable.run(ReflectiveCallable.java:12)
	at org.springframework.test.context.junit4.SpringJUnit4ClassRunner.methodBlock(SpringJUnit4ClassRunner.java:289)
	at org.springframework.test.context.junit4.SpringJUnit4ClassRunner.runChild(SpringJUnit4ClassRunner.java:247)
	at org.springframework.test.context.junit4.SpringJUnit4ClassRunner.runChild(SpringJUnit4ClassRunner.java:94)
	at org.junit.runners.ParentRunner$3.run(ParentRunner.java:290)
	at org.junit.runners.ParentRunner$1.schedule(ParentRunner.java:71)
	at org.junit.runners.ParentRunner.runChildren(ParentRunner.java:288)
	at org.junit.runners.ParentRunner.access$000(ParentRunner.java:58)
	at org.junit.runners.ParentRunner$2.evaluate(ParentRunner.java:268)
	at org.springframework.test.context.junit4.statements.RunBeforeTestClassCallbacks.evaluate(RunBeforeTestClassCallbacks.java:61)
	at org.springframework.test.context.junit4.statements.RunAfterTestClassCallbacks.evaluate(RunAfterTestClassCallbacks.java:70)
	at org.junit.runners.ParentRunner.run(ParentRunner.java:363)
	at org.springframework.test.context.junit4.SpringJUnit4ClassRunner.run(SpringJUnit4ClassRunner.java:191)
	at org.eclipse.jdt.internal.junit4.runner.JUnit4TestReference.run(JUnit4TestReference.java:86)
	at org.eclipse.jdt.internal.junit.runner.TestExecution.run(TestExecution.java:38)
	at org.eclipse.jdt.internal.junit.runner.RemoteTestRunner.runTests(RemoteTestRunner.java:538)
	at org.eclipse.jdt.internal.junit.runner.RemoteTestRunner.runTests(RemoteTestRunner.java:760)
	at org.eclipse.jdt.internal.junit.runner.RemoteTestRunner.run(RemoteTestRunner.java:460)
	at org.eclipse.jdt.internal.junit.runner.RemoteTestRunner.main(RemoteTestRunner.java:206)
Caused by: java.lang.IllegalArgumentException: java.lang.IllegalStateException: Mapping is missing column attribute for property roles
	at org.mybatis.spring.mapper.MapperFactoryBean.checkDaoConfig(MapperFactoryBean.java:83)
	at org.springframework.dao.support.DaoSupport.afterPropertiesSet(DaoSupport.java:44)
	at org.springframework.beans.factory.support.AbstractAutowireCapableBeanFactory.invokeInitMethods(AbstractAutowireCapableBeanFactory.java:1692)
	at org.springframework.beans.factory.support.AbstractAutowireCapableBeanFactory.initializeBean(AbstractAutowireCapableBeanFactory.java:1630)
	... 40 common frames omitted
Caused by: java.lang.IllegalStateException: Mapping is missing column attribute for property roles
	at org.apache.ibatis.mapping.ResultMapping$Builder.validate(ResultMapping.java:155)
	at org.apache.ibatis.mapping.ResultMapping$Builder.build(ResultMapping.java:140)
	at org.apache.ibatis.builder.MapperBuilderAssistant.buildResultMapping(MapperBuilderAssistant.java:391)
	at org.apache.ibatis.builder.annotation.MapperAnnotationBuilder.applyResults(MapperAnnotationBuilder.java:536)
	at org.apache.ibatis.builder.annotation.MapperAnnotationBuilder.applyResultMap(MapperAnnotationBuilder.java:245)
	at org.apache.ibatis.builder.annotation.MapperAnnotationBuilder.parseResultMap(MapperAnnotationBuilder.java:222)
	at org.apache.ibatis.builder.annotation.MapperAnnotationBuilder.parseStatement(MapperAnnotationBuilder.java:348)
	at org.apache.ibatis.builder.annotation.MapperAnnotationBuilder.parse(MapperAnnotationBuilder.java:134)
	at org.apache.ibatis.binding.MapperRegistry.addMapper(MapperRegistry.java:72)
	at org.apache.ibatis.session.Configuration.addMapper(Configuration.java:741)
	at org.mybatis.spring.mapper.MapperFactoryBean.checkDaoConfig(MapperFactoryBean.java:80)
	... 43 common frames omitted
10:06:06.736 [main] ERROR o.s.test.context.TestContextManager - Caught exception while allowing TestExecutionListener [org.springframework.test.context.web.ServletTestExecutionListener@197d671] to prepare test instance [org.ares.app.StartAppTests@6296474f]
java.lang.IllegalStateException: Failed to load ApplicationContext
	at org.springframework.test.context.cache.DefaultCacheAwareContextLoaderDelegate.loadContext(DefaultCacheAwareContextLoaderDelegate.java:124)
	at org.springframework.test.context.support.DefaultTestContext.getApplicationContext(DefaultTestContext.java:83)
	at org.springframework.test.context.web.ServletTestExecutionListener.setUpRequestContextIfNecessary(ServletTestExecutionListener.java:189)
	at org.springframework.test.context.web.ServletTestExecutionListener.prepareTestInstance(ServletTestExecutionListener.java:131)
	at org.springframework.test.context.TestContextManager.prepareTestInstance(TestContextManager.java:230)
	at org.springframework.test.context.junit4.SpringJUnit4ClassRunner.createTest(SpringJUnit4ClassRunner.java:228)
	at org.springframework.test.context.junit4.SpringJUnit4ClassRunner$1.runReflectiveCall(SpringJUnit4ClassRunner.java:287)
	at org.junit.internal.runners.model.ReflectiveCallable.run(ReflectiveCallable.java:12)
	at org.springframework.test.context.junit4.SpringJUnit4ClassRunner.methodBlock(SpringJUnit4ClassRunner.java:289)
	at org.springframework.test.context.junit4.SpringJUnit4ClassRunner.runChild(SpringJUnit4ClassRunner.java:247)
	at org.springframework.test.context.junit4.SpringJUnit4ClassRunner.runChild(SpringJUnit4ClassRunner.java:94)
	at org.junit.runners.ParentRunner$3.run(ParentRunner.java:290)
	at org.junit.runners.ParentRunner$1.schedule(ParentRunner.java:71)
	at org.junit.runners.ParentRunner.runChildren(ParentRunner.java:288)
	at org.junit.runners.ParentRunner.access$000(ParentRunner.java:58)
	at org.junit.runners.ParentRunner$2.evaluate(ParentRunner.java:268)
	at org.springframework.test.context.junit4.statements.RunBeforeTestClassCallbacks.evaluate(RunBeforeTestClassCallbacks.java:61)
	at org.springframework.test.context.junit4.statements.RunAfterTestClassCallbacks.evaluate(RunAfterTestClassCallbacks.java:70)
	at org.junit.runners.ParentRunner.run(ParentRunner.java:363)
	at org.springframework.test.context.junit4.SpringJUnit4ClassRunner.run(SpringJUnit4ClassRunner.java:191)
	at org.eclipse.jdt.internal.junit4.runner.JUnit4TestReference.run(JUnit4TestReference.java:86)
	at org.eclipse.jdt.internal.junit.runner.TestExecution.run(TestExecution.java:38)
	at org.eclipse.jdt.internal.junit.runner.RemoteTestRunner.runTests(RemoteTestRunner.java:538)
	at org.eclipse.jdt.internal.junit.runner.RemoteTestRunner.runTests(RemoteTestRunner.java:760)
	at org.eclipse.jdt.internal.junit.runner.RemoteTestRunner.run(RemoteTestRunner.java:460)
	at org.eclipse.jdt.internal.junit.runner.RemoteTestRunner.main(RemoteTestRunner.java:206)
Caused by: org.springframework.beans.factory.BeanCreationException: Error creating bean with name 'rbacMapper' defined in file [D:\java\work\sts_sp\c5g\target\classes\org\ares\app\c5\security\dao\mapper\RbacMapper.class]: Invocation of init method failed; nested exception is java.lang.IllegalArgumentException: java.lang.IllegalStateException: Mapping is missing column attribute for property roles
	at org.springframework.beans.factory.support.AbstractAutowireCapableBeanFactory.initializeBean(AbstractAutowireCapableBeanFactory.java:1634)
	at org.springframework.beans.factory.support.AbstractAutowireCapableBeanFactory.doCreateBean(AbstractAutowireCapableBeanFactory.java:555)
	at org.springframework.beans.factory.support.AbstractAutowireCapableBeanFactory.createBean(AbstractAutowireCapableBeanFactory.java:483)
	at org.springframework.beans.factory.support.AbstractBeanFactory$1.getObject(AbstractBeanFactory.java:312)
	at org.springframework.beans.factory.support.DefaultSingletonBeanRegistry.getSingleton(DefaultSingletonBeanRegistry.java:230)
	at org.springframework.beans.factory.support.AbstractBeanFactory.doGetBean(AbstractBeanFactory.java:308)
	at org.springframework.beans.factory.support.AbstractBeanFactory.getBean(AbstractBeanFactory.java:197)
	at org.springframework.beans.factory.support.DefaultListableBeanFactory.preInstantiateSingletons(DefaultListableBeanFactory.java:742)
	at org.springframework.context.support.AbstractApplicationContext.finishBeanFactoryInitialization(AbstractApplicationContext.java:867)
	at org.springframework.context.support.AbstractApplicationContext.refresh(AbstractApplicationContext.java:543)
	at org.springframework.boot.SpringApplication.refresh(SpringApplication.java:693)
	at org.springframework.boot.SpringApplication.refreshContext(SpringApplication.java:360)
	at org.springframework.boot.SpringApplication.run(SpringApplication.java:303)
	at org.springframework.boot.test.context.SpringBootContextLoader.loadContext(SpringBootContextLoader.java:121)
	at org.springframework.test.context.cache.DefaultCacheAwareContextLoaderDelegate.loadContextInternal(DefaultCacheAwareContextLoaderDelegate.java:98)
	at org.springframework.test.context.cache.DefaultCacheAwareContextLoaderDelegate.loadContext(DefaultCacheAwareContextLoaderDelegate.java:116)
	... 25 common frames omitted
Caused by: java.lang.IllegalArgumentException: java.lang.IllegalStateException: Mapping is missing column attribute for property roles
	at org.mybatis.spring.mapper.MapperFactoryBean.checkDaoConfig(MapperFactoryBean.java:83)
	at org.springframework.dao.support.DaoSupport.afterPropertiesSet(DaoSupport.java:44)
	at org.springframework.beans.factory.support.AbstractAutowireCapableBeanFactory.invokeInitMethods(AbstractAutowireCapableBeanFactory.java:1692)
	at org.springframework.beans.factory.support.AbstractAutowireCapableBeanFactory.initializeBean(AbstractAutowireCapableBeanFactory.java:1630)
	... 40 common frames omitted
Caused by: java.lang.IllegalStateException: Mapping is missing column attribute for property roles
	at org.apache.ibatis.mapping.ResultMapping$Builder.validate(ResultMapping.java:155)
	at org.apache.ibatis.mapping.ResultMapping$Builder.build(ResultMapping.java:140)
	at org.apache.ibatis.builder.MapperBuilderAssistant.buildResultMapping(MapperBuilderAssistant.java:391)
	at org.apache.ibatis.builder.annotation.MapperAnnotationBuilder.applyResults(MapperAnnotationBuilder.java:536)
	at org.apache.ibatis.builder.annotation.MapperAnnotationBuilder.applyResultMap(MapperAnnotationBuilder.java:245)
	at org.apache.ibatis.builder.annotation.MapperAnnotationBuilder.parseResultMap(MapperAnnotationBuilder.java:222)
	at org.apache.ibatis.builder.annotation.MapperAnnotationBuilder.parseStatement(MapperAnnotationBuilder.java:348)
	at org.apache.ibatis.builder.annotation.MapperAnnotationBuilder.parse(MapperAnnotationBuilder.java:134)
	at org.apache.ibatis.binding.MapperRegistry.addMapper(MapperRegistry.java:72)
	at org.apache.ibatis.session.Configuration.addMapper(Configuration.java:741)
	at org.mybatis.spring.mapper.MapperFactoryBean.checkDaoConfig(MapperFactoryBean.java:80)
	... 43 common frames omitted
10:12:00.355 [main] INFO  o.s.b.t.c.SpringBootTestContextBootstrapper - Neither @ContextConfiguration nor @ContextHierarchy found for test class [org.ares.app.StartAppTests], using SpringBootContextLoader
10:12:00.362 [main] INFO  o.s.t.c.support.AbstractContextLoader - Could not detect default resource locations for test class [org.ares.app.StartAppTests]: no resource found for suffixes {-context.xml, Context.groovy}.
10:12:00.363 [main] INFO  o.s.t.c.s.AnnotationConfigContextLoaderUtils - Could not detect default configuration classes for test class [org.ares.app.StartAppTests]: StartAppTests does not declare any static, non-private, non-final, nested classes annotated with @Configuration.
10:12:00.523 [main] INFO  o.s.b.t.c.SpringBootTestContextBootstrapper - Found @SpringBootConfiguration org.ares.app.StartApp for test class org.ares.app.StartAppTests
10:12:00.530 [main] INFO  o.s.b.t.c.SpringBootTestContextBootstrapper - Loaded default TestExecutionListener class names from location [META-INF/spring.factories]: [org.springframework.boot.test.mock.mockito.MockitoTestExecutionListener, org.springframework.boot.test.mock.mockito.ResetMocksTestExecutionListener, org.springframework.boot.test.autoconfigure.restdocs.RestDocsTestExecutionListener, org.springframework.boot.test.autoconfigure.web.client.MockRestServiceServerResetTestExecutionListener, org.springframework.boot.test.autoconfigure.web.servlet.MockMvcPrintOnlyOnFailureTestExecutionListener, org.springframework.boot.test.autoconfigure.web.servlet.WebDriverTestExecutionListener, org.springframework.test.context.web.ServletTestExecutionListener, org.springframework.test.context.support.DirtiesContextBeforeModesTestExecutionListener, org.springframework.test.context.support.DependencyInjectionTestExecutionListener, org.springframework.test.context.support.DirtiesContextTestExecutionListener, org.springframework.test.context.transaction.TransactionalTestExecutionListener, org.springframework.test.context.jdbc.SqlScriptsTestExecutionListener, org.springframework.security.test.context.support.WithSecurityContextTestExecutionListener]
10:12:00.546 [main] INFO  o.s.b.t.c.SpringBootTestContextBootstrapper - Using TestExecutionListeners: [org.springframework.test.context.web.ServletTestExecutionListener@197d671, org.springframework.test.context.support.DirtiesContextBeforeModesTestExecutionListener@402e37bc, org.springframework.boot.test.mock.mockito.MockitoTestExecutionListener@79ad8b2f, org.springframework.boot.test.autoconfigure.SpringBootDependencyInjectionTestExecutionListener@1df82230, org.springframework.test.context.support.DirtiesContextTestExecutionListener@22635ba0, org.springframework.test.context.transaction.TransactionalTestExecutionListener@13c10b87, org.springframework.test.context.jdbc.SqlScriptsTestExecutionListener@6a01e23, org.springframework.security.test.context.support.WithSecurityContextTestExecutionListener@5a955565, org.springframework.boot.test.mock.mockito.ResetMocksTestExecutionListener@6293abcc, org.springframework.boot.test.autoconfigure.restdocs.RestDocsTestExecutionListener@7995092a, org.springframework.boot.test.autoconfigure.web.client.MockRestServiceServerResetTestExecutionListener@7fc2413d, org.springframework.boot.test.autoconfigure.web.servlet.MockMvcPrintOnlyOnFailureTestExecutionListener@f8c1ddd, org.springframework.boot.test.autoconfigure.web.servlet.WebDriverTestExecutionListener@70be0a2b]
10:12:01.035 [main] INFO  org.ares.app.StartAppTests - Starting StartAppTests on srv-work with PID 18100 (started by Administrator in D:\java\work\sts_sp\c5g)
10:12:01.035 [main] INFO  org.ares.app.StartAppTests - No active profile set, falling back to default profiles: default
10:12:01.071 [main] INFO  o.s.w.c.s.GenericWebApplicationContext - Refreshing org.springframework.web.context.support.GenericWebApplicationContext@581ac8a8: startup date [Tue Jul 03 10:12:01 CST 2018]; root of context hierarchy
10:12:01.429 [background-preinit] INFO  o.h.validator.internal.util.Version - HV000001: Hibernate Validator 5.3.6.Final
10:12:03.412 [main] INFO  o.s.s.web.DefaultSecurityFilterChain - Creating filter chain: org.springframework.security.web.util.matcher.AnyRequestMatcher@1, [org.springframework.security.web.context.request.async.WebAsyncManagerIntegrationFilter@6c008c24, org.springframework.security.web.context.SecurityContextPersistenceFilter@109a2025, org.springframework.security.web.header.HeaderWriterFilter@7342e05d, org.springframework.security.web.csrf.CsrfFilter@7cd4a4d7, org.springframework.security.web.authentication.logout.LogoutFilter@216e0771, org.springframework.security.web.authentication.logout.LogoutFilter@68d651f2, org.jasig.cas.client.session.SingleSignOutFilter@21079a12, org.springframework.security.cas.web.CasAuthenticationFilter@fcc6023, org.springframework.security.web.authentication.UsernamePasswordAuthenticationFilter@312b34e3, org.springframework.security.web.savedrequest.RequestCacheAwareFilter@761956ac, org.springframework.security.web.servletapi.SecurityContextHolderAwareRequestFilter@36cc9385, org.springframework.security.web.authentication.AnonymousAuthenticationFilter@67c5ac52, org.springframework.security.web.session.SessionManagementFilter@15383681, org.springframework.security.web.access.ExceptionTranslationFilter@70c53dbe, org.springframework.security.web.access.intercept.FilterSecurityInterceptor@2b2f5fcf]
10:12:03.923 [main] INFO  o.s.w.s.m.m.a.RequestMappingHandlerAdapter - Looking for @ControllerAdvice: org.springframework.web.context.support.GenericWebApplicationContext@581ac8a8: startup date [Tue Jul 03 10:12:01 CST 2018]; root of context hierarchy
10:12:03.995 [main] INFO  o.s.w.s.m.m.a.RequestMappingHandlerMapping - Mapped "{[/]}" onto public java.lang.String org.ares.app.c5.action.TestAction.index()
10:12:03.996 [main] INFO  o.s.w.s.m.m.a.RequestMappingHandlerMapping - Mapped "{[/security]}" onto public java.lang.String org.ares.app.c5.action.TestAction.security()
10:12:03.996 [main] INFO  o.s.w.s.m.m.a.RequestMappingHandlerMapping - Mapped "{[/hello]}" onto public java.lang.String org.ares.app.c5.action.TestAction.hello()
10:12:03.997 [main] INFO  o.s.w.s.m.m.a.RequestMappingHandlerMapping - Mapped "{[/authorize]}" onto public java.lang.String org.ares.app.c5.action.TestAction.authorize()
10:12:03.999 [main] INFO  o.s.w.s.m.m.a.RequestMappingHandlerMapping - Mapped "{[/error]}" onto public org.springframework.http.ResponseEntity<java.util.Map<java.lang.String, java.lang.Object>> org.springframework.boot.autoconfigure.web.BasicErrorController.error(javax.servlet.http.HttpServletRequest)
10:12:03.999 [main] INFO  o.s.w.s.m.m.a.RequestMappingHandlerMapping - Mapped "{[/error],produces=[text/html]}" onto public org.springframework.web.servlet.ModelAndView org.springframework.boot.autoconfigure.web.BasicErrorController.errorHtml(javax.servlet.http.HttpServletRequest,javax.servlet.http.HttpServletResponse)
10:12:04.023 [main] INFO  o.s.w.s.handler.SimpleUrlHandlerMapping - Mapped URL path [/webjars/**] onto handler of type [class org.springframework.web.servlet.resource.ResourceHttpRequestHandler]
10:12:04.023 [main] INFO  o.s.w.s.handler.SimpleUrlHandlerMapping - Mapped URL path [/**] onto handler of type [class org.springframework.web.servlet.resource.ResourceHttpRequestHandler]
10:12:04.069 [main] INFO  o.s.w.s.handler.SimpleUrlHandlerMapping - Mapped URL path [/**/favicon.ico] onto handler of type [class org.springframework.web.servlet.resource.ResourceHttpRequestHandler]
10:12:04.378 [main] INFO  org.ares.app.StartAppTests - Started StartAppTests in 3.692 seconds (JVM running for 4.93)
10:12:05.146 [Thread-3] INFO  o.s.w.c.s.GenericWebApplicationContext - Closing org.springframework.web.context.support.GenericWebApplicationContext@581ac8a8: startup date [Tue Jul 03 10:12:01 CST 2018]; root of context hierarchy
10:18:34.631 [main] INFO  o.s.b.t.c.SpringBootTestContextBootstrapper - Neither @ContextConfiguration nor @ContextHierarchy found for test class [org.ares.app.StartAppTests], using SpringBootContextLoader
10:18:34.647 [main] INFO  o.s.t.c.support.AbstractContextLoader - Could not detect default resource locations for test class [org.ares.app.StartAppTests]: no resource found for suffixes {-context.xml, Context.groovy}.
10:18:34.647 [main] INFO  o.s.t.c.s.AnnotationConfigContextLoaderUtils - Could not detect default configuration classes for test class [org.ares.app.StartAppTests]: StartAppTests does not declare any static, non-private, non-final, nested classes annotated with @Configuration.
10:18:34.897 [main] INFO  o.s.b.t.c.SpringBootTestContextBootstrapper - Found @SpringBootConfiguration org.ares.app.StartApp for test class org.ares.app.StartAppTests
10:18:34.926 [main] INFO  o.s.b.t.c.SpringBootTestContextBootstrapper - Loaded default TestExecutionListener class names from location [META-INF/spring.factories]: [org.springframework.boot.test.mock.mockito.MockitoTestExecutionListener, org.springframework.boot.test.mock.mockito.ResetMocksTestExecutionListener, org.springframework.boot.test.autoconfigure.restdocs.RestDocsTestExecutionListener, org.springframework.boot.test.autoconfigure.web.client.MockRestServiceServerResetTestExecutionListener, org.springframework.boot.test.autoconfigure.web.servlet.MockMvcPrintOnlyOnFailureTestExecutionListener, org.springframework.boot.test.autoconfigure.web.servlet.WebDriverTestExecutionListener, org.springframework.test.context.web.ServletTestExecutionListener, org.springframework.test.context.support.DirtiesContextBeforeModesTestExecutionListener, org.springframework.test.context.support.DependencyInjectionTestExecutionListener, org.springframework.test.context.support.DirtiesContextTestExecutionListener, org.springframework.test.context.transaction.TransactionalTestExecutionListener, org.springframework.test.context.jdbc.SqlScriptsTestExecutionListener, org.springframework.security.test.context.support.WithSecurityContextTestExecutionListener]
10:18:34.966 [main] INFO  o.s.b.t.c.SpringBootTestContextBootstrapper - Using TestExecutionListeners: [org.springframework.test.context.web.ServletTestExecutionListener@197d671, org.springframework.test.context.support.DirtiesContextBeforeModesTestExecutionListener@402e37bc, org.springframework.boot.test.mock.mockito.MockitoTestExecutionListener@79ad8b2f, org.springframework.boot.test.autoconfigure.SpringBootDependencyInjectionTestExecutionListener@1df82230, org.springframework.test.context.support.DirtiesContextTestExecutionListener@22635ba0, org.springframework.test.context.transaction.TransactionalTestExecutionListener@13c10b87, org.springframework.test.context.jdbc.SqlScriptsTestExecutionListener@6a01e23, org.springframework.security.test.context.support.WithSecurityContextTestExecutionListener@5a955565, org.springframework.boot.test.mock.mockito.ResetMocksTestExecutionListener@6293abcc, org.springframework.boot.test.autoconfigure.restdocs.RestDocsTestExecutionListener@7995092a, org.springframework.boot.test.autoconfigure.web.client.MockRestServiceServerResetTestExecutionListener@7fc2413d, org.springframework.boot.test.autoconfigure.web.servlet.MockMvcPrintOnlyOnFailureTestExecutionListener@f8c1ddd, org.springframework.boot.test.autoconfigure.web.servlet.WebDriverTestExecutionListener@70be0a2b]
10:18:35.759 [main] INFO  org.ares.app.StartAppTests - Starting StartAppTests on srv-work with PID 15544 (started by Administrator in D:\java\work\sts_sp\c5g)
10:18:35.759 [main] INFO  org.ares.app.StartAppTests - No active profile set, falling back to default profiles: default
10:18:35.853 [main] INFO  o.s.w.c.s.GenericWebApplicationContext - Refreshing org.springframework.web.context.support.GenericWebApplicationContext@581ac8a8: startup date [Tue Jul 03 10:18:35 CST 2018]; root of context hierarchy
10:18:36.372 [background-preinit] INFO  o.h.validator.internal.util.Version - HV000001: Hibernate Validator 5.3.6.Final
10:18:38.133 [main] INFO  o.s.s.web.DefaultSecurityFilterChain - Creating filter chain: org.springframework.security.web.util.matcher.AnyRequestMatcher@1, [org.springframework.security.web.context.request.async.WebAsyncManagerIntegrationFilter@65c33b92, org.springframework.security.web.context.SecurityContextPersistenceFilter@317e9c3c, org.springframework.security.web.header.HeaderWriterFilter@5b22d8a1, org.springframework.security.web.csrf.CsrfFilter@1f77b5cc, org.springframework.security.web.authentication.logout.LogoutFilter@7903d448, org.springframework.security.web.authentication.logout.LogoutFilter@6cd5122d, org.jasig.cas.client.session.SingleSignOutFilter@4e08acf9, org.springframework.security.cas.web.CasAuthenticationFilter@42ea287, org.springframework.security.web.authentication.UsernamePasswordAuthenticationFilter@44e93c1f, org.springframework.security.web.savedrequest.RequestCacheAwareFilter@31a3f4de, org.springframework.security.web.servletapi.SecurityContextHolderAwareRequestFilter@14fa92af, org.springframework.security.web.authentication.AnonymousAuthenticationFilter@78cd163b, org.springframework.security.web.session.SessionManagementFilter@59ed3e6c, org.springframework.security.web.access.ExceptionTranslationFilter@3fe46690, org.springframework.security.web.access.intercept.FilterSecurityInterceptor@188cbcde]
10:18:38.436 [main] INFO  o.s.w.s.m.m.a.RequestMappingHandlerAdapter - Looking for @ControllerAdvice: org.springframework.web.context.support.GenericWebApplicationContext@581ac8a8: startup date [Tue Jul 03 10:18:35 CST 2018]; root of context hierarchy
10:18:38.530 [main] INFO  o.s.w.s.m.m.a.RequestMappingHandlerMapping - Mapped "{[/]}" onto public java.lang.String org.ares.app.c5.action.TestAction.index()
10:18:38.530 [main] INFO  o.s.w.s.m.m.a.RequestMappingHandlerMapping - Mapped "{[/security]}" onto public java.lang.String org.ares.app.c5.action.TestAction.security()
10:18:38.530 [main] INFO  o.s.w.s.m.m.a.RequestMappingHandlerMapping - Mapped "{[/hello]}" onto public java.lang.String org.ares.app.c5.action.TestAction.hello()
10:18:38.530 [main] INFO  o.s.w.s.m.m.a.RequestMappingHandlerMapping - Mapped "{[/authorize]}" onto public java.lang.String org.ares.app.c5.action.TestAction.authorize()
10:18:38.530 [main] INFO  o.s.w.s.m.m.a.RequestMappingHandlerMapping - Mapped "{[/error]}" onto public org.springframework.http.ResponseEntity<java.util.Map<java.lang.String, java.lang.Object>> org.springframework.boot.autoconfigure.web.BasicErrorController.error(javax.servlet.http.HttpServletRequest)
10:18:38.530 [main] INFO  o.s.w.s.m.m.a.RequestMappingHandlerMapping - Mapped "{[/error],produces=[text/html]}" onto public org.springframework.web.servlet.ModelAndView org.springframework.boot.autoconfigure.web.BasicErrorController.errorHtml(javax.servlet.http.HttpServletRequest,javax.servlet.http.HttpServletResponse)
10:18:38.569 [main] INFO  o.s.w.s.handler.SimpleUrlHandlerMapping - Mapped URL path [/webjars/**] onto handler of type [class org.springframework.web.servlet.resource.ResourceHttpRequestHandler]
10:18:38.569 [main] INFO  o.s.w.s.handler.SimpleUrlHandlerMapping - Mapped URL path [/**] onto handler of type [class org.springframework.web.servlet.resource.ResourceHttpRequestHandler]
10:18:38.602 [main] INFO  o.s.w.s.handler.SimpleUrlHandlerMapping - Mapped URL path [/**/favicon.ico] onto handler of type [class org.springframework.web.servlet.resource.ResourceHttpRequestHandler]
10:18:38.852 [main] INFO  org.ares.app.StartAppTests - Started StartAppTests in 3.704 seconds (JVM running for 5.611)
10:18:39.308 [Thread-3] INFO  o.s.w.c.s.GenericWebApplicationContext - Closing org.springframework.web.context.support.GenericWebApplicationContext@581ac8a8: startup date [Tue Jul 03 10:18:35 CST 2018]; root of context hierarchy
10:19:03.381 [main] INFO  o.s.b.t.c.SpringBootTestContextBootstrapper - Neither @ContextConfiguration nor @ContextHierarchy found for test class [org.ares.app.StartAppTests], using SpringBootContextLoader
10:19:03.393 [main] INFO  o.s.t.c.support.AbstractContextLoader - Could not detect default resource locations for test class [org.ares.app.StartAppTests]: no resource found for suffixes {-context.xml, Context.groovy}.
10:19:03.395 [main] INFO  o.s.t.c.s.AnnotationConfigContextLoaderUtils - Could not detect default configuration classes for test class [org.ares.app.StartAppTests]: StartAppTests does not declare any static, non-private, non-final, nested classes annotated with @Configuration.
10:19:03.636 [main] INFO  o.s.b.t.c.SpringBootTestContextBootstrapper - Found @SpringBootConfiguration org.ares.app.StartApp for test class org.ares.app.StartAppTests
10:19:03.651 [main] INFO  o.s.b.t.c.SpringBootTestContextBootstrapper - Loaded default TestExecutionListener class names from location [META-INF/spring.factories]: [org.springframework.boot.test.mock.mockito.MockitoTestExecutionListener, org.springframework.boot.test.mock.mockito.ResetMocksTestExecutionListener, org.springframework.boot.test.autoconfigure.restdocs.RestDocsTestExecutionListener, org.springframework.boot.test.autoconfigure.web.client.MockRestServiceServerResetTestExecutionListener, org.springframework.boot.test.autoconfigure.web.servlet.MockMvcPrintOnlyOnFailureTestExecutionListener, org.springframework.boot.test.autoconfigure.web.servlet.WebDriverTestExecutionListener, org.springframework.test.context.web.ServletTestExecutionListener, org.springframework.test.context.support.DirtiesContextBeforeModesTestExecutionListener, org.springframework.test.context.support.DependencyInjectionTestExecutionListener, org.springframework.test.context.support.DirtiesContextTestExecutionListener, org.springframework.test.context.transaction.TransactionalTestExecutionListener, org.springframework.test.context.jdbc.SqlScriptsTestExecutionListener, org.springframework.security.test.context.support.WithSecurityContextTestExecutionListener]
10:19:03.683 [main] INFO  o.s.b.t.c.SpringBootTestContextBootstrapper - Using TestExecutionListeners: [org.springframework.test.context.web.ServletTestExecutionListener@197d671, org.springframework.test.context.support.DirtiesContextBeforeModesTestExecutionListener@402e37bc, org.springframework.boot.test.mock.mockito.MockitoTestExecutionListener@79ad8b2f, org.springframework.boot.test.autoconfigure.SpringBootDependencyInjectionTestExecutionListener@1df82230, org.springframework.test.context.support.DirtiesContextTestExecutionListener@22635ba0, org.springframework.test.context.transaction.TransactionalTestExecutionListener@13c10b87, org.springframework.test.context.jdbc.SqlScriptsTestExecutionListener@6a01e23, org.springframework.security.test.context.support.WithSecurityContextTestExecutionListener@5a955565, org.springframework.boot.test.mock.mockito.ResetMocksTestExecutionListener@6293abcc, org.springframework.boot.test.autoconfigure.restdocs.RestDocsTestExecutionListener@7995092a, org.springframework.boot.test.autoconfigure.web.client.MockRestServiceServerResetTestExecutionListener@7fc2413d, org.springframework.boot.test.autoconfigure.web.servlet.MockMvcPrintOnlyOnFailureTestExecutionListener@f8c1ddd, org.springframework.boot.test.autoconfigure.web.servlet.WebDriverTestExecutionListener@70be0a2b]
10:19:04.482 [main] INFO  org.ares.app.StartAppTests - Starting StartAppTests on srv-work with PID 13332 (started by Administrator in D:\java\work\sts_sp\c5g)
10:19:04.482 [main] INFO  org.ares.app.StartAppTests - No active profile set, falling back to default profiles: default
10:19:04.544 [main] INFO  o.s.w.c.s.GenericWebApplicationContext - Refreshing org.springframework.web.context.support.GenericWebApplicationContext@581ac8a8: startup date [Tue Jul 03 10:19:04 CST 2018]; root of context hierarchy
10:19:05.174 [background-preinit] INFO  o.h.validator.internal.util.Version - HV000001: Hibernate Validator 5.3.6.Final
10:19:06.825 [main] INFO  o.s.s.web.DefaultSecurityFilterChain - Creating filter chain: org.springframework.security.web.util.matcher.AnyRequestMatcher@1, [org.springframework.security.web.context.request.async.WebAsyncManagerIntegrationFilter@6c008c24, org.springframework.security.web.context.SecurityContextPersistenceFilter@109a2025, org.springframework.security.web.header.HeaderWriterFilter@7342e05d, org.springframework.security.web.csrf.CsrfFilter@7cd4a4d7, org.springframework.security.web.authentication.logout.LogoutFilter@216e0771, org.springframework.security.web.authentication.logout.LogoutFilter@68d651f2, org.jasig.cas.client.session.SingleSignOutFilter@21079a12, org.springframework.security.cas.web.CasAuthenticationFilter@fcc6023, org.springframework.security.web.authentication.UsernamePasswordAuthenticationFilter@312b34e3, org.springframework.security.web.savedrequest.RequestCacheAwareFilter@761956ac, org.springframework.security.web.servletapi.SecurityContextHolderAwareRequestFilter@36cc9385, org.springframework.security.web.authentication.AnonymousAuthenticationFilter@67c5ac52, org.springframework.security.web.session.SessionManagementFilter@15383681, org.springframework.security.web.access.ExceptionTranslationFilter@70c53dbe, org.springframework.security.web.access.intercept.FilterSecurityInterceptor@2b2f5fcf]
10:19:07.186 [main] INFO  o.s.w.s.m.m.a.RequestMappingHandlerAdapter - Looking for @ControllerAdvice: org.springframework.web.context.support.GenericWebApplicationContext@581ac8a8: startup date [Tue Jul 03 10:19:04 CST 2018]; root of context hierarchy
10:19:07.248 [main] INFO  o.s.w.s.m.m.a.RequestMappingHandlerMapping - Mapped "{[/]}" onto public java.lang.String org.ares.app.c5.action.TestAction.index()
10:19:07.248 [main] INFO  o.s.w.s.m.m.a.RequestMappingHandlerMapping - Mapped "{[/security]}" onto public java.lang.String org.ares.app.c5.action.TestAction.security()
10:19:07.248 [main] INFO  o.s.w.s.m.m.a.RequestMappingHandlerMapping - Mapped "{[/authorize]}" onto public java.lang.String org.ares.app.c5.action.TestAction.authorize()
10:19:07.248 [main] INFO  o.s.w.s.m.m.a.RequestMappingHandlerMapping - Mapped "{[/hello]}" onto public java.lang.String org.ares.app.c5.action.TestAction.hello()
10:19:07.248 [main] INFO  o.s.w.s.m.m.a.RequestMappingHandlerMapping - Mapped "{[/error]}" onto public org.springframework.http.ResponseEntity<java.util.Map<java.lang.String, java.lang.Object>> org.springframework.boot.autoconfigure.web.BasicErrorController.error(javax.servlet.http.HttpServletRequest)
10:19:07.248 [main] INFO  o.s.w.s.m.m.a.RequestMappingHandlerMapping - Mapped "{[/error],produces=[text/html]}" onto public org.springframework.web.servlet.ModelAndView org.springframework.boot.autoconfigure.web.BasicErrorController.errorHtml(javax.servlet.http.HttpServletRequest,javax.servlet.http.HttpServletResponse)
10:19:07.279 [main] INFO  o.s.w.s.handler.SimpleUrlHandlerMapping - Mapped URL path [/webjars/**] onto handler of type [class org.springframework.web.servlet.resource.ResourceHttpRequestHandler]
10:19:07.279 [main] INFO  o.s.w.s.handler.SimpleUrlHandlerMapping - Mapped URL path [/**] onto handler of type [class org.springframework.web.servlet.resource.ResourceHttpRequestHandler]
10:19:07.324 [main] INFO  o.s.w.s.handler.SimpleUrlHandlerMapping - Mapped URL path [/**/favicon.ico] onto handler of type [class org.springframework.web.servlet.resource.ResourceHttpRequestHandler]
10:19:07.561 [main] INFO  org.ares.app.StartAppTests - Started StartAppTests in 3.623 seconds (JVM running for 5.414)
10:19:07.978 [Thread-3] INFO  o.s.w.c.s.GenericWebApplicationContext - Closing org.springframework.web.context.support.GenericWebApplicationContext@581ac8a8: startup date [Tue Jul 03 10:19:04 CST 2018]; root of context hierarchy
10:22:39.110 [main] INFO  o.s.b.t.c.SpringBootTestContextBootstrapper - Neither @ContextConfiguration nor @ContextHierarchy found for test class [org.ares.app.StartAppTests], using SpringBootContextLoader
10:22:39.127 [main] INFO  o.s.t.c.support.AbstractContextLoader - Could not detect default resource locations for test class [org.ares.app.StartAppTests]: no resource found for suffixes {-context.xml, Context.groovy}.
10:22:39.128 [main] INFO  o.s.t.c.s.AnnotationConfigContextLoaderUtils - Could not detect default configuration classes for test class [org.ares.app.StartAppTests]: StartAppTests does not declare any static, non-private, non-final, nested classes annotated with @Configuration.
10:22:39.307 [main] INFO  o.s.b.t.c.SpringBootTestContextBootstrapper - Found @SpringBootConfiguration org.ares.app.StartApp for test class org.ares.app.StartAppTests
10:22:39.317 [main] INFO  o.s.b.t.c.SpringBootTestContextBootstrapper - Loaded default TestExecutionListener class names from location [META-INF/spring.factories]: [org.springframework.boot.test.mock.mockito.MockitoTestExecutionListener, org.springframework.boot.test.mock.mockito.ResetMocksTestExecutionListener, org.springframework.boot.test.autoconfigure.restdocs.RestDocsTestExecutionListener, org.springframework.boot.test.autoconfigure.web.client.MockRestServiceServerResetTestExecutionListener, org.springframework.boot.test.autoconfigure.web.servlet.MockMvcPrintOnlyOnFailureTestExecutionListener, org.springframework.boot.test.autoconfigure.web.servlet.WebDriverTestExecutionListener, org.springframework.test.context.web.ServletTestExecutionListener, org.springframework.test.context.support.DirtiesContextBeforeModesTestExecutionListener, org.springframework.test.context.support.DependencyInjectionTestExecutionListener, org.springframework.test.context.support.DirtiesContextTestExecutionListener, org.springframework.test.context.transaction.TransactionalTestExecutionListener, org.springframework.test.context.jdbc.SqlScriptsTestExecutionListener, org.springframework.security.test.context.support.WithSecurityContextTestExecutionListener]
10:22:39.348 [main] INFO  o.s.b.t.c.SpringBootTestContextBootstrapper - Using TestExecutionListeners: [org.springframework.test.context.web.ServletTestExecutionListener@197d671, org.springframework.test.context.support.DirtiesContextBeforeModesTestExecutionListener@402e37bc, org.springframework.boot.test.mock.mockito.MockitoTestExecutionListener@79ad8b2f, org.springframework.boot.test.autoconfigure.SpringBootDependencyInjectionTestExecutionListener@1df82230, org.springframework.test.context.support.DirtiesContextTestExecutionListener@22635ba0, org.springframework.test.context.transaction.TransactionalTestExecutionListener@13c10b87, org.springframework.test.context.jdbc.SqlScriptsTestExecutionListener@6a01e23, org.springframework.security.test.context.support.WithSecurityContextTestExecutionListener@5a955565, org.springframework.boot.test.mock.mockito.ResetMocksTestExecutionListener@6293abcc, org.springframework.boot.test.autoconfigure.restdocs.RestDocsTestExecutionListener@7995092a, org.springframework.boot.test.autoconfigure.web.client.MockRestServiceServerResetTestExecutionListener@7fc2413d, org.springframework.boot.test.autoconfigure.web.servlet.MockMvcPrintOnlyOnFailureTestExecutionListener@f8c1ddd, org.springframework.boot.test.autoconfigure.web.servlet.WebDriverTestExecutionListener@70be0a2b]
10:22:40.212 [main] INFO  org.ares.app.StartAppTests - Starting StartAppTests on srv-work with PID 13600 (started by Administrator in D:\java\work\sts_sp\c5g)
10:22:40.212 [main] INFO  org.ares.app.StartAppTests - No active profile set, falling back to default profiles: default
10:22:40.274 [main] INFO  o.s.w.c.s.GenericWebApplicationContext - Refreshing org.springframework.web.context.support.GenericWebApplicationContext@581ac8a8: startup date [Tue Jul 03 10:22:40 CST 2018]; root of context hierarchy
10:22:40.838 [background-preinit] INFO  o.h.validator.internal.util.Version - HV000001: Hibernate Validator 5.3.6.Final
10:22:42.794 [main] INFO  o.s.s.web.DefaultSecurityFilterChain - Creating filter chain: org.springframework.security.web.util.matcher.AnyRequestMatcher@1, [org.springframework.security.web.context.request.async.WebAsyncManagerIntegrationFilter@5ec4ff02, org.springframework.security.web.context.SecurityContextPersistenceFilter@b16e202, org.springframework.security.web.header.HeaderWriterFilter@6f3e19b3, org.springframework.security.web.csrf.CsrfFilter@320a8ebf, org.springframework.security.web.authentication.logout.LogoutFilter@1f11f64e, org.springframework.security.web.authentication.logout.LogoutFilter@7342e05d, org.jasig.cas.client.session.SingleSignOutFilter@2b2f5fcf, org.springframework.security.cas.web.CasAuthenticationFilter@858d8b4, org.springframework.security.web.authentication.UsernamePasswordAuthenticationFilter@78cd163b, org.springframework.security.web.savedrequest.RequestCacheAwareFilter@6cd5122d, org.springframework.security.web.servletapi.SecurityContextHolderAwareRequestFilter@70c53dbe, org.springframework.security.web.authentication.AnonymousAuthenticationFilter@711d1a52, org.springframework.security.web.session.SessionManagementFilter@7d04529c, org.springframework.security.web.access.ExceptionTranslationFilter@68880c21, org.springframework.security.web.access.intercept.FilterSecurityInterceptor@9b21bd3]
10:22:43.209 [main] INFO  o.s.w.s.m.m.a.RequestMappingHandlerAdapter - Looking for @ControllerAdvice: org.springframework.web.context.support.GenericWebApplicationContext@581ac8a8: startup date [Tue Jul 03 10:22:40 CST 2018]; root of context hierarchy
10:22:43.261 [main] INFO  o.s.w.s.m.m.a.RequestMappingHandlerMapping - Mapped "{[/]}" onto public java.lang.String org.ares.app.c5.action.TestAction.index()
10:22:43.262 [main] INFO  o.s.w.s.m.m.a.RequestMappingHandlerMapping - Mapped "{[/security]}" onto public java.lang.String org.ares.app.c5.action.TestAction.security()
10:22:43.262 [main] INFO  o.s.w.s.m.m.a.RequestMappingHandlerMapping - Mapped "{[/hello]}" onto public java.lang.String org.ares.app.c5.action.TestAction.hello()
10:22:43.262 [main] INFO  o.s.w.s.m.m.a.RequestMappingHandlerMapping - Mapped "{[/authorize]}" onto public java.lang.String org.ares.app.c5.action.TestAction.authorize()
10:22:43.264 [main] INFO  o.s.w.s.m.m.a.RequestMappingHandlerMapping - Mapped "{[/error]}" onto public org.springframework.http.ResponseEntity<java.util.Map<java.lang.String, java.lang.Object>> org.springframework.boot.autoconfigure.web.BasicErrorController.error(javax.servlet.http.HttpServletRequest)
10:22:43.264 [main] INFO  o.s.w.s.m.m.a.RequestMappingHandlerMapping - Mapped "{[/error],produces=[text/html]}" onto public org.springframework.web.servlet.ModelAndView org.springframework.boot.autoconfigure.web.BasicErrorController.errorHtml(javax.servlet.http.HttpServletRequest,javax.servlet.http.HttpServletResponse)
10:22:43.294 [main] INFO  o.s.w.s.handler.SimpleUrlHandlerMapping - Mapped URL path [/webjars/**] onto handler of type [class org.springframework.web.servlet.resource.ResourceHttpRequestHandler]
10:22:43.294 [main] INFO  o.s.w.s.handler.SimpleUrlHandlerMapping - Mapped URL path [/**] onto handler of type [class org.springframework.web.servlet.resource.ResourceHttpRequestHandler]
10:22:43.327 [main] INFO  o.s.w.s.handler.SimpleUrlHandlerMapping - Mapped URL path [/**/favicon.ico] onto handler of type [class org.springframework.web.servlet.resource.ResourceHttpRequestHandler]
10:22:43.546 [main] INFO  org.ares.app.StartAppTests - Started StartAppTests in 3.932 seconds (JVM running for 5.817)
10:22:44.001 [Thread-3] INFO  o.s.w.c.s.GenericWebApplicationContext - Closing org.springframework.web.context.support.GenericWebApplicationContext@581ac8a8: startup date [Tue Jul 03 10:22:40 CST 2018]; root of context hierarchy
10:27:39.668 [main] INFO  o.s.b.t.c.SpringBootTestContextBootstrapper - Neither @ContextConfiguration nor @ContextHierarchy found for test class [org.ares.app.StartAppTests], using SpringBootContextLoader
10:27:39.678 [main] INFO  o.s.t.c.support.AbstractContextLoader - Could not detect default resource locations for test class [org.ares.app.StartAppTests]: no resource found for suffixes {-context.xml, Context.groovy}.
10:27:39.680 [main] INFO  o.s.t.c.s.AnnotationConfigContextLoaderUtils - Could not detect default configuration classes for test class [org.ares.app.StartAppTests]: StartAppTests does not declare any static, non-private, non-final, nested classes annotated with @Configuration.
10:27:39.892 [main] INFO  o.s.b.t.c.SpringBootTestContextBootstrapper - Found @SpringBootConfiguration org.ares.app.StartApp for test class org.ares.app.StartAppTests
10:27:39.906 [main] INFO  o.s.b.t.c.SpringBootTestContextBootstrapper - Loaded default TestExecutionListener class names from location [META-INF/spring.factories]: [org.springframework.boot.test.mock.mockito.MockitoTestExecutionListener, org.springframework.boot.test.mock.mockito.ResetMocksTestExecutionListener, org.springframework.boot.test.autoconfigure.restdocs.RestDocsTestExecutionListener, org.springframework.boot.test.autoconfigure.web.client.MockRestServiceServerResetTestExecutionListener, org.springframework.boot.test.autoconfigure.web.servlet.MockMvcPrintOnlyOnFailureTestExecutionListener, org.springframework.boot.test.autoconfigure.web.servlet.WebDriverTestExecutionListener, org.springframework.test.context.web.ServletTestExecutionListener, org.springframework.test.context.support.DirtiesContextBeforeModesTestExecutionListener, org.springframework.test.context.support.DependencyInjectionTestExecutionListener, org.springframework.test.context.support.DirtiesContextTestExecutionListener, org.springframework.test.context.transaction.TransactionalTestExecutionListener, org.springframework.test.context.jdbc.SqlScriptsTestExecutionListener, org.springframework.security.test.context.support.WithSecurityContextTestExecutionListener]
10:27:39.944 [main] INFO  o.s.b.t.c.SpringBootTestContextBootstrapper - Using TestExecutionListeners: [org.springframework.test.context.web.ServletTestExecutionListener@197d671, org.springframework.test.context.support.DirtiesContextBeforeModesTestExecutionListener@402e37bc, org.springframework.boot.test.mock.mockito.MockitoTestExecutionListener@79ad8b2f, org.springframework.boot.test.autoconfigure.SpringBootDependencyInjectionTestExecutionListener@1df82230, org.springframework.test.context.support.DirtiesContextTestExecutionListener@22635ba0, org.springframework.test.context.transaction.TransactionalTestExecutionListener@13c10b87, org.springframework.test.context.jdbc.SqlScriptsTestExecutionListener@6a01e23, org.springframework.security.test.context.support.WithSecurityContextTestExecutionListener@5a955565, org.springframework.boot.test.mock.mockito.ResetMocksTestExecutionListener@6293abcc, org.springframework.boot.test.autoconfigure.restdocs.RestDocsTestExecutionListener@7995092a, org.springframework.boot.test.autoconfigure.web.client.MockRestServiceServerResetTestExecutionListener@7fc2413d, org.springframework.boot.test.autoconfigure.web.servlet.MockMvcPrintOnlyOnFailureTestExecutionListener@f8c1ddd, org.springframework.boot.test.autoconfigure.web.servlet.WebDriverTestExecutionListener@70be0a2b]
10:27:40.662 [main] INFO  org.ares.app.StartAppTests - Starting StartAppTests on srv-work with PID 14640 (started by Administrator in D:\java\work\sts_sp\c5g)
10:27:40.662 [main] INFO  org.ares.app.StartAppTests - No active profile set, falling back to default profiles: default
10:27:40.733 [main] INFO  o.s.w.c.s.GenericWebApplicationContext - Refreshing org.springframework.web.context.support.GenericWebApplicationContext@581ac8a8: startup date [Tue Jul 03 10:27:40 CST 2018]; root of context hierarchy
10:27:41.230 [background-preinit] INFO  o.h.validator.internal.util.Version - HV000001: Hibernate Validator 5.3.6.Final
10:27:43.132 [main] INFO  o.s.s.web.DefaultSecurityFilterChain - Creating filter chain: org.springframework.security.web.util.matcher.AnyRequestMatcher@1, [org.springframework.security.web.context.request.async.WebAsyncManagerIntegrationFilter@65a48602, org.springframework.security.web.context.SecurityContextPersistenceFilter@47ffe971, org.springframework.security.web.header.HeaderWriterFilter@68880c21, org.springframework.security.web.csrf.CsrfFilter@3bddc676, org.springframework.security.web.authentication.logout.LogoutFilter@75483843, org.springframework.security.web.authentication.logout.LogoutFilter@70c53dbe, org.jasig.cas.client.session.SingleSignOutFilter@336206d8, org.springframework.security.cas.web.CasAuthenticationFilter@5ec4ff02, org.springframework.security.web.authentication.UsernamePasswordAuthenticationFilter@7903d448, org.springframework.security.web.savedrequest.RequestCacheAwareFilter@14fa92af, org.springframework.security.web.servletapi.SecurityContextHolderAwareRequestFilter@360bc645, org.springframework.security.web.authentication.AnonymousAuthenticationFilter@1f11f64e, org.springframework.security.web.session.SessionManagementFilter@4195105b, org.springframework.security.web.access.ExceptionTranslationFilter@317e9c3c, org.springframework.security.web.access.intercept.FilterSecurityInterceptor@36a6bea6]
10:27:43.481 [main] INFO  o.s.w.s.m.m.a.RequestMappingHandlerAdapter - Looking for @ControllerAdvice: org.springframework.web.context.support.GenericWebApplicationContext@581ac8a8: startup date [Tue Jul 03 10:27:40 CST 2018]; root of context hierarchy
10:27:43.582 [main] INFO  o.s.w.s.m.m.a.RequestMappingHandlerMapping - Mapped "{[/]}" onto public java.lang.String org.ares.app.c5.action.TestAction.index()
10:27:43.582 [main] INFO  o.s.w.s.m.m.a.RequestMappingHandlerMapping - Mapped "{[/security]}" onto public java.lang.String org.ares.app.c5.action.TestAction.security()
10:27:43.582 [main] INFO  o.s.w.s.m.m.a.RequestMappingHandlerMapping - Mapped "{[/hello]}" onto public java.lang.String org.ares.app.c5.action.TestAction.hello()
10:27:43.582 [main] INFO  o.s.w.s.m.m.a.RequestMappingHandlerMapping - Mapped "{[/authorize]}" onto public java.lang.String org.ares.app.c5.action.TestAction.authorize()
10:27:43.582 [main] INFO  o.s.w.s.m.m.a.RequestMappingHandlerMapping - Mapped "{[/error]}" onto public org.springframework.http.ResponseEntity<java.util.Map<java.lang.String, java.lang.Object>> org.springframework.boot.autoconfigure.web.BasicErrorController.error(javax.servlet.http.HttpServletRequest)
10:27:43.582 [main] INFO  o.s.w.s.m.m.a.RequestMappingHandlerMapping - Mapped "{[/error],produces=[text/html]}" onto public org.springframework.web.servlet.ModelAndView org.springframework.boot.autoconfigure.web.BasicErrorController.errorHtml(javax.servlet.http.HttpServletRequest,javax.servlet.http.HttpServletResponse)
10:27:43.613 [main] INFO  o.s.w.s.handler.SimpleUrlHandlerMapping - Mapped URL path [/webjars/**] onto handler of type [class org.springframework.web.servlet.resource.ResourceHttpRequestHandler]
10:27:43.613 [main] INFO  o.s.w.s.handler.SimpleUrlHandlerMapping - Mapped URL path [/**] onto handler of type [class org.springframework.web.servlet.resource.ResourceHttpRequestHandler]
10:27:43.668 [main] INFO  o.s.w.s.handler.SimpleUrlHandlerMapping - Mapped URL path [/**/favicon.ico] onto handler of type [class org.springframework.web.servlet.resource.ResourceHttpRequestHandler]
10:27:43.937 [main] INFO  org.ares.app.StartAppTests - Started StartAppTests in 3.891 seconds (JVM running for 5.668)
10:27:44.493 [Thread-3] INFO  o.s.w.c.s.GenericWebApplicationContext - Closing org.springframework.web.context.support.GenericWebApplicationContext@581ac8a8: startup date [Tue Jul 03 10:27:40 CST 2018]; root of context hierarchy
10:28:51.878 [main] INFO  o.s.b.t.c.SpringBootTestContextBootstrapper - Neither @ContextConfiguration nor @ContextHierarchy found for test class [org.ares.app.StartAppTests], using SpringBootContextLoader
10:28:51.885 [main] INFO  o.s.t.c.support.AbstractContextLoader - Could not detect default resource locations for test class [org.ares.app.StartAppTests]: no resource found for suffixes {-context.xml, Context.groovy}.
10:28:51.886 [main] INFO  o.s.t.c.s.AnnotationConfigContextLoaderUtils - Could not detect default configuration classes for test class [org.ares.app.StartAppTests]: StartAppTests does not declare any static, non-private, non-final, nested classes annotated with @Configuration.
10:28:52.118 [main] INFO  o.s.b.t.c.SpringBootTestContextBootstrapper - Found @SpringBootConfiguration org.ares.app.StartApp for test class org.ares.app.StartAppTests
10:28:52.132 [main] INFO  o.s.b.t.c.SpringBootTestContextBootstrapper - Loaded default TestExecutionListener class names from location [META-INF/spring.factories]: [org.springframework.boot.test.mock.mockito.MockitoTestExecutionListener, org.springframework.boot.test.mock.mockito.ResetMocksTestExecutionListener, org.springframework.boot.test.autoconfigure.restdocs.RestDocsTestExecutionListener, org.springframework.boot.test.autoconfigure.web.client.MockRestServiceServerResetTestExecutionListener, org.springframework.boot.test.autoconfigure.web.servlet.MockMvcPrintOnlyOnFailureTestExecutionListener, org.springframework.boot.test.autoconfigure.web.servlet.WebDriverTestExecutionListener, org.springframework.test.context.web.ServletTestExecutionListener, org.springframework.test.context.support.DirtiesContextBeforeModesTestExecutionListener, org.springframework.test.context.support.DependencyInjectionTestExecutionListener, org.springframework.test.context.support.DirtiesContextTestExecutionListener, org.springframework.test.context.transaction.TransactionalTestExecutionListener, org.springframework.test.context.jdbc.SqlScriptsTestExecutionListener, org.springframework.security.test.context.support.WithSecurityContextTestExecutionListener]
10:28:52.164 [main] INFO  o.s.b.t.c.SpringBootTestContextBootstrapper - Using TestExecutionListeners: [org.springframework.test.context.web.ServletTestExecutionListener@79ad8b2f, org.springframework.test.context.support.DirtiesContextBeforeModesTestExecutionListener@1df82230, org.springframework.boot.test.mock.mockito.MockitoTestExecutionListener@22635ba0, org.springframework.boot.test.autoconfigure.SpringBootDependencyInjectionTestExecutionListener@13c10b87, org.springframework.test.context.support.DirtiesContextTestExecutionListener@6a01e23, org.springframework.test.context.transaction.TransactionalTestExecutionListener@5a955565, org.springframework.test.context.jdbc.SqlScriptsTestExecutionListener@6293abcc, org.springframework.security.test.context.support.WithSecurityContextTestExecutionListener@7995092a, org.springframework.boot.test.mock.mockito.ResetMocksTestExecutionListener@7fc2413d, org.springframework.boot.test.autoconfigure.restdocs.RestDocsTestExecutionListener@f8c1ddd, org.springframework.boot.test.autoconfigure.web.client.MockRestServiceServerResetTestExecutionListener@70be0a2b, org.springframework.boot.test.autoconfigure.web.servlet.MockMvcPrintOnlyOnFailureTestExecutionListener@2133814f, org.springframework.boot.test.autoconfigure.web.servlet.WebDriverTestExecutionListener@4c15e7fd]
10:28:52.632 [main] INFO  org.ares.app.StartAppTests - Starting StartAppTests on srv-work with PID 16376 (started by Administrator in D:\java\work\sts_sp\c5g)
10:28:52.647 [main] INFO  org.ares.app.StartAppTests - No active profile set, falling back to default profiles: default
10:28:52.757 [main] INFO  o.s.w.c.s.GenericWebApplicationContext - Refreshing org.springframework.web.context.support.GenericWebApplicationContext@57d7f8ca: startup date [Tue Jul 03 10:28:52 CST 2018]; root of context hierarchy
10:28:53.317 [background-preinit] INFO  o.h.validator.internal.util.Version - HV000001: Hibernate Validator 5.3.6.Final
10:28:55.398 [main] INFO  o.s.s.web.DefaultSecurityFilterChain - Creating filter chain: org.springframework.security.web.util.matcher.AnyRequestMatcher@1, [org.springframework.security.web.context.request.async.WebAsyncManagerIntegrationFilter@858d8b4, org.springframework.security.web.context.SecurityContextPersistenceFilter@2c7a8af2, org.springframework.security.web.header.HeaderWriterFilter@14fa92af, org.springframework.security.web.csrf.CsrfFilter@2ba5aa7a, org.springframework.security.web.authentication.logout.LogoutFilter@711d1a52, org.springframework.security.web.authentication.logout.LogoutFilter@743e66f7, org.jasig.cas.client.session.SingleSignOutFilter@612e21b9, org.springframework.security.cas.web.CasAuthenticationFilter@302edb74, org.springframework.security.web.authentication.UsernamePasswordAuthenticationFilter@65a48602, org.springframework.security.web.savedrequest.RequestCacheAwareFilter@720bf653, org.springframework.security.web.servletapi.SecurityContextHolderAwareRequestFilter@7342e05d, org.springframework.security.web.authentication.AnonymousAuthenticationFilter@7efd28bd, org.springframework.security.web.session.SessionManagementFilter@339a3670, org.springframework.security.web.access.ExceptionTranslationFilter@6f3e19b3, org.springframework.security.web.access.intercept.FilterSecurityInterceptor@7c36db44]
10:28:55.818 [main] INFO  o.s.w.s.m.m.a.RequestMappingHandlerAdapter - Looking for @ControllerAdvice: org.springframework.web.context.support.GenericWebApplicationContext@57d7f8ca: startup date [Tue Jul 03 10:28:52 CST 2018]; root of context hierarchy
10:28:55.890 [main] INFO  o.s.w.s.m.m.a.RequestMappingHandlerMapping - Mapped "{[/]}" onto public java.lang.String org.ares.app.c5.action.TestAction.index()
10:28:55.890 [main] INFO  o.s.w.s.m.m.a.RequestMappingHandlerMapping - Mapped "{[/security]}" onto public java.lang.String org.ares.app.c5.action.TestAction.security()
10:28:55.890 [main] INFO  o.s.w.s.m.m.a.RequestMappingHandlerMapping - Mapped "{[/hello]}" onto public java.lang.String org.ares.app.c5.action.TestAction.hello()
10:28:55.890 [main] INFO  o.s.w.s.m.m.a.RequestMappingHandlerMapping - Mapped "{[/authorize]}" onto public java.lang.String org.ares.app.c5.action.TestAction.authorize()
10:28:55.890 [main] INFO  o.s.w.s.m.m.a.RequestMappingHandlerMapping - Mapped "{[/error]}" onto public org.springframework.http.ResponseEntity<java.util.Map<java.lang.String, java.lang.Object>> org.springframework.boot.autoconfigure.web.BasicErrorController.error(javax.servlet.http.HttpServletRequest)
10:28:55.890 [main] INFO  o.s.w.s.m.m.a.RequestMappingHandlerMapping - Mapped "{[/error],produces=[text/html]}" onto public org.springframework.web.servlet.ModelAndView org.springframework.boot.autoconfigure.web.BasicErrorController.errorHtml(javax.servlet.http.HttpServletRequest,javax.servlet.http.HttpServletResponse)
10:28:55.905 [main] INFO  o.s.w.s.handler.SimpleUrlHandlerMapping - Mapped URL path [/webjars/**] onto handler of type [class org.springframework.web.servlet.resource.ResourceHttpRequestHandler]
10:28:55.905 [main] INFO  o.s.w.s.handler.SimpleUrlHandlerMapping - Mapped URL path [/**] onto handler of type [class org.springframework.web.servlet.resource.ResourceHttpRequestHandler]
10:28:55.956 [main] INFO  o.s.w.s.handler.SimpleUrlHandlerMapping - Mapped URL path [/**/favicon.ico] onto handler of type [class org.springframework.web.servlet.resource.ResourceHttpRequestHandler]
10:28:56.182 [main] INFO  org.ares.app.StartAppTests - Started StartAppTests in 3.854 seconds (JVM running for 5.594)
10:28:56.606 [Thread-3] INFO  o.s.w.c.s.GenericWebApplicationContext - Closing org.springframework.web.context.support.GenericWebApplicationContext@57d7f8ca: startup date [Tue Jul 03 10:28:52 CST 2018]; root of context hierarchy
10:29:28.195 [main] INFO  o.s.b.t.c.SpringBootTestContextBootstrapper - Neither @ContextConfiguration nor @ContextHierarchy found for test class [org.ares.app.StartAppTests], using SpringBootContextLoader
10:29:28.210 [main] INFO  o.s.t.c.support.AbstractContextLoader - Could not detect default resource locations for test class [org.ares.app.StartAppTests]: no resource found for suffixes {-context.xml, Context.groovy}.
10:29:28.210 [main] INFO  o.s.t.c.s.AnnotationConfigContextLoaderUtils - Could not detect default configuration classes for test class [org.ares.app.StartAppTests]: StartAppTests does not declare any static, non-private, non-final, nested classes annotated with @Configuration.
10:29:28.375 [main] INFO  o.s.b.t.c.SpringBootTestContextBootstrapper - Found @SpringBootConfiguration org.ares.app.StartApp for test class org.ares.app.StartAppTests
10:29:28.391 [main] INFO  o.s.b.t.c.SpringBootTestContextBootstrapper - Loaded default TestExecutionListener class names from location [META-INF/spring.factories]: [org.springframework.boot.test.mock.mockito.MockitoTestExecutionListener, org.springframework.boot.test.mock.mockito.ResetMocksTestExecutionListener, org.springframework.boot.test.autoconfigure.restdocs.RestDocsTestExecutionListener, org.springframework.boot.test.autoconfigure.web.client.MockRestServiceServerResetTestExecutionListener, org.springframework.boot.test.autoconfigure.web.servlet.MockMvcPrintOnlyOnFailureTestExecutionListener, org.springframework.boot.test.autoconfigure.web.servlet.WebDriverTestExecutionListener, org.springframework.test.context.web.ServletTestExecutionListener, org.springframework.test.context.support.DirtiesContextBeforeModesTestExecutionListener, org.springframework.test.context.support.DependencyInjectionTestExecutionListener, org.springframework.test.context.support.DirtiesContextTestExecutionListener, org.springframework.test.context.transaction.TransactionalTestExecutionListener, org.springframework.test.context.jdbc.SqlScriptsTestExecutionListener, org.springframework.security.test.context.support.WithSecurityContextTestExecutionListener]
10:29:28.422 [main] INFO  o.s.b.t.c.SpringBootTestContextBootstrapper - Using TestExecutionListeners: [org.springframework.test.context.web.ServletTestExecutionListener@79ad8b2f, org.springframework.test.context.support.DirtiesContextBeforeModesTestExecutionListener@1df82230, org.springframework.boot.test.mock.mockito.MockitoTestExecutionListener@22635ba0, org.springframework.boot.test.autoconfigure.SpringBootDependencyInjectionTestExecutionListener@13c10b87, org.springframework.test.context.support.DirtiesContextTestExecutionListener@6a01e23, org.springframework.test.context.transaction.TransactionalTestExecutionListener@5a955565, org.springframework.test.context.jdbc.SqlScriptsTestExecutionListener@6293abcc, org.springframework.security.test.context.support.WithSecurityContextTestExecutionListener@7995092a, org.springframework.boot.test.mock.mockito.ResetMocksTestExecutionListener@7fc2413d, org.springframework.boot.test.autoconfigure.restdocs.RestDocsTestExecutionListener@f8c1ddd, org.springframework.boot.test.autoconfigure.web.client.MockRestServiceServerResetTestExecutionListener@70be0a2b, org.springframework.boot.test.autoconfigure.web.servlet.MockMvcPrintOnlyOnFailureTestExecutionListener@2133814f, org.springframework.boot.test.autoconfigure.web.servlet.WebDriverTestExecutionListener@4c15e7fd]
10:29:29.158 [main] INFO  org.ares.app.StartAppTests - Starting StartAppTests on srv-work with PID 12820 (started by Administrator in D:\java\work\sts_sp\c5g)
10:29:29.159 [main] INFO  org.ares.app.StartAppTests - No active profile set, falling back to default profiles: default
10:29:29.224 [main] INFO  o.s.w.c.s.GenericWebApplicationContext - Refreshing org.springframework.web.context.support.GenericWebApplicationContext@57d7f8ca: startup date [Tue Jul 03 10:29:29 CST 2018]; root of context hierarchy
10:29:29.860 [background-preinit] INFO  o.h.validator.internal.util.Version - HV000001: Hibernate Validator 5.3.6.Final
10:29:32.067 [main] INFO  o.s.s.web.DefaultSecurityFilterChain - Creating filter chain: org.springframework.security.web.util.matcher.AnyRequestMatcher@1, [org.springframework.security.web.context.request.async.WebAsyncManagerIntegrationFilter@36a6bea6, org.springframework.security.web.context.SecurityContextPersistenceFilter@3fe46690, org.springframework.security.web.header.HeaderWriterFilter@6a638c79, org.springframework.security.web.csrf.CsrfFilter@7a8406c2, org.springframework.security.web.authentication.logout.LogoutFilter@44e93c1f, org.springframework.security.web.authentication.logout.LogoutFilter@4195105b, org.jasig.cas.client.session.SingleSignOutFilter@42373389, org.springframework.security.cas.web.CasAuthenticationFilter@9b21bd3, org.springframework.security.web.authentication.UsernamePasswordAuthenticationFilter@4ee6291f, org.springframework.security.web.savedrequest.RequestCacheAwareFilter@3b4d50b, org.springframework.security.web.servletapi.SecurityContextHolderAwareRequestFilter@31a3f4de, org.springframework.security.web.authentication.AnonymousAuthenticationFilter@a62c7cd, org.springframework.security.web.session.SessionManagementFilter@44b194fe, org.springframework.security.web.access.ExceptionTranslationFilter@2ba5aa7a, org.springframework.security.web.access.intercept.FilterSecurityInterceptor@1bc49bc5]
10:29:32.516 [main] INFO  o.s.w.s.m.m.a.RequestMappingHandlerAdapter - Looking for @ControllerAdvice: org.springframework.web.context.support.GenericWebApplicationContext@57d7f8ca: startup date [Tue Jul 03 10:29:29 CST 2018]; root of context hierarchy
10:29:32.594 [main] INFO  o.s.w.s.m.m.a.RequestMappingHandlerMapping - Mapped "{[/]}" onto public java.lang.String org.ares.app.c5.action.TestAction.index()
10:29:32.594 [main] INFO  o.s.w.s.m.m.a.RequestMappingHandlerMapping - Mapped "{[/security]}" onto public java.lang.String org.ares.app.c5.action.TestAction.security()
10:29:32.594 [main] INFO  o.s.w.s.m.m.a.RequestMappingHandlerMapping - Mapped "{[/authorize]}" onto public java.lang.String org.ares.app.c5.action.TestAction.authorize()
10:29:32.594 [main] INFO  o.s.w.s.m.m.a.RequestMappingHandlerMapping - Mapped "{[/hello]}" onto public java.lang.String org.ares.app.c5.action.TestAction.hello()
10:29:32.610 [main] INFO  o.s.w.s.m.m.a.RequestMappingHandlerMapping - Mapped "{[/error]}" onto public org.springframework.http.ResponseEntity<java.util.Map<java.lang.String, java.lang.Object>> org.springframework.boot.autoconfigure.web.BasicErrorController.error(javax.servlet.http.HttpServletRequest)
10:29:32.610 [main] INFO  o.s.w.s.m.m.a.RequestMappingHandlerMapping - Mapped "{[/error],produces=[text/html]}" onto public org.springframework.web.servlet.ModelAndView org.springframework.boot.autoconfigure.web.BasicErrorController.errorHtml(javax.servlet.http.HttpServletRequest,javax.servlet.http.HttpServletResponse)
10:29:32.641 [main] INFO  o.s.w.s.handler.SimpleUrlHandlerMapping - Mapped URL path [/webjars/**] onto handler of type [class org.springframework.web.servlet.resource.ResourceHttpRequestHandler]
10:29:32.641 [main] INFO  o.s.w.s.handler.SimpleUrlHandlerMapping - Mapped URL path [/**] onto handler of type [class org.springframework.web.servlet.resource.ResourceHttpRequestHandler]
10:29:32.672 [main] INFO  o.s.w.s.handler.SimpleUrlHandlerMapping - Mapped URL path [/**/favicon.ico] onto handler of type [class org.springframework.web.servlet.resource.ResourceHttpRequestHandler]
10:29:32.983 [main] INFO  org.ares.app.StartAppTests - Started StartAppTests in 4.37 seconds (JVM running for 6.04)
10:29:33.489 [Thread-3] INFO  o.s.w.c.s.GenericWebApplicationContext - Closing org.springframework.web.context.support.GenericWebApplicationContext@57d7f8ca: startup date [Tue Jul 03 10:29:29 CST 2018]; root of context hierarchy
10:36:18.274 [main] INFO  o.s.b.t.c.SpringBootTestContextBootstrapper - Neither @ContextConfiguration nor @ContextHierarchy found for test class [org.ares.app.StartAppTests], using SpringBootContextLoader
10:36:18.289 [main] INFO  o.s.t.c.support.AbstractContextLoader - Could not detect default resource locations for test class [org.ares.app.StartAppTests]: no resource found for suffixes {-context.xml, Context.groovy}.
10:36:18.289 [main] INFO  o.s.t.c.s.AnnotationConfigContextLoaderUtils - Could not detect default configuration classes for test class [org.ares.app.StartAppTests]: StartAppTests does not declare any static, non-private, non-final, nested classes annotated with @Configuration.
10:36:18.493 [main] INFO  o.s.b.t.c.SpringBootTestContextBootstrapper - Found @SpringBootConfiguration org.ares.app.StartApp for test class org.ares.app.StartAppTests
10:36:18.501 [main] INFO  o.s.b.t.c.SpringBootTestContextBootstrapper - Loaded default TestExecutionListener class names from location [META-INF/spring.factories]: [org.springframework.boot.test.mock.mockito.MockitoTestExecutionListener, org.springframework.boot.test.mock.mockito.ResetMocksTestExecutionListener, org.springframework.boot.test.autoconfigure.restdocs.RestDocsTestExecutionListener, org.springframework.boot.test.autoconfigure.web.client.MockRestServiceServerResetTestExecutionListener, org.springframework.boot.test.autoconfigure.web.servlet.MockMvcPrintOnlyOnFailureTestExecutionListener, org.springframework.boot.test.autoconfigure.web.servlet.WebDriverTestExecutionListener, org.springframework.test.context.web.ServletTestExecutionListener, org.springframework.test.context.support.DirtiesContextBeforeModesTestExecutionListener, org.springframework.test.context.support.DependencyInjectionTestExecutionListener, org.springframework.test.context.support.DirtiesContextTestExecutionListener, org.springframework.test.context.transaction.TransactionalTestExecutionListener, org.springframework.test.context.jdbc.SqlScriptsTestExecutionListener, org.springframework.security.test.context.support.WithSecurityContextTestExecutionListener]
10:36:18.548 [main] INFO  o.s.b.t.c.SpringBootTestContextBootstrapper - Using TestExecutionListeners: [org.springframework.test.context.web.ServletTestExecutionListener@79ad8b2f, org.springframework.test.context.support.DirtiesContextBeforeModesTestExecutionListener@1df82230, org.springframework.boot.test.mock.mockito.MockitoTestExecutionListener@22635ba0, org.springframework.boot.test.autoconfigure.SpringBootDependencyInjectionTestExecutionListener@13c10b87, org.springframework.test.context.support.DirtiesContextTestExecutionListener@6a01e23, org.springframework.test.context.transaction.TransactionalTestExecutionListener@5a955565, org.springframework.test.context.jdbc.SqlScriptsTestExecutionListener@6293abcc, org.springframework.security.test.context.support.WithSecurityContextTestExecutionListener@7995092a, org.springframework.boot.test.mock.mockito.ResetMocksTestExecutionListener@7fc2413d, org.springframework.boot.test.autoconfigure.restdocs.RestDocsTestExecutionListener@f8c1ddd, org.springframework.boot.test.autoconfigure.web.client.MockRestServiceServerResetTestExecutionListener@70be0a2b, org.springframework.boot.test.autoconfigure.web.servlet.MockMvcPrintOnlyOnFailureTestExecutionListener@2133814f, org.springframework.boot.test.autoconfigure.web.servlet.WebDriverTestExecutionListener@4c15e7fd]
10:36:19.341 [main] INFO  org.ares.app.StartAppTests - Starting StartAppTests on srv-work with PID 17980 (started by Administrator in D:\java\work\sts_sp\c5g)
10:36:19.342 [main] INFO  org.ares.app.StartAppTests - No active profile set, falling back to default profiles: default
10:36:19.399 [main] INFO  o.s.w.c.s.GenericWebApplicationContext - Refreshing org.springframework.web.context.support.GenericWebApplicationContext@57d7f8ca: startup date [Tue Jul 03 10:36:19 CST 2018]; root of context hierarchy
10:36:19.949 [background-preinit] INFO  o.h.validator.internal.util.Version - HV000001: Hibernate Validator 5.3.6.Final
10:36:21.556 [main] INFO  o.s.s.web.DefaultSecurityFilterChain - Creating filter chain: org.springframework.security.web.util.matcher.AnyRequestMatcher@1, [org.springframework.security.web.context.request.async.WebAsyncManagerIntegrationFilter@65a48602, org.springframework.security.web.context.SecurityContextPersistenceFilter@47ffe971, org.springframework.security.web.header.HeaderWriterFilter@68880c21, org.springframework.security.web.csrf.CsrfFilter@3bddc676, org.springframework.security.web.authentication.logout.LogoutFilter@75483843, org.springframework.security.web.authentication.logout.LogoutFilter@70c53dbe, org.jasig.cas.client.session.SingleSignOutFilter@336206d8, org.springframework.security.cas.web.CasAuthenticationFilter@5ec4ff02, org.springframework.security.web.authentication.UsernamePasswordAuthenticationFilter@7903d448, org.springframework.security.web.savedrequest.RequestCacheAwareFilter@14fa92af, org.springframework.security.web.servletapi.SecurityContextHolderAwareRequestFilter@360bc645, org.springframework.security.web.authentication.AnonymousAuthenticationFilter@1f11f64e, org.springframework.security.web.session.SessionManagementFilter@4195105b, org.springframework.security.web.access.ExceptionTranslationFilter@317e9c3c, org.springframework.security.web.access.intercept.FilterSecurityInterceptor@36a6bea6]
10:36:21.931 [main] INFO  o.s.w.s.m.m.a.RequestMappingHandlerAdapter - Looking for @ControllerAdvice: org.springframework.web.context.support.GenericWebApplicationContext@57d7f8ca: startup date [Tue Jul 03 10:36:19 CST 2018]; root of context hierarchy
10:36:22.004 [main] INFO  o.s.w.s.m.m.a.RequestMappingHandlerMapping - Mapped "{[/]}" onto public java.lang.String org.ares.app.c5.action.TestAction.index()
10:36:22.004 [main] INFO  o.s.w.s.m.m.a.RequestMappingHandlerMapping - Mapped "{[/security]}" onto public java.lang.String org.ares.app.c5.action.TestAction.security()
10:36:22.004 [main] INFO  o.s.w.s.m.m.a.RequestMappingHandlerMapping - Mapped "{[/hello]}" onto public java.lang.String org.ares.app.c5.action.TestAction.hello()
10:36:22.005 [main] INFO  o.s.w.s.m.m.a.RequestMappingHandlerMapping - Mapped "{[/authorize]}" onto public java.lang.String org.ares.app.c5.action.TestAction.authorize()
10:36:22.014 [main] INFO  o.s.w.s.m.m.a.RequestMappingHandlerMapping - Mapped "{[/error]}" onto public org.springframework.http.ResponseEntity<java.util.Map<java.lang.String, java.lang.Object>> org.springframework.boot.autoconfigure.web.BasicErrorController.error(javax.servlet.http.HttpServletRequest)
10:36:22.015 [main] INFO  o.s.w.s.m.m.a.RequestMappingHandlerMapping - Mapped "{[/error],produces=[text/html]}" onto public org.springframework.web.servlet.ModelAndView org.springframework.boot.autoconfigure.web.BasicErrorController.errorHtml(javax.servlet.http.HttpServletRequest,javax.servlet.http.HttpServletResponse)
10:36:22.036 [main] INFO  o.s.w.s.handler.SimpleUrlHandlerMapping - Mapped URL path [/webjars/**] onto handler of type [class org.springframework.web.servlet.resource.ResourceHttpRequestHandler]
10:36:22.036 [main] INFO  o.s.w.s.handler.SimpleUrlHandlerMapping - Mapped URL path [/**] onto handler of type [class org.springframework.web.servlet.resource.ResourceHttpRequestHandler]
10:36:22.068 [main] INFO  o.s.w.s.handler.SimpleUrlHandlerMapping - Mapped URL path [/**/favicon.ico] onto handler of type [class org.springframework.web.servlet.resource.ResourceHttpRequestHandler]
10:36:22.304 [main] INFO  org.ares.app.StartAppTests - Started StartAppTests in 3.506 seconds (JVM running for 5.369)
10:36:22.803 [Thread-3] INFO  o.s.w.c.s.GenericWebApplicationContext - Closing org.springframework.web.context.support.GenericWebApplicationContext@57d7f8ca: startup date [Tue Jul 03 10:36:19 CST 2018]; root of context hierarchy
10:37:08.449 [main] INFO  o.s.b.t.c.SpringBootTestContextBootstrapper - Neither @ContextConfiguration nor @ContextHierarchy found for test class [org.ares.app.StartAppTests], using SpringBootContextLoader
10:37:08.459 [main] INFO  o.s.t.c.support.AbstractContextLoader - Could not detect default resource locations for test class [org.ares.app.StartAppTests]: no resource found for suffixes {-context.xml, Context.groovy}.
10:37:08.459 [main] INFO  o.s.t.c.s.AnnotationConfigContextLoaderUtils - Could not detect default configuration classes for test class [org.ares.app.StartAppTests]: StartAppTests does not declare any static, non-private, non-final, nested classes annotated with @Configuration.
10:37:08.665 [main] INFO  o.s.b.t.c.SpringBootTestContextBootstrapper - Found @SpringBootConfiguration org.ares.app.StartApp for test class org.ares.app.StartAppTests
10:37:08.676 [main] INFO  o.s.b.t.c.SpringBootTestContextBootstrapper - Loaded default TestExecutionListener class names from location [META-INF/spring.factories]: [org.springframework.boot.test.mock.mockito.MockitoTestExecutionListener, org.springframework.boot.test.mock.mockito.ResetMocksTestExecutionListener, org.springframework.boot.test.autoconfigure.restdocs.RestDocsTestExecutionListener, org.springframework.boot.test.autoconfigure.web.client.MockRestServiceServerResetTestExecutionListener, org.springframework.boot.test.autoconfigure.web.servlet.MockMvcPrintOnlyOnFailureTestExecutionListener, org.springframework.boot.test.autoconfigure.web.servlet.WebDriverTestExecutionListener, org.springframework.test.context.web.ServletTestExecutionListener, org.springframework.test.context.support.DirtiesContextBeforeModesTestExecutionListener, org.springframework.test.context.support.DependencyInjectionTestExecutionListener, org.springframework.test.context.support.DirtiesContextTestExecutionListener, org.springframework.test.context.transaction.TransactionalTestExecutionListener, org.springframework.test.context.jdbc.SqlScriptsTestExecutionListener, org.springframework.security.test.context.support.WithSecurityContextTestExecutionListener]
10:37:08.709 [main] INFO  o.s.b.t.c.SpringBootTestContextBootstrapper - Using TestExecutionListeners: [org.springframework.test.context.web.ServletTestExecutionListener@79ad8b2f, org.springframework.test.context.support.DirtiesContextBeforeModesTestExecutionListener@1df82230, org.springframework.boot.test.mock.mockito.MockitoTestExecutionListener@22635ba0, org.springframework.boot.test.autoconfigure.SpringBootDependencyInjectionTestExecutionListener@13c10b87, org.springframework.test.context.support.DirtiesContextTestExecutionListener@6a01e23, org.springframework.test.context.transaction.TransactionalTestExecutionListener@5a955565, org.springframework.test.context.jdbc.SqlScriptsTestExecutionListener@6293abcc, org.springframework.security.test.context.support.WithSecurityContextTestExecutionListener@7995092a, org.springframework.boot.test.mock.mockito.ResetMocksTestExecutionListener@7fc2413d, org.springframework.boot.test.autoconfigure.restdocs.RestDocsTestExecutionListener@f8c1ddd, org.springframework.boot.test.autoconfigure.web.client.MockRestServiceServerResetTestExecutionListener@70be0a2b, org.springframework.boot.test.autoconfigure.web.servlet.MockMvcPrintOnlyOnFailureTestExecutionListener@2133814f, org.springframework.boot.test.autoconfigure.web.servlet.WebDriverTestExecutionListener@4c15e7fd]
10:37:09.291 [main] INFO  org.ares.app.StartAppTests - Starting StartAppTests on srv-work with PID 7140 (started by Administrator in D:\java\work\sts_sp\c5g)
10:37:09.291 [main] INFO  org.ares.app.StartAppTests - No active profile set, falling back to default profiles: default
10:37:09.363 [main] INFO  o.s.w.c.s.GenericWebApplicationContext - Refreshing org.springframework.web.context.support.GenericWebApplicationContext@57d7f8ca: startup date [Tue Jul 03 10:37:09 CST 2018]; root of context hierarchy
10:37:09.857 [background-preinit] INFO  o.h.validator.internal.util.Version - HV000001: Hibernate Validator 5.3.6.Final
10:37:11.631 [main] INFO  o.s.s.web.DefaultSecurityFilterChain - Creating filter chain: org.springframework.security.web.util.matcher.AnyRequestMatcher@1, [org.springframework.security.web.context.request.async.WebAsyncManagerIntegrationFilter@6c008c24, org.springframework.security.web.context.SecurityContextPersistenceFilter@109a2025, org.springframework.security.web.header.HeaderWriterFilter@7342e05d, org.springframework.security.web.csrf.CsrfFilter@7cd4a4d7, org.springframework.security.web.authentication.logout.LogoutFilter@216e0771, org.springframework.security.web.authentication.logout.LogoutFilter@68d651f2, org.jasig.cas.client.session.SingleSignOutFilter@21079a12, org.springframework.security.cas.web.CasAuthenticationFilter@fcc6023, org.springframework.security.web.authentication.UsernamePasswordAuthenticationFilter@312b34e3, org.springframework.security.web.savedrequest.RequestCacheAwareFilter@761956ac, org.springframework.security.web.servletapi.SecurityContextHolderAwareRequestFilter@36cc9385, org.springframework.security.web.authentication.AnonymousAuthenticationFilter@67c5ac52, org.springframework.security.web.session.SessionManagementFilter@15383681, org.springframework.security.web.access.ExceptionTranslationFilter@70c53dbe, org.springframework.security.web.access.intercept.FilterSecurityInterceptor@2b2f5fcf]
10:37:11.980 [main] INFO  o.s.w.s.m.m.a.RequestMappingHandlerAdapter - Looking for @ControllerAdvice: org.springframework.web.context.support.GenericWebApplicationContext@57d7f8ca: startup date [Tue Jul 03 10:37:09 CST 2018]; root of context hierarchy
10:37:12.065 [main] INFO  o.s.w.s.m.m.a.RequestMappingHandlerMapping - Mapped "{[/]}" onto public java.lang.String org.ares.app.c5.action.TestAction.index()
10:37:12.065 [main] INFO  o.s.w.s.m.m.a.RequestMappingHandlerMapping - Mapped "{[/security]}" onto public java.lang.String org.ares.app.c5.action.TestAction.security()
10:37:12.065 [main] INFO  o.s.w.s.m.m.a.RequestMappingHandlerMapping - Mapped "{[/authorize]}" onto public java.lang.String org.ares.app.c5.action.TestAction.authorize()
10:37:12.065 [main] INFO  o.s.w.s.m.m.a.RequestMappingHandlerMapping - Mapped "{[/hello]}" onto public java.lang.String org.ares.app.c5.action.TestAction.hello()
10:37:12.065 [main] INFO  o.s.w.s.m.m.a.RequestMappingHandlerMapping - Mapped "{[/error]}" onto public org.springframework.http.ResponseEntity<java.util.Map<java.lang.String, java.lang.Object>> org.springframework.boot.autoconfigure.web.BasicErrorController.error(javax.servlet.http.HttpServletRequest)
10:37:12.065 [main] INFO  o.s.w.s.m.m.a.RequestMappingHandlerMapping - Mapped "{[/error],produces=[text/html]}" onto public org.springframework.web.servlet.ModelAndView org.springframework.boot.autoconfigure.web.BasicErrorController.errorHtml(javax.servlet.http.HttpServletRequest,javax.servlet.http.HttpServletResponse)
10:37:12.081 [main] INFO  o.s.w.s.handler.SimpleUrlHandlerMapping - Mapped URL path [/webjars/**] onto handler of type [class org.springframework.web.servlet.resource.ResourceHttpRequestHandler]
10:37:12.081 [main] INFO  o.s.w.s.handler.SimpleUrlHandlerMapping - Mapped URL path [/**] onto handler of type [class org.springframework.web.servlet.resource.ResourceHttpRequestHandler]
10:37:12.134 [main] INFO  o.s.w.s.handler.SimpleUrlHandlerMapping - Mapped URL path [/**/favicon.ico] onto handler of type [class org.springframework.web.servlet.resource.ResourceHttpRequestHandler]
10:37:12.361 [main] INFO  org.ares.app.StartAppTests - Started StartAppTests in 3.515 seconds (JVM running for 4.962)
10:37:12.790 [main] INFO  o.s.b.f.xml.XmlBeanDefinitionReader - Loading XML bean definitions from class path resource [org/springframework/jdbc/support/sql-error-codes.xml]
10:37:12.837 [main] INFO  o.s.jdbc.support.SQLErrorCodesFactory - SQLErrorCodes loaded: [DB2, Derby, H2, HDB, HSQL, Informix, MS-SQL, MySQL, Oracle, PostgreSQL, Sybase]
10:37:12.853 [Thread-3] INFO  o.s.w.c.s.GenericWebApplicationContext - Closing org.springframework.web.context.support.GenericWebApplicationContext@57d7f8ca: startup date [Tue Jul 03 10:37:09 CST 2018]; root of context hierarchy
10:37:54.784 [main] INFO  o.s.b.t.c.SpringBootTestContextBootstrapper - Neither @ContextConfiguration nor @ContextHierarchy found for test class [org.ares.app.StartAppTests], using SpringBootContextLoader
10:37:54.799 [main] INFO  o.s.t.c.support.AbstractContextLoader - Could not detect default resource locations for test class [org.ares.app.StartAppTests]: no resource found for suffixes {-context.xml, Context.groovy}.
10:37:54.799 [main] INFO  o.s.t.c.s.AnnotationConfigContextLoaderUtils - Could not detect default configuration classes for test class [org.ares.app.StartAppTests]: StartAppTests does not declare any static, non-private, non-final, nested classes annotated with @Configuration.
10:37:55.055 [main] INFO  o.s.b.t.c.SpringBootTestContextBootstrapper - Found @SpringBootConfiguration org.ares.app.StartApp for test class org.ares.app.StartAppTests
10:37:55.071 [main] INFO  o.s.b.t.c.SpringBootTestContextBootstrapper - Loaded default TestExecutionListener class names from location [META-INF/spring.factories]: [org.springframework.boot.test.mock.mockito.MockitoTestExecutionListener, org.springframework.boot.test.mock.mockito.ResetMocksTestExecutionListener, org.springframework.boot.test.autoconfigure.restdocs.RestDocsTestExecutionListener, org.springframework.boot.test.autoconfigure.web.client.MockRestServiceServerResetTestExecutionListener, org.springframework.boot.test.autoconfigure.web.servlet.MockMvcPrintOnlyOnFailureTestExecutionListener, org.springframework.boot.test.autoconfigure.web.servlet.WebDriverTestExecutionListener, org.springframework.test.context.web.ServletTestExecutionListener, org.springframework.test.context.support.DirtiesContextBeforeModesTestExecutionListener, org.springframework.test.context.support.DependencyInjectionTestExecutionListener, org.springframework.test.context.support.DirtiesContextTestExecutionListener, org.springframework.test.context.transaction.TransactionalTestExecutionListener, org.springframework.test.context.jdbc.SqlScriptsTestExecutionListener, org.springframework.security.test.context.support.WithSecurityContextTestExecutionListener]
10:37:55.133 [main] INFO  o.s.b.t.c.SpringBootTestContextBootstrapper - Using TestExecutionListeners: [org.springframework.test.context.web.ServletTestExecutionListener@79ad8b2f, org.springframework.test.context.support.DirtiesContextBeforeModesTestExecutionListener@1df82230, org.springframework.boot.test.mock.mockito.MockitoTestExecutionListener@22635ba0, org.springframework.boot.test.autoconfigure.SpringBootDependencyInjectionTestExecutionListener@13c10b87, org.springframework.test.context.support.DirtiesContextTestExecutionListener@6a01e23, org.springframework.test.context.transaction.TransactionalTestExecutionListener@5a955565, org.springframework.test.context.jdbc.SqlScriptsTestExecutionListener@6293abcc, org.springframework.security.test.context.support.WithSecurityContextTestExecutionListener@7995092a, org.springframework.boot.test.mock.mockito.ResetMocksTestExecutionListener@7fc2413d, org.springframework.boot.test.autoconfigure.restdocs.RestDocsTestExecutionListener@f8c1ddd, org.springframework.boot.test.autoconfigure.web.client.MockRestServiceServerResetTestExecutionListener@70be0a2b, org.springframework.boot.test.autoconfigure.web.servlet.MockMvcPrintOnlyOnFailureTestExecutionListener@2133814f, org.springframework.boot.test.autoconfigure.web.servlet.WebDriverTestExecutionListener@4c15e7fd]
10:37:55.786 [main] INFO  org.ares.app.StartAppTests - Starting StartAppTests on srv-work with PID 16892 (started by Administrator in D:\java\work\sts_sp\c5g)
10:37:55.786 [main] INFO  org.ares.app.StartAppTests - No active profile set, falling back to default profiles: default
10:37:55.864 [main] INFO  o.s.w.c.s.GenericWebApplicationContext - Refreshing org.springframework.web.context.support.GenericWebApplicationContext@57d7f8ca: startup date [Tue Jul 03 10:37:55 CST 2018]; root of context hierarchy
10:37:56.348 [background-preinit] INFO  o.h.validator.internal.util.Version - HV000001: Hibernate Validator 5.3.6.Final
10:37:58.097 [main] INFO  o.s.s.web.DefaultSecurityFilterChain - Creating filter chain: org.springframework.security.web.util.matcher.AnyRequestMatcher@1, [org.springframework.security.web.context.request.async.WebAsyncManagerIntegrationFilter@6c008c24, org.springframework.security.web.context.SecurityContextPersistenceFilter@109a2025, org.springframework.security.web.header.HeaderWriterFilter@7342e05d, org.springframework.security.web.csrf.CsrfFilter@7cd4a4d7, org.springframework.security.web.authentication.logout.LogoutFilter@216e0771, org.springframework.security.web.authentication.logout.LogoutFilter@68d651f2, org.jasig.cas.client.session.SingleSignOutFilter@21079a12, org.springframework.security.cas.web.CasAuthenticationFilter@fcc6023, org.springframework.security.web.authentication.UsernamePasswordAuthenticationFilter@312b34e3, org.springframework.security.web.savedrequest.RequestCacheAwareFilter@761956ac, org.springframework.security.web.servletapi.SecurityContextHolderAwareRequestFilter@36cc9385, org.springframework.security.web.authentication.AnonymousAuthenticationFilter@67c5ac52, org.springframework.security.web.session.SessionManagementFilter@15383681, org.springframework.security.web.access.ExceptionTranslationFilter@70c53dbe, org.springframework.security.web.access.intercept.FilterSecurityInterceptor@2b2f5fcf]
10:37:58.487 [main] INFO  o.s.w.s.m.m.a.RequestMappingHandlerAdapter - Looking for @ControllerAdvice: org.springframework.web.context.support.GenericWebApplicationContext@57d7f8ca: startup date [Tue Jul 03 10:37:55 CST 2018]; root of context hierarchy
10:37:58.547 [main] INFO  o.s.w.s.m.m.a.RequestMappingHandlerMapping - Mapped "{[/]}" onto public java.lang.String org.ares.app.c5.action.TestAction.index()
10:37:58.548 [main] INFO  o.s.w.s.m.m.a.RequestMappingHandlerMapping - Mapped "{[/security]}" onto public java.lang.String org.ares.app.c5.action.TestAction.security()
10:37:58.548 [main] INFO  o.s.w.s.m.m.a.RequestMappingHandlerMapping - Mapped "{[/authorize]}" onto public java.lang.String org.ares.app.c5.action.TestAction.authorize()
10:37:58.548 [main] INFO  o.s.w.s.m.m.a.RequestMappingHandlerMapping - Mapped "{[/hello]}" onto public java.lang.String org.ares.app.c5.action.TestAction.hello()
10:37:58.550 [main] INFO  o.s.w.s.m.m.a.RequestMappingHandlerMapping - Mapped "{[/error]}" onto public org.springframework.http.ResponseEntity<java.util.Map<java.lang.String, java.lang.Object>> org.springframework.boot.autoconfigure.web.BasicErrorController.error(javax.servlet.http.HttpServletRequest)
10:37:58.551 [main] INFO  o.s.w.s.m.m.a.RequestMappingHandlerMapping - Mapped "{[/error],produces=[text/html]}" onto public org.springframework.web.servlet.ModelAndView org.springframework.boot.autoconfigure.web.BasicErrorController.errorHtml(javax.servlet.http.HttpServletRequest,javax.servlet.http.HttpServletResponse)
10:37:58.579 [main] INFO  o.s.w.s.handler.SimpleUrlHandlerMapping - Mapped URL path [/webjars/**] onto handler of type [class org.springframework.web.servlet.resource.ResourceHttpRequestHandler]
10:37:58.579 [main] INFO  o.s.w.s.handler.SimpleUrlHandlerMapping - Mapped URL path [/**] onto handler of type [class org.springframework.web.servlet.resource.ResourceHttpRequestHandler]
10:37:58.610 [main] INFO  o.s.w.s.handler.SimpleUrlHandlerMapping - Mapped URL path [/**/favicon.ico] onto handler of type [class org.springframework.web.servlet.resource.ResourceHttpRequestHandler]
10:37:58.832 [main] INFO  org.ares.app.StartAppTests - Started StartAppTests in 3.465 seconds (JVM running for 5.348)
10:37:59.297 [Thread-3] INFO  o.s.w.c.s.GenericWebApplicationContext - Closing org.springframework.web.context.support.GenericWebApplicationContext@57d7f8ca: startup date [Tue Jul 03 10:37:55 CST 2018]; root of context hierarchy
14:29:33.680 [main] INFO  o.s.b.t.c.SpringBootTestContextBootstrapper - Neither @ContextConfiguration nor @ContextHierarchy found for test class [org.ares.app.StartAppTests], using SpringBootContextLoader
14:29:33.702 [main] INFO  o.s.t.c.support.AbstractContextLoader - Could not detect default resource locations for test class [org.ares.app.StartAppTests]: no resource found for suffixes {-context.xml, Context.groovy}.
14:29:33.705 [main] INFO  o.s.t.c.s.AnnotationConfigContextLoaderUtils - Could not detect default configuration classes for test class [org.ares.app.StartAppTests]: StartAppTests does not declare any static, non-private, non-final, nested classes annotated with @Configuration.
14:29:34.034 [main] INFO  o.s.b.t.c.SpringBootTestContextBootstrapper - Found @SpringBootConfiguration org.ares.app.StartApp for test class org.ares.app.StartAppTests
14:29:34.048 [main] INFO  o.s.b.t.c.SpringBootTestContextBootstrapper - Loaded default TestExecutionListener class names from location [META-INF/spring.factories]: [org.springframework.boot.test.mock.mockito.MockitoTestExecutionListener, org.springframework.boot.test.mock.mockito.ResetMocksTestExecutionListener, org.springframework.boot.test.autoconfigure.restdocs.RestDocsTestExecutionListener, org.springframework.boot.test.autoconfigure.web.client.MockRestServiceServerResetTestExecutionListener, org.springframework.boot.test.autoconfigure.web.servlet.MockMvcPrintOnlyOnFailureTestExecutionListener, org.springframework.boot.test.autoconfigure.web.servlet.WebDriverTestExecutionListener, org.springframework.test.context.web.ServletTestExecutionListener, org.springframework.test.context.support.DirtiesContextBeforeModesTestExecutionListener, org.springframework.test.context.support.DependencyInjectionTestExecutionListener, org.springframework.test.context.support.DirtiesContextTestExecutionListener, org.springframework.test.context.transaction.TransactionalTestExecutionListener, org.springframework.test.context.jdbc.SqlScriptsTestExecutionListener, org.springframework.security.test.context.support.WithSecurityContextTestExecutionListener]
14:29:34.080 [main] INFO  o.s.b.t.c.SpringBootTestContextBootstrapper - Using TestExecutionListeners: [org.springframework.test.context.web.ServletTestExecutionListener@79ad8b2f, org.springframework.test.context.support.DirtiesContextBeforeModesTestExecutionListener@1df82230, org.springframework.boot.test.mock.mockito.MockitoTestExecutionListener@22635ba0, org.springframework.boot.test.autoconfigure.SpringBootDependencyInjectionTestExecutionListener@13c10b87, org.springframework.test.context.support.DirtiesContextTestExecutionListener@6a01e23, org.springframework.test.context.transaction.TransactionalTestExecutionListener@5a955565, org.springframework.test.context.jdbc.SqlScriptsTestExecutionListener@6293abcc, org.springframework.security.test.context.support.WithSecurityContextTestExecutionListener@7995092a, org.springframework.boot.test.mock.mockito.ResetMocksTestExecutionListener@7fc2413d, org.springframework.boot.test.autoconfigure.restdocs.RestDocsTestExecutionListener@f8c1ddd, org.springframework.boot.test.autoconfigure.web.client.MockRestServiceServerResetTestExecutionListener@70be0a2b, org.springframework.boot.test.autoconfigure.web.servlet.MockMvcPrintOnlyOnFailureTestExecutionListener@2133814f, org.springframework.boot.test.autoconfigure.web.servlet.WebDriverTestExecutionListener@4c15e7fd]
14:29:34.659 [main] INFO  org.ares.app.StartAppTests - Starting StartAppTests on srv-work with PID 11560 (started by Administrator in D:\java\work\sts_sp\c5g)
14:29:34.660 [main] INFO  org.ares.app.StartAppTests - No active profile set, falling back to default profiles: default
14:29:34.731 [main] INFO  o.s.w.c.s.GenericWebApplicationContext - Refreshing org.springframework.web.context.support.GenericWebApplicationContext@57d7f8ca: startup date [Tue Jul 03 14:29:34 CST 2018]; root of context hierarchy
14:29:35.417 [background-preinit] INFO  o.h.validator.internal.util.Version - HV000001: Hibernate Validator 5.3.6.Final
14:29:37.391 [main] INFO  o.s.s.web.DefaultSecurityFilterChain - Creating filter chain: org.springframework.security.web.util.matcher.AnyRequestMatcher@1, [org.springframework.security.web.context.request.async.WebAsyncManagerIntegrationFilter@6c008c24, org.springframework.security.web.context.SecurityContextPersistenceFilter@109a2025, org.springframework.security.web.header.HeaderWriterFilter@7342e05d, org.springframework.security.web.csrf.CsrfFilter@7cd4a4d7, org.springframework.security.web.authentication.logout.LogoutFilter@216e0771, org.springframework.security.web.authentication.logout.LogoutFilter@68d651f2, org.jasig.cas.client.session.SingleSignOutFilter@21079a12, org.springframework.security.cas.web.CasAuthenticationFilter@fcc6023, org.springframework.security.web.authentication.UsernamePasswordAuthenticationFilter@312b34e3, org.springframework.security.web.savedrequest.RequestCacheAwareFilter@761956ac, org.springframework.security.web.servletapi.SecurityContextHolderAwareRequestFilter@36cc9385, org.springframework.security.web.authentication.AnonymousAuthenticationFilter@67c5ac52, org.springframework.security.web.session.SessionManagementFilter@15383681, org.springframework.security.web.access.ExceptionTranslationFilter@70c53dbe, org.springframework.security.web.access.intercept.FilterSecurityInterceptor@2b2f5fcf]
14:29:37.768 [main] INFO  o.s.w.s.m.m.a.RequestMappingHandlerAdapter - Looking for @ControllerAdvice: org.springframework.web.context.support.GenericWebApplicationContext@57d7f8ca: startup date [Tue Jul 03 14:29:34 CST 2018]; root of context hierarchy
14:29:37.859 [main] INFO  o.s.w.s.m.m.a.RequestMappingHandlerMapping - Mapped "{[/]}" onto public java.lang.String org.ares.app.c5.action.TestAction.index()
14:29:37.860 [main] INFO  o.s.w.s.m.m.a.RequestMappingHandlerMapping - Mapped "{[/security]}" onto public java.lang.String org.ares.app.c5.action.TestAction.security()
14:29:37.860 [main] INFO  o.s.w.s.m.m.a.RequestMappingHandlerMapping - Mapped "{[/authorize]}" onto public java.lang.String org.ares.app.c5.action.TestAction.authorize()
14:29:37.860 [main] INFO  o.s.w.s.m.m.a.RequestMappingHandlerMapping - Mapped "{[/hello]}" onto public java.lang.String org.ares.app.c5.action.TestAction.hello()
14:29:37.862 [main] INFO  o.s.w.s.m.m.a.RequestMappingHandlerMapping - Mapped "{[/error]}" onto public org.springframework.http.ResponseEntity<java.util.Map<java.lang.String, java.lang.Object>> org.springframework.boot.autoconfigure.web.BasicErrorController.error(javax.servlet.http.HttpServletRequest)
14:29:37.862 [main] INFO  o.s.w.s.m.m.a.RequestMappingHandlerMapping - Mapped "{[/error],produces=[text/html]}" onto public org.springframework.web.servlet.ModelAndView org.springframework.boot.autoconfigure.web.BasicErrorController.errorHtml(javax.servlet.http.HttpServletRequest,javax.servlet.http.HttpServletResponse)
14:29:37.890 [main] INFO  o.s.w.s.handler.SimpleUrlHandlerMapping - Mapped URL path [/webjars/**] onto handler of type [class org.springframework.web.servlet.resource.ResourceHttpRequestHandler]
14:29:37.890 [main] INFO  o.s.w.s.handler.SimpleUrlHandlerMapping - Mapped URL path [/**] onto handler of type [class org.springframework.web.servlet.resource.ResourceHttpRequestHandler]
14:29:37.936 [main] INFO  o.s.w.s.handler.SimpleUrlHandlerMapping - Mapped URL path [/**/favicon.ico] onto handler of type [class org.springframework.web.servlet.resource.ResourceHttpRequestHandler]
14:29:38.217 [main] INFO  org.ares.app.StartAppTests - Started StartAppTests in 3.988 seconds (JVM running for 6.078)
14:29:38.765 [Thread-3] INFO  o.s.w.c.s.GenericWebApplicationContext - Closing org.springframework.web.context.support.GenericWebApplicationContext@57d7f8ca: startup date [Tue Jul 03 14:29:34 CST 2018]; root of context hierarchy
14:32:56.416 [main] INFO  o.s.b.t.c.SpringBootTestContextBootstrapper - Neither @ContextConfiguration nor @ContextHierarchy found for test class [org.ares.app.StartAppTests], using SpringBootContextLoader
14:32:56.475 [main] INFO  o.s.t.c.support.AbstractContextLoader - Could not detect default resource locations for test class [org.ares.app.StartAppTests]: no resource found for suffixes {-context.xml, Context.groovy}.
14:32:56.477 [main] INFO  o.s.t.c.s.AnnotationConfigContextLoaderUtils - Could not detect default configuration classes for test class [org.ares.app.StartAppTests]: StartAppTests does not declare any static, non-private, non-final, nested classes annotated with @Configuration.
14:32:56.793 [main] INFO  o.s.b.t.c.SpringBootTestContextBootstrapper - Found @SpringBootConfiguration org.ares.app.StartApp for test class org.ares.app.StartAppTests
14:32:56.810 [main] INFO  o.s.b.t.c.SpringBootTestContextBootstrapper - Loaded default TestExecutionListener class names from location [META-INF/spring.factories]: [org.springframework.boot.test.mock.mockito.MockitoTestExecutionListener, org.springframework.boot.test.mock.mockito.ResetMocksTestExecutionListener, org.springframework.boot.test.autoconfigure.restdocs.RestDocsTestExecutionListener, org.springframework.boot.test.autoconfigure.web.client.MockRestServiceServerResetTestExecutionListener, org.springframework.boot.test.autoconfigure.web.servlet.MockMvcPrintOnlyOnFailureTestExecutionListener, org.springframework.boot.test.autoconfigure.web.servlet.WebDriverTestExecutionListener, org.springframework.test.context.web.ServletTestExecutionListener, org.springframework.test.context.support.DirtiesContextBeforeModesTestExecutionListener, org.springframework.test.context.support.DependencyInjectionTestExecutionListener, org.springframework.test.context.support.DirtiesContextTestExecutionListener, org.springframework.test.context.transaction.TransactionalTestExecutionListener, org.springframework.test.context.jdbc.SqlScriptsTestExecutionListener, org.springframework.security.test.context.support.WithSecurityContextTestExecutionListener]
14:32:56.857 [main] INFO  o.s.b.t.c.SpringBootTestContextBootstrapper - Using TestExecutionListeners: [org.springframework.test.context.web.ServletTestExecutionListener@79ad8b2f, org.springframework.test.context.support.DirtiesContextBeforeModesTestExecutionListener@1df82230, org.springframework.boot.test.mock.mockito.MockitoTestExecutionListener@22635ba0, org.springframework.boot.test.autoconfigure.SpringBootDependencyInjectionTestExecutionListener@13c10b87, org.springframework.test.context.support.DirtiesContextTestExecutionListener@6a01e23, org.springframework.test.context.transaction.TransactionalTestExecutionListener@5a955565, org.springframework.test.context.jdbc.SqlScriptsTestExecutionListener@6293abcc, org.springframework.security.test.context.support.WithSecurityContextTestExecutionListener@7995092a, org.springframework.boot.test.mock.mockito.ResetMocksTestExecutionListener@7fc2413d, org.springframework.boot.test.autoconfigure.restdocs.RestDocsTestExecutionListener@f8c1ddd, org.springframework.boot.test.autoconfigure.web.client.MockRestServiceServerResetTestExecutionListener@70be0a2b, org.springframework.boot.test.autoconfigure.web.servlet.MockMvcPrintOnlyOnFailureTestExecutionListener@2133814f, org.springframework.boot.test.autoconfigure.web.servlet.WebDriverTestExecutionListener@4c15e7fd]
14:32:57.463 [main] INFO  org.ares.app.StartAppTests - Starting StartAppTests on srv-work with PID 18352 (started by Administrator in D:\java\work\sts_sp\c5g)
14:32:57.464 [main] INFO  org.ares.app.StartAppTests - No active profile set, falling back to default profiles: default
14:32:57.533 [main] INFO  o.s.w.c.s.GenericWebApplicationContext - Refreshing org.springframework.web.context.support.GenericWebApplicationContext@57d7f8ca: startup date [Tue Jul 03 14:32:57 CST 2018]; root of context hierarchy
14:32:57.943 [background-preinit] INFO  o.h.validator.internal.util.Version - HV000001: Hibernate Validator 5.3.6.Final
14:32:59.559 [main] INFO  o.s.s.web.DefaultSecurityFilterChain - Creating filter chain: org.springframework.security.web.util.matcher.AnyRequestMatcher@1, [org.springframework.security.web.context.request.async.WebAsyncManagerIntegrationFilter@858d8b4, org.springframework.security.web.context.SecurityContextPersistenceFilter@2c7a8af2, org.springframework.security.web.header.HeaderWriterFilter@14fa92af, org.springframework.security.web.csrf.CsrfFilter@2ba5aa7a, org.springframework.security.web.authentication.logout.LogoutFilter@711d1a52, org.springframework.security.web.authentication.logout.LogoutFilter@743e66f7, org.jasig.cas.client.session.SingleSignOutFilter@612e21b9, org.springframework.security.cas.web.CasAuthenticationFilter@302edb74, org.springframework.security.web.authentication.UsernamePasswordAuthenticationFilter@65a48602, org.springframework.security.web.savedrequest.RequestCacheAwareFilter@720bf653, org.springframework.security.web.servletapi.SecurityContextHolderAwareRequestFilter@7342e05d, org.springframework.security.web.authentication.AnonymousAuthenticationFilter@7efd28bd, org.springframework.security.web.session.SessionManagementFilter@339a3670, org.springframework.security.web.access.ExceptionTranslationFilter@6f3e19b3, org.springframework.security.web.access.intercept.FilterSecurityInterceptor@7c36db44]
14:32:59.963 [main] INFO  o.s.w.s.m.m.a.RequestMappingHandlerAdapter - Looking for @ControllerAdvice: org.springframework.web.context.support.GenericWebApplicationContext@57d7f8ca: startup date [Tue Jul 03 14:32:57 CST 2018]; root of context hierarchy
14:33:00.037 [main] INFO  o.s.w.s.m.m.a.RequestMappingHandlerMapping - Mapped "{[/]}" onto public java.lang.String org.ares.app.c5.action.TestAction.index()
14:33:00.038 [main] INFO  o.s.w.s.m.m.a.RequestMappingHandlerMapping - Mapped "{[/security]}" onto public java.lang.String org.ares.app.c5.action.TestAction.security()
14:33:00.038 [main] INFO  o.s.w.s.m.m.a.RequestMappingHandlerMapping - Mapped "{[/hello]}" onto public java.lang.String org.ares.app.c5.action.TestAction.hello()
14:33:00.038 [main] INFO  o.s.w.s.m.m.a.RequestMappingHandlerMapping - Mapped "{[/authorize]}" onto public java.lang.String org.ares.app.c5.action.TestAction.authorize()
14:33:00.043 [main] INFO  o.s.w.s.m.m.a.RequestMappingHandlerMapping - Mapped "{[/error]}" onto public org.springframework.http.ResponseEntity<java.util.Map<java.lang.String, java.lang.Object>> org.springframework.boot.autoconfigure.web.BasicErrorController.error(javax.servlet.http.HttpServletRequest)
14:33:00.044 [main] INFO  o.s.w.s.m.m.a.RequestMappingHandlerMapping - Mapped "{[/error],produces=[text/html]}" onto public org.springframework.web.servlet.ModelAndView org.springframework.boot.autoconfigure.web.BasicErrorController.errorHtml(javax.servlet.http.HttpServletRequest,javax.servlet.http.HttpServletResponse)
14:33:00.067 [main] INFO  o.s.w.s.handler.SimpleUrlHandlerMapping - Mapped URL path [/webjars/**] onto handler of type [class org.springframework.web.servlet.resource.ResourceHttpRequestHandler]
14:33:00.067 [main] INFO  o.s.w.s.handler.SimpleUrlHandlerMapping - Mapped URL path [/**] onto handler of type [class org.springframework.web.servlet.resource.ResourceHttpRequestHandler]
14:33:00.112 [main] INFO  o.s.w.s.handler.SimpleUrlHandlerMapping - Mapped URL path [/**/favicon.ico] onto handler of type [class org.springframework.web.servlet.resource.ResourceHttpRequestHandler]
14:33:00.346 [main] INFO  org.ares.app.StartAppTests - Started StartAppTests in 3.297 seconds (JVM running for 5.466)
14:33:00.921 [Thread-3] INFO  o.s.w.c.s.GenericWebApplicationContext - Closing org.springframework.web.context.support.GenericWebApplicationContext@57d7f8ca: startup date [Tue Jul 03 14:32:57 CST 2018]; root of context hierarchy
14:56:37.832 [main] INFO  o.s.b.t.c.SpringBootTestContextBootstrapper - Neither @ContextConfiguration nor @ContextHierarchy found for test class [org.ares.app.StartAppTests], using SpringBootContextLoader
14:56:37.847 [main] INFO  o.s.t.c.support.AbstractContextLoader - Could not detect default resource locations for test class [org.ares.app.StartAppTests]: no resource found for suffixes {-context.xml, Context.groovy}.
14:56:37.847 [main] INFO  o.s.t.c.s.AnnotationConfigContextLoaderUtils - Could not detect default configuration classes for test class [org.ares.app.StartAppTests]: StartAppTests does not declare any static, non-private, non-final, nested classes annotated with @Configuration.
14:56:38.080 [main] INFO  o.s.b.t.c.SpringBootTestContextBootstrapper - Found @SpringBootConfiguration org.ares.app.StartApp for test class org.ares.app.StartAppTests
14:56:38.095 [main] INFO  o.s.b.t.c.SpringBootTestContextBootstrapper - Loaded default TestExecutionListener class names from location [META-INF/spring.factories]: [org.springframework.boot.test.mock.mockito.MockitoTestExecutionListener, org.springframework.boot.test.mock.mockito.ResetMocksTestExecutionListener, org.springframework.boot.test.autoconfigure.restdocs.RestDocsTestExecutionListener, org.springframework.boot.test.autoconfigure.web.client.MockRestServiceServerResetTestExecutionListener, org.springframework.boot.test.autoconfigure.web.servlet.MockMvcPrintOnlyOnFailureTestExecutionListener, org.springframework.boot.test.autoconfigure.web.servlet.WebDriverTestExecutionListener, org.springframework.test.context.web.ServletTestExecutionListener, org.springframework.test.context.support.DirtiesContextBeforeModesTestExecutionListener, org.springframework.test.context.support.DependencyInjectionTestExecutionListener, org.springframework.test.context.support.DirtiesContextTestExecutionListener, org.springframework.test.context.transaction.TransactionalTestExecutionListener, org.springframework.test.context.jdbc.SqlScriptsTestExecutionListener, org.springframework.security.test.context.support.WithSecurityContextTestExecutionListener]
14:56:38.127 [main] INFO  o.s.b.t.c.SpringBootTestContextBootstrapper - Using TestExecutionListeners: [org.springframework.test.context.web.ServletTestExecutionListener@79ad8b2f, org.springframework.test.context.support.DirtiesContextBeforeModesTestExecutionListener@1df82230, org.springframework.boot.test.mock.mockito.MockitoTestExecutionListener@22635ba0, org.springframework.boot.test.autoconfigure.SpringBootDependencyInjectionTestExecutionListener@13c10b87, org.springframework.test.context.support.DirtiesContextTestExecutionListener@6a01e23, org.springframework.test.context.transaction.TransactionalTestExecutionListener@5a955565, org.springframework.test.context.jdbc.SqlScriptsTestExecutionListener@6293abcc, org.springframework.security.test.context.support.WithSecurityContextTestExecutionListener@7995092a, org.springframework.boot.test.mock.mockito.ResetMocksTestExecutionListener@7fc2413d, org.springframework.boot.test.autoconfigure.restdocs.RestDocsTestExecutionListener@f8c1ddd, org.springframework.boot.test.autoconfigure.web.client.MockRestServiceServerResetTestExecutionListener@70be0a2b, org.springframework.boot.test.autoconfigure.web.servlet.MockMvcPrintOnlyOnFailureTestExecutionListener@2133814f, org.springframework.boot.test.autoconfigure.web.servlet.WebDriverTestExecutionListener@4c15e7fd]
14:56:38.968 [main] INFO  org.ares.app.StartAppTests - Starting StartAppTests on srv-work with PID 6568 (started by Administrator in D:\java\work\sts_sp\c5g)
14:56:38.969 [main] INFO  org.ares.app.StartAppTests - No active profile set, falling back to default profiles: default
14:56:39.055 [main] INFO  o.s.w.c.s.GenericWebApplicationContext - Refreshing org.springframework.web.context.support.GenericWebApplicationContext@57d7f8ca: startup date [Tue Jul 03 14:56:39 CST 2018]; root of context hierarchy
14:56:39.532 [background-preinit] INFO  o.h.validator.internal.util.Version - HV000001: Hibernate Validator 5.3.6.Final
14:56:41.343 [main] INFO  o.s.s.web.DefaultSecurityFilterChain - Creating filter chain: org.springframework.security.web.util.matcher.AnyRequestMatcher@1, [org.springframework.security.web.context.request.async.WebAsyncManagerIntegrationFilter@6c008c24, org.springframework.security.web.context.SecurityContextPersistenceFilter@109a2025, org.springframework.security.web.header.HeaderWriterFilter@7342e05d, org.springframework.security.web.csrf.CsrfFilter@7cd4a4d7, org.springframework.security.web.authentication.logout.LogoutFilter@216e0771, org.springframework.security.web.authentication.logout.LogoutFilter@68d651f2, org.jasig.cas.client.session.SingleSignOutFilter@21079a12, org.springframework.security.cas.web.CasAuthenticationFilter@fcc6023, org.springframework.security.web.authentication.UsernamePasswordAuthenticationFilter@312b34e3, org.springframework.security.web.savedrequest.RequestCacheAwareFilter@761956ac, org.springframework.security.web.servletapi.SecurityContextHolderAwareRequestFilter@36cc9385, org.springframework.security.web.authentication.AnonymousAuthenticationFilter@67c5ac52, org.springframework.security.web.session.SessionManagementFilter@15383681, org.springframework.security.web.access.ExceptionTranslationFilter@70c53dbe, org.springframework.security.web.access.intercept.FilterSecurityInterceptor@2b2f5fcf]
14:56:41.719 [main] INFO  o.s.w.s.m.m.a.RequestMappingHandlerAdapter - Looking for @ControllerAdvice: org.springframework.web.context.support.GenericWebApplicationContext@57d7f8ca: startup date [Tue Jul 03 14:56:39 CST 2018]; root of context hierarchy
14:56:41.781 [main] INFO  o.s.w.s.m.m.a.RequestMappingHandlerMapping - Mapped "{[/]}" onto public java.lang.String org.ares.app.c5.action.TestAction.index()
14:56:41.781 [main] INFO  o.s.w.s.m.m.a.RequestMappingHandlerMapping - Mapped "{[/security]}" onto public java.lang.String org.ares.app.c5.action.TestAction.security()
14:56:41.781 [main] INFO  o.s.w.s.m.m.a.RequestMappingHandlerMapping - Mapped "{[/hello]}" onto public java.lang.String org.ares.app.c5.action.TestAction.hello()
14:56:41.781 [main] INFO  o.s.w.s.m.m.a.RequestMappingHandlerMapping - Mapped "{[/authorize]}" onto public java.lang.String org.ares.app.c5.action.TestAction.authorize()
14:56:41.781 [main] INFO  o.s.w.s.m.m.a.RequestMappingHandlerMapping - Mapped "{[/error]}" onto public org.springframework.http.ResponseEntity<java.util.Map<java.lang.String, java.lang.Object>> org.springframework.boot.autoconfigure.web.BasicErrorController.error(javax.servlet.http.HttpServletRequest)
14:56:41.781 [main] INFO  o.s.w.s.m.m.a.RequestMappingHandlerMapping - Mapped "{[/error],produces=[text/html]}" onto public org.springframework.web.servlet.ModelAndView org.springframework.boot.autoconfigure.web.BasicErrorController.errorHtml(javax.servlet.http.HttpServletRequest,javax.servlet.http.HttpServletResponse)
14:56:41.812 [main] INFO  o.s.w.s.handler.SimpleUrlHandlerMapping - Mapped URL path [/webjars/**] onto handler of type [class org.springframework.web.servlet.resource.ResourceHttpRequestHandler]
14:56:41.812 [main] INFO  o.s.w.s.handler.SimpleUrlHandlerMapping - Mapped URL path [/**] onto handler of type [class org.springframework.web.servlet.resource.ResourceHttpRequestHandler]
14:56:41.844 [main] INFO  o.s.w.s.handler.SimpleUrlHandlerMapping - Mapped URL path [/**/favicon.ico] onto handler of type [class org.springframework.web.servlet.resource.ResourceHttpRequestHandler]
14:56:42.083 [main] INFO  org.ares.app.StartAppTests - Started StartAppTests in 3.728 seconds (JVM running for 5.446)
14:56:42.533 [Thread-3] INFO  o.s.w.c.s.GenericWebApplicationContext - Closing org.springframework.web.context.support.GenericWebApplicationContext@57d7f8ca: startup date [Tue Jul 03 14:56:39 CST 2018]; root of context hierarchy
14:57:59.254 [main] INFO  o.s.b.t.c.SpringBootTestContextBootstrapper - Neither @ContextConfiguration nor @ContextHierarchy found for test class [org.ares.app.StartAppTests], using SpringBootContextLoader
14:57:59.270 [main] INFO  o.s.t.c.support.AbstractContextLoader - Could not detect default resource locations for test class [org.ares.app.StartAppTests]: no resource found for suffixes {-context.xml, Context.groovy}.
14:57:59.270 [main] INFO  o.s.t.c.s.AnnotationConfigContextLoaderUtils - Could not detect default configuration classes for test class [org.ares.app.StartAppTests]: StartAppTests does not declare any static, non-private, non-final, nested classes annotated with @Configuration.
14:57:59.607 [main] INFO  o.s.b.t.c.SpringBootTestContextBootstrapper - Found @SpringBootConfiguration org.ares.app.StartApp for test class org.ares.app.StartAppTests
14:57:59.628 [main] INFO  o.s.b.t.c.SpringBootTestContextBootstrapper - Loaded default TestExecutionListener class names from location [META-INF/spring.factories]: [org.springframework.boot.test.mock.mockito.MockitoTestExecutionListener, org.springframework.boot.test.mock.mockito.ResetMocksTestExecutionListener, org.springframework.boot.test.autoconfigure.restdocs.RestDocsTestExecutionListener, org.springframework.boot.test.autoconfigure.web.client.MockRestServiceServerResetTestExecutionListener, org.springframework.boot.test.autoconfigure.web.servlet.MockMvcPrintOnlyOnFailureTestExecutionListener, org.springframework.boot.test.autoconfigure.web.servlet.WebDriverTestExecutionListener, org.springframework.test.context.web.ServletTestExecutionListener, org.springframework.test.context.support.DirtiesContextBeforeModesTestExecutionListener, org.springframework.test.context.support.DependencyInjectionTestExecutionListener, org.springframework.test.context.support.DirtiesContextTestExecutionListener, org.springframework.test.context.transaction.TransactionalTestExecutionListener, org.springframework.test.context.jdbc.SqlScriptsTestExecutionListener, org.springframework.security.test.context.support.WithSecurityContextTestExecutionListener]
14:57:59.667 [main] INFO  o.s.b.t.c.SpringBootTestContextBootstrapper - Using TestExecutionListeners: [org.springframework.test.context.web.ServletTestExecutionListener@79ad8b2f, org.springframework.test.context.support.DirtiesContextBeforeModesTestExecutionListener@1df82230, org.springframework.boot.test.mock.mockito.MockitoTestExecutionListener@22635ba0, org.springframework.boot.test.autoconfigure.SpringBootDependencyInjectionTestExecutionListener@13c10b87, org.springframework.test.context.support.DirtiesContextTestExecutionListener@6a01e23, org.springframework.test.context.transaction.TransactionalTestExecutionListener@5a955565, org.springframework.test.context.jdbc.SqlScriptsTestExecutionListener@6293abcc, org.springframework.security.test.context.support.WithSecurityContextTestExecutionListener@7995092a, org.springframework.boot.test.mock.mockito.ResetMocksTestExecutionListener@7fc2413d, org.springframework.boot.test.autoconfigure.restdocs.RestDocsTestExecutionListener@f8c1ddd, org.springframework.boot.test.autoconfigure.web.client.MockRestServiceServerResetTestExecutionListener@70be0a2b, org.springframework.boot.test.autoconfigure.web.servlet.MockMvcPrintOnlyOnFailureTestExecutionListener@2133814f, org.springframework.boot.test.autoconfigure.web.servlet.WebDriverTestExecutionListener@4c15e7fd]
14:58:00.294 [main] INFO  org.ares.app.StartAppTests - Starting StartAppTests on srv-work with PID 18200 (started by Administrator in D:\java\work\sts_sp\c5g)
14:58:00.295 [main] INFO  org.ares.app.StartAppTests - No active profile set, falling back to default profiles: default
14:58:00.367 [main] INFO  o.s.w.c.s.GenericWebApplicationContext - Refreshing org.springframework.web.context.support.GenericWebApplicationContext@57d7f8ca: startup date [Tue Jul 03 14:58:00 CST 2018]; root of context hierarchy
14:58:00.941 [background-preinit] INFO  o.h.validator.internal.util.Version - HV000001: Hibernate Validator 5.3.6.Final
14:58:03.022 [main] INFO  o.s.s.web.DefaultSecurityFilterChain - Creating filter chain: org.springframework.security.web.util.matcher.AnyRequestMatcher@1, [org.springframework.security.web.context.request.async.WebAsyncManagerIntegrationFilter@6c008c24, org.springframework.security.web.context.SecurityContextPersistenceFilter@109a2025, org.springframework.security.web.header.HeaderWriterFilter@7342e05d, org.springframework.security.web.csrf.CsrfFilter@7cd4a4d7, org.springframework.security.web.authentication.logout.LogoutFilter@216e0771, org.springframework.security.web.authentication.logout.LogoutFilter@68d651f2, org.jasig.cas.client.session.SingleSignOutFilter@21079a12, org.springframework.security.cas.web.CasAuthenticationFilter@fcc6023, org.springframework.security.web.authentication.UsernamePasswordAuthenticationFilter@312b34e3, org.springframework.security.web.savedrequest.RequestCacheAwareFilter@761956ac, org.springframework.security.web.servletapi.SecurityContextHolderAwareRequestFilter@36cc9385, org.springframework.security.web.authentication.AnonymousAuthenticationFilter@67c5ac52, org.springframework.security.web.session.SessionManagementFilter@15383681, org.springframework.security.web.access.ExceptionTranslationFilter@70c53dbe, org.springframework.security.web.access.intercept.FilterSecurityInterceptor@2b2f5fcf]
14:58:03.405 [main] INFO  o.s.w.s.m.m.a.RequestMappingHandlerAdapter - Looking for @ControllerAdvice: org.springframework.web.context.support.GenericWebApplicationContext@57d7f8ca: startup date [Tue Jul 03 14:58:00 CST 2018]; root of context hierarchy
14:58:03.493 [main] INFO  o.s.w.s.m.m.a.RequestMappingHandlerMapping - Mapped "{[/]}" onto public java.lang.String org.ares.app.c5.action.TestAction.index()
14:58:03.493 [main] INFO  o.s.w.s.m.m.a.RequestMappingHandlerMapping - Mapped "{[/security]}" onto public java.lang.String org.ares.app.c5.action.TestAction.security()
14:58:03.493 [main] INFO  o.s.w.s.m.m.a.RequestMappingHandlerMapping - Mapped "{[/authorize]}" onto public java.lang.String org.ares.app.c5.action.TestAction.authorize()
14:58:03.493 [main] INFO  o.s.w.s.m.m.a.RequestMappingHandlerMapping - Mapped "{[/hello]}" onto public java.lang.String org.ares.app.c5.action.TestAction.hello()
14:58:03.493 [main] INFO  o.s.w.s.m.m.a.RequestMappingHandlerMapping - Mapped "{[/error]}" onto public org.springframework.http.ResponseEntity<java.util.Map<java.lang.String, java.lang.Object>> org.springframework.boot.autoconfigure.web.BasicErrorController.error(javax.servlet.http.HttpServletRequest)
14:58:03.493 [main] INFO  o.s.w.s.m.m.a.RequestMappingHandlerMapping - Mapped "{[/error],produces=[text/html]}" onto public org.springframework.web.servlet.ModelAndView org.springframework.boot.autoconfigure.web.BasicErrorController.errorHtml(javax.servlet.http.HttpServletRequest,javax.servlet.http.HttpServletResponse)
14:58:03.524 [main] INFO  o.s.w.s.handler.SimpleUrlHandlerMapping - Mapped URL path [/webjars/**] onto handler of type [class org.springframework.web.servlet.resource.ResourceHttpRequestHandler]
14:58:03.524 [main] INFO  o.s.w.s.handler.SimpleUrlHandlerMapping - Mapped URL path [/**] onto handler of type [class org.springframework.web.servlet.resource.ResourceHttpRequestHandler]
14:58:03.556 [main] INFO  o.s.w.s.handler.SimpleUrlHandlerMapping - Mapped URL path [/**/favicon.ico] onto handler of type [class org.springframework.web.servlet.resource.ResourceHttpRequestHandler]
14:58:03.774 [main] INFO  org.ares.app.StartAppTests - Started StartAppTests in 3.935 seconds (JVM running for 5.792)
14:58:04.237 [Thread-3] INFO  o.s.w.c.s.GenericWebApplicationContext - Closing org.springframework.web.context.support.GenericWebApplicationContext@57d7f8ca: startup date [Tue Jul 03 14:58:00 CST 2018]; root of context hierarchy
