08:54:43.822 [main] INFO  o.s.b.t.c.SpringBootTestContextBootstrapper - Neither @ContextConfiguration nor @ContextHierarchy found for test class [org.ares.app.StartAppTests], using SpringBootContextLoader
08:54:43.837 [main] INFO  o.s.t.c.support.AbstractContextLoader - Could not detect default resource locations for test class [org.ares.app.StartAppTests]: no resource found for suffixes {-context.xml, Context.groovy}.
08:54:43.837 [main] INFO  o.s.t.c.s.AnnotationConfigContextLoaderUtils - Could not detect default configuration classes for test class [org.ares.app.StartAppTests]: StartAppTests does not declare any static, non-private, non-final, nested classes annotated with @Configuration.
08:54:44.165 [main] INFO  o.s.b.t.c.SpringBootTestContextBootstrapper - Found @SpringBootConfiguration org.ares.app.StartApp for test class org.ares.app.StartAppTests
08:54:44.197 [main] INFO  o.s.b.t.c.SpringBootTestContextBootstrapper - Loaded default TestExecutionListener class names from location [META-INF/spring.factories]: [org.springframework.boot.test.mock.mockito.MockitoTestExecutionListener, org.springframework.boot.test.mock.mockito.ResetMocksTestExecutionListener, org.springframework.boot.test.autoconfigure.restdocs.RestDocsTestExecutionListener, org.springframework.boot.test.autoconfigure.web.client.MockRestServiceServerResetTestExecutionListener, org.springframework.boot.test.autoconfigure.web.servlet.MockMvcPrintOnlyOnFailureTestExecutionListener, org.springframework.boot.test.autoconfigure.web.servlet.WebDriverTestExecutionListener, org.springframework.test.context.web.ServletTestExecutionListener, org.springframework.test.context.support.DirtiesContextBeforeModesTestExecutionListener, org.springframework.test.context.support.DependencyInjectionTestExecutionListener, org.springframework.test.context.support.DirtiesContextTestExecutionListener, org.springframework.test.context.transaction.TransactionalTestExecutionListener, org.springframework.test.context.jdbc.SqlScriptsTestExecutionListener, org.springframework.security.test.context.support.WithSecurityContextTestExecutionListener]
08:54:44.275 [main] INFO  o.s.b.t.c.SpringBootTestContextBootstrapper - Using TestExecutionListeners: [org.springframework.test.context.web.ServletTestExecutionListener@79ad8b2f, org.springframework.test.context.support.DirtiesContextBeforeModesTestExecutionListener@1df82230, org.springframework.boot.test.mock.mockito.MockitoTestExecutionListener@22635ba0, org.springframework.boot.test.autoconfigure.SpringBootDependencyInjectionTestExecutionListener@13c10b87, org.springframework.test.context.support.DirtiesContextTestExecutionListener@6a01e23, org.springframework.test.context.transaction.TransactionalTestExecutionListener@5a955565, org.springframework.test.context.jdbc.SqlScriptsTestExecutionListener@6293abcc, org.springframework.security.test.context.support.WithSecurityContextTestExecutionListener@7995092a, org.springframework.boot.test.mock.mockito.ResetMocksTestExecutionListener@7fc2413d, org.springframework.boot.test.autoconfigure.restdocs.RestDocsTestExecutionListener@f8c1ddd, org.springframework.boot.test.autoconfigure.web.client.MockRestServiceServerResetTestExecutionListener@70be0a2b, org.springframework.boot.test.autoconfigure.web.servlet.MockMvcPrintOnlyOnFailureTestExecutionListener@2133814f, org.springframework.boot.test.autoconfigure.web.servlet.WebDriverTestExecutionListener@4c15e7fd]
08:54:45.428 [main] INFO  org.ares.app.StartAppTests - Starting StartAppTests on srv-work with PID 18924 (started by Administrator in D:\java\work\sts_sp\c5g)
08:54:45.428 [main] INFO  org.ares.app.StartAppTests - No active profile set, falling back to default profiles: default
08:54:45.522 [main] INFO  o.s.w.c.s.GenericWebApplicationContext - Refreshing org.springframework.web.context.support.GenericWebApplicationContext@57d7f8ca: startup date [Thu Jul 05 08:54:45 CST 2018]; root of context hierarchy
08:54:46.053 [background-preinit] INFO  o.h.validator.internal.util.Version - HV000001: Hibernate Validator 5.3.6.Final
08:54:48.297 [main] INFO  o.s.s.web.DefaultSecurityFilterChain - Creating filter chain: org.springframework.security.web.util.matcher.AnyRequestMatcher@1, [org.springframework.security.web.context.request.async.WebAsyncManagerIntegrationFilter@6c008c24, org.springframework.security.web.context.SecurityContextPersistenceFilter@109a2025, org.springframework.security.web.header.HeaderWriterFilter@7342e05d, org.springframework.security.web.csrf.CsrfFilter@7cd4a4d7, org.springframework.security.web.authentication.logout.LogoutFilter@216e0771, org.springframework.security.web.authentication.logout.LogoutFilter@68d651f2, org.jasig.cas.client.session.SingleSignOutFilter@21079a12, org.springframework.security.cas.web.CasAuthenticationFilter@fcc6023, org.springframework.security.web.authentication.UsernamePasswordAuthenticationFilter@312b34e3, org.springframework.security.web.savedrequest.RequestCacheAwareFilter@761956ac, org.springframework.security.web.servletapi.SecurityContextHolderAwareRequestFilter@36cc9385, org.springframework.security.web.authentication.AnonymousAuthenticationFilter@67c5ac52, org.springframework.security.web.session.SessionManagementFilter@15383681, org.springframework.security.web.access.ExceptionTranslationFilter@70c53dbe, org.springframework.security.web.access.intercept.FilterSecurityInterceptor@2b2f5fcf]
08:54:48.853 [main] INFO  o.s.w.s.m.m.a.RequestMappingHandlerAdapter - Looking for @ControllerAdvice: org.springframework.web.context.support.GenericWebApplicationContext@57d7f8ca: startup date [Thu Jul 05 08:54:45 CST 2018]; root of context hierarchy
08:54:48.942 [main] INFO  o.s.w.s.m.m.a.RequestMappingHandlerMapping - Mapped "{[/]}" onto public java.lang.String org.ares.app.c5.action.TestAction.index()
08:54:48.942 [main] INFO  o.s.w.s.m.m.a.RequestMappingHandlerMapping - Mapped "{[/security]}" onto public java.lang.String org.ares.app.c5.action.TestAction.security()
08:54:48.942 [main] INFO  o.s.w.s.m.m.a.RequestMappingHandlerMapping - Mapped "{[/hello]}" onto public java.lang.String org.ares.app.c5.action.TestAction.hello()
08:54:48.942 [main] INFO  o.s.w.s.m.m.a.RequestMappingHandlerMapping - Mapped "{[/authorize]}" onto public java.lang.String org.ares.app.c5.action.TestAction.authorize()
08:54:48.942 [main] INFO  o.s.w.s.m.m.a.RequestMappingHandlerMapping - Mapped "{[/error]}" onto public org.springframework.http.ResponseEntity<java.util.Map<java.lang.String, java.lang.Object>> org.springframework.boot.autoconfigure.web.BasicErrorController.error(javax.servlet.http.HttpServletRequest)
08:54:48.942 [main] INFO  o.s.w.s.m.m.a.RequestMappingHandlerMapping - Mapped "{[/error],produces=[text/html]}" onto public org.springframework.web.servlet.ModelAndView org.springframework.boot.autoconfigure.web.BasicErrorController.errorHtml(javax.servlet.http.HttpServletRequest,javax.servlet.http.HttpServletResponse)
08:54:48.973 [main] INFO  o.s.w.s.handler.SimpleUrlHandlerMapping - Mapped URL path [/webjars/**] onto handler of type [class org.springframework.web.servlet.resource.ResourceHttpRequestHandler]
08:54:48.973 [main] INFO  o.s.w.s.handler.SimpleUrlHandlerMapping - Mapped URL path [/**] onto handler of type [class org.springframework.web.servlet.resource.ResourceHttpRequestHandler]
08:54:49.020 [main] INFO  o.s.w.s.handler.SimpleUrlHandlerMapping - Mapped URL path [/**/favicon.ico] onto handler of type [class org.springframework.web.servlet.resource.ResourceHttpRequestHandler]
08:54:49.317 [main] INFO  org.ares.app.StartAppTests - Started StartAppTests in 4.698 seconds (JVM running for 7.611)
08:54:50.034 [Thread-3] INFO  o.s.w.c.s.GenericWebApplicationContext - Closing org.springframework.web.context.support.GenericWebApplicationContext@57d7f8ca: startup date [Thu Jul 05 08:54:45 CST 2018]; root of context hierarchy
08:57:13.585 [main] INFO  o.s.b.t.c.SpringBootTestContextBootstrapper - Neither @ContextConfiguration nor @ContextHierarchy found for test class [org.ares.app.StartAppTests], using SpringBootContextLoader
08:57:13.601 [main] INFO  o.s.t.c.support.AbstractContextLoader - Could not detect default resource locations for test class [org.ares.app.StartAppTests]: no resource found for suffixes {-context.xml, Context.groovy}.
08:57:13.601 [main] INFO  o.s.t.c.s.AnnotationConfigContextLoaderUtils - Could not detect default configuration classes for test class [org.ares.app.StartAppTests]: StartAppTests does not declare any static, non-private, non-final, nested classes annotated with @Configuration.
08:57:13.917 [main] INFO  o.s.b.t.c.SpringBootTestContextBootstrapper - Found @SpringBootConfiguration org.ares.app.StartApp for test class org.ares.app.StartAppTests
08:57:13.929 [main] INFO  o.s.b.t.c.SpringBootTestContextBootstrapper - Loaded default TestExecutionListener class names from location [META-INF/spring.factories]: [org.springframework.boot.test.mock.mockito.MockitoTestExecutionListener, org.springframework.boot.test.mock.mockito.ResetMocksTestExecutionListener, org.springframework.boot.test.autoconfigure.restdocs.RestDocsTestExecutionListener, org.springframework.boot.test.autoconfigure.web.client.MockRestServiceServerResetTestExecutionListener, org.springframework.boot.test.autoconfigure.web.servlet.MockMvcPrintOnlyOnFailureTestExecutionListener, org.springframework.boot.test.autoconfigure.web.servlet.WebDriverTestExecutionListener, org.springframework.test.context.web.ServletTestExecutionListener, org.springframework.test.context.support.DirtiesContextBeforeModesTestExecutionListener, org.springframework.test.context.support.DependencyInjectionTestExecutionListener, org.springframework.test.context.support.DirtiesContextTestExecutionListener, org.springframework.test.context.transaction.TransactionalTestExecutionListener, org.springframework.test.context.jdbc.SqlScriptsTestExecutionListener, org.springframework.security.test.context.support.WithSecurityContextTestExecutionListener]
08:57:14.023 [main] INFO  o.s.b.t.c.SpringBootTestContextBootstrapper - Using TestExecutionListeners: [org.springframework.test.context.web.ServletTestExecutionListener@79ad8b2f, org.springframework.test.context.support.DirtiesContextBeforeModesTestExecutionListener@1df82230, org.springframework.boot.test.mock.mockito.MockitoTestExecutionListener@22635ba0, org.springframework.boot.test.autoconfigure.SpringBootDependencyInjectionTestExecutionListener@13c10b87, org.springframework.test.context.support.DirtiesContextTestExecutionListener@6a01e23, org.springframework.test.context.transaction.TransactionalTestExecutionListener@5a955565, org.springframework.test.context.jdbc.SqlScriptsTestExecutionListener@6293abcc, org.springframework.security.test.context.support.WithSecurityContextTestExecutionListener@7995092a, org.springframework.boot.test.mock.mockito.ResetMocksTestExecutionListener@7fc2413d, org.springframework.boot.test.autoconfigure.restdocs.RestDocsTestExecutionListener@f8c1ddd, org.springframework.boot.test.autoconfigure.web.client.MockRestServiceServerResetTestExecutionListener@70be0a2b, org.springframework.boot.test.autoconfigure.web.servlet.MockMvcPrintOnlyOnFailureTestExecutionListener@2133814f, org.springframework.boot.test.autoconfigure.web.servlet.WebDriverTestExecutionListener@4c15e7fd]
08:57:15.107 [main] INFO  org.ares.app.StartAppTests - Starting StartAppTests on srv-work with PID 16252 (started by Administrator in D:\java\work\sts_sp\c5g)
08:57:15.107 [main] INFO  org.ares.app.StartAppTests - No active profile set, falling back to default profiles: default
08:57:15.232 [main] INFO  o.s.w.c.s.GenericWebApplicationContext - Refreshing org.springframework.web.context.support.GenericWebApplicationContext@57d7f8ca: startup date [Thu Jul 05 08:57:15 CST 2018]; root of context hierarchy
08:57:15.964 [background-preinit] INFO  o.h.validator.internal.util.Version - HV000001: Hibernate Validator 5.3.6.Final
08:57:19.455 [main] INFO  o.s.s.web.DefaultSecurityFilterChain - Creating filter chain: org.springframework.security.web.util.matcher.AnyRequestMatcher@1, [org.springframework.security.web.context.request.async.WebAsyncManagerIntegrationFilter@7efd28bd, org.springframework.security.web.context.SecurityContextPersistenceFilter@4edef76c, org.springframework.security.web.header.HeaderWriterFilter@2c7a8af2, org.springframework.security.web.csrf.CsrfFilter@6c931d35, org.springframework.security.web.authentication.logout.LogoutFilter@672b72ba, org.springframework.security.web.authentication.logout.LogoutFilter@71978f46, org.jasig.cas.client.session.SingleSignOutFilter@7718a40f, org.springframework.security.cas.web.CasAuthenticationFilter@312b34e3, org.springframework.security.web.authentication.UsernamePasswordAuthenticationFilter@1f11f64e, org.springframework.security.web.savedrequest.RequestCacheAwareFilter@70c53dbe, org.springframework.security.web.servletapi.SecurityContextHolderAwareRequestFilter@109a2025, org.springframework.security.web.authentication.AnonymousAuthenticationFilter@26844abb, org.springframework.security.web.session.SessionManagementFilter@720bf653, org.springframework.security.web.access.ExceptionTranslationFilter@b16e202, org.springframework.security.web.access.intercept.FilterSecurityInterceptor@42ea287]
08:57:20.189 [main] INFO  o.s.w.s.m.m.a.RequestMappingHandlerAdapter - Looking for @ControllerAdvice: org.springframework.web.context.support.GenericWebApplicationContext@57d7f8ca: startup date [Thu Jul 05 08:57:15 CST 2018]; root of context hierarchy
08:57:20.439 [main] INFO  o.s.w.s.m.m.a.RequestMappingHandlerMapping - Mapped "{[/]}" onto public java.lang.String org.ares.app.c5.action.TestAction.index()
08:57:20.439 [main] INFO  o.s.w.s.m.m.a.RequestMappingHandlerMapping - Mapped "{[/security]}" onto public java.lang.String org.ares.app.c5.action.TestAction.security()
08:57:20.439 [main] INFO  o.s.w.s.m.m.a.RequestMappingHandlerMapping - Mapped "{[/authorize]}" onto public java.lang.String org.ares.app.c5.action.TestAction.authorize()
08:57:20.439 [main] INFO  o.s.w.s.m.m.a.RequestMappingHandlerMapping - Mapped "{[/hello]}" onto public java.lang.String org.ares.app.c5.action.TestAction.hello()
08:57:20.439 [main] INFO  o.s.w.s.m.m.a.RequestMappingHandlerMapping - Mapped "{[/error]}" onto public org.springframework.http.ResponseEntity<java.util.Map<java.lang.String, java.lang.Object>> org.springframework.boot.autoconfigure.web.BasicErrorController.error(javax.servlet.http.HttpServletRequest)
08:57:20.439 [main] INFO  o.s.w.s.m.m.a.RequestMappingHandlerMapping - Mapped "{[/error],produces=[text/html]}" onto public org.springframework.web.servlet.ModelAndView org.springframework.boot.autoconfigure.web.BasicErrorController.errorHtml(javax.servlet.http.HttpServletRequest,javax.servlet.http.HttpServletResponse)
08:57:20.549 [main] INFO  o.s.w.s.handler.SimpleUrlHandlerMapping - Mapped URL path [/webjars/**] onto handler of type [class org.springframework.web.servlet.resource.ResourceHttpRequestHandler]
08:57:20.549 [main] INFO  o.s.w.s.handler.SimpleUrlHandlerMapping - Mapped URL path [/**] onto handler of type [class org.springframework.web.servlet.resource.ResourceHttpRequestHandler]
08:57:20.697 [main] INFO  o.s.w.s.handler.SimpleUrlHandlerMapping - Mapped URL path [/**/favicon.ico] onto handler of type [class org.springframework.web.servlet.resource.ResourceHttpRequestHandler]
08:57:21.431 [main] INFO  org.ares.app.StartAppTests - Started StartAppTests in 7.08 seconds (JVM running for 9.673)
08:57:22.670 [Thread-3] INFO  o.s.w.c.s.GenericWebApplicationContext - Closing org.springframework.web.context.support.GenericWebApplicationContext@57d7f8ca: startup date [Thu Jul 05 08:57:15 CST 2018]; root of context hierarchy
09:58:32.050 [main] INFO  o.s.b.t.c.SpringBootTestContextBootstrapper - Neither @ContextConfiguration nor @ContextHierarchy found for test class [org.ares.app.StartAppTests], using SpringBootContextLoader
09:58:32.066 [main] INFO  o.s.t.c.support.AbstractContextLoader - Could not detect default resource locations for test class [org.ares.app.StartAppTests]: no resource found for suffixes {-context.xml, Context.groovy}.
09:58:32.066 [main] INFO  o.s.t.c.s.AnnotationConfigContextLoaderUtils - Could not detect default configuration classes for test class [org.ares.app.StartAppTests]: StartAppTests does not declare any static, non-private, non-final, nested classes annotated with @Configuration.
09:58:32.347 [main] INFO  o.s.b.t.c.SpringBootTestContextBootstrapper - Found @SpringBootConfiguration org.ares.app.StartApp for test class org.ares.app.StartAppTests
09:58:32.363 [main] INFO  o.s.b.t.c.SpringBootTestContextBootstrapper - Loaded default TestExecutionListener class names from location [META-INF/spring.factories]: [org.springframework.boot.test.mock.mockito.MockitoTestExecutionListener, org.springframework.boot.test.mock.mockito.ResetMocksTestExecutionListener, org.springframework.boot.test.autoconfigure.restdocs.RestDocsTestExecutionListener, org.springframework.boot.test.autoconfigure.web.client.MockRestServiceServerResetTestExecutionListener, org.springframework.boot.test.autoconfigure.web.servlet.MockMvcPrintOnlyOnFailureTestExecutionListener, org.springframework.boot.test.autoconfigure.web.servlet.WebDriverTestExecutionListener, org.springframework.test.context.web.ServletTestExecutionListener, org.springframework.test.context.support.DirtiesContextBeforeModesTestExecutionListener, org.springframework.test.context.support.DependencyInjectionTestExecutionListener, org.springframework.test.context.support.DirtiesContextTestExecutionListener, org.springframework.test.context.transaction.TransactionalTestExecutionListener, org.springframework.test.context.jdbc.SqlScriptsTestExecutionListener, org.springframework.security.test.context.support.WithSecurityContextTestExecutionListener]
09:58:32.410 [main] INFO  o.s.b.t.c.SpringBootTestContextBootstrapper - Using TestExecutionListeners: [org.springframework.test.context.web.ServletTestExecutionListener@1df82230, org.springframework.test.context.support.DirtiesContextBeforeModesTestExecutionListener@22635ba0, org.springframework.boot.test.mock.mockito.MockitoTestExecutionListener@13c10b87, org.springframework.boot.test.autoconfigure.SpringBootDependencyInjectionTestExecutionListener@6a01e23, org.springframework.test.context.support.DirtiesContextTestExecutionListener@5a955565, org.springframework.test.context.transaction.TransactionalTestExecutionListener@6293abcc, org.springframework.test.context.jdbc.SqlScriptsTestExecutionListener@7995092a, org.springframework.security.test.context.support.WithSecurityContextTestExecutionListener@7fc2413d, org.springframework.boot.test.mock.mockito.ResetMocksTestExecutionListener@f8c1ddd, org.springframework.boot.test.autoconfigure.restdocs.RestDocsTestExecutionListener@70be0a2b, org.springframework.boot.test.autoconfigure.web.client.MockRestServiceServerResetTestExecutionListener@2133814f, org.springframework.boot.test.autoconfigure.web.servlet.MockMvcPrintOnlyOnFailureTestExecutionListener@4c15e7fd, org.springframework.boot.test.autoconfigure.web.servlet.WebDriverTestExecutionListener@23986957]
09:58:33.319 [main] INFO  org.ares.app.StartAppTests - Starting StartAppTests on srv-work with PID 6088 (started by Administrator in D:\java\work\sts_sp\c5g)
09:58:33.319 [main] INFO  org.ares.app.StartAppTests - No active profile set, falling back to default profiles: default
09:58:33.398 [main] INFO  o.s.w.c.s.GenericWebApplicationContext - Refreshing org.springframework.web.context.support.GenericWebApplicationContext@76c3e77a: startup date [Thu Jul 05 09:58:33 CST 2018]; root of context hierarchy
09:58:34.085 [background-preinit] INFO  o.h.validator.internal.util.Version - HV000001: Hibernate Validator 5.3.6.Final
09:58:36.610 [main] INFO  o.s.s.web.DefaultSecurityFilterChain - Creating filter chain: org.springframework.security.web.util.matcher.AnyRequestMatcher@1, [org.springframework.security.web.context.request.async.WebAsyncManagerIntegrationFilter@612e21b9, org.springframework.security.web.context.SecurityContextPersistenceFilter@720bf653, org.springframework.security.web.header.HeaderWriterFilter@339a3670, org.springframework.security.web.csrf.CsrfFilter@22e5f96e, org.springframework.security.web.authentication.logout.LogoutFilter@302edb74, org.springframework.security.web.authentication.logout.LogoutFilter@2241f05b, org.jasig.cas.client.session.SingleSignOutFilter@7efd28bd, org.springframework.security.cas.web.CasAuthenticationFilter@672b72ba, org.springframework.security.web.authentication.UsernamePasswordAuthenticationFilter@336206d8, org.springframework.security.web.savedrequest.RequestCacheAwareFilter@4edef76c, org.springframework.security.web.servletapi.SecurityContextHolderAwareRequestFilter@15383681, org.springframework.security.web.authentication.AnonymousAuthenticationFilter@7718a40f, org.springframework.security.web.session.SessionManagementFilter@2c7a8af2, org.springframework.security.web.access.ExceptionTranslationFilter@7d04529c, org.springframework.security.web.access.intercept.FilterSecurityInterceptor@7903d448]
09:58:37.230 [main] INFO  o.s.w.s.m.m.a.RequestMappingHandlerAdapter - Looking for @ControllerAdvice: org.springframework.web.context.support.GenericWebApplicationContext@76c3e77a: startup date [Thu Jul 05 09:58:33 CST 2018]; root of context hierarchy
09:58:37.339 [main] INFO  o.s.w.s.m.m.a.RequestMappingHandlerMapping - Mapped "{[/]}" onto public java.lang.String org.ares.app.c5.action.TestAction.index()
09:58:37.339 [main] INFO  o.s.w.s.m.m.a.RequestMappingHandlerMapping - Mapped "{[/security]}" onto public java.lang.String org.ares.app.c5.action.TestAction.security()
09:58:37.339 [main] INFO  o.s.w.s.m.m.a.RequestMappingHandlerMapping - Mapped "{[/hello]}" onto public java.lang.String org.ares.app.c5.action.TestAction.hello()
09:58:37.339 [main] INFO  o.s.w.s.m.m.a.RequestMappingHandlerMapping - Mapped "{[/authorize]}" onto public java.lang.String org.ares.app.c5.action.TestAction.authorize()
09:58:37.339 [main] INFO  o.s.w.s.m.m.a.RequestMappingHandlerMapping - Mapped "{[/error]}" onto public org.springframework.http.ResponseEntity<java.util.Map<java.lang.String, java.lang.Object>> org.springframework.boot.autoconfigure.web.BasicErrorController.error(javax.servlet.http.HttpServletRequest)
09:58:37.339 [main] INFO  o.s.w.s.m.m.a.RequestMappingHandlerMapping - Mapped "{[/error],produces=[text/html]}" onto public org.springframework.web.servlet.ModelAndView org.springframework.boot.autoconfigure.web.BasicErrorController.errorHtml(javax.servlet.http.HttpServletRequest,javax.servlet.http.HttpServletResponse)
09:58:37.386 [main] INFO  o.s.w.s.handler.SimpleUrlHandlerMapping - Mapped URL path [/webjars/**] onto handler of type [class org.springframework.web.servlet.resource.ResourceHttpRequestHandler]
09:58:37.386 [main] INFO  o.s.w.s.handler.SimpleUrlHandlerMapping - Mapped URL path [/**] onto handler of type [class org.springframework.web.servlet.resource.ResourceHttpRequestHandler]
09:58:37.433 [main] INFO  o.s.w.s.handler.SimpleUrlHandlerMapping - Mapped URL path [/**/favicon.ico] onto handler of type [class org.springframework.web.servlet.resource.ResourceHttpRequestHandler]
09:58:37.714 [main] INFO  org.ares.app.StartAppTests - Started StartAppTests in 5.039 seconds (JVM running for 7.396)
09:58:38.240 [Thread-3] INFO  o.s.w.c.s.GenericWebApplicationContext - Closing org.springframework.web.context.support.GenericWebApplicationContext@76c3e77a: startup date [Thu Jul 05 09:58:33 CST 2018]; root of context hierarchy
14:59:22.905 [main] INFO  o.s.b.t.c.SpringBootTestContextBootstrapper - Neither @ContextConfiguration nor @ContextHierarchy found for test class [org.ares.app.StartAppTests], using SpringBootContextLoader
14:59:22.921 [main] INFO  o.s.t.c.support.AbstractContextLoader - Could not detect default resource locations for test class [org.ares.app.StartAppTests]: no resource found for suffixes {-context.xml, Context.groovy}.
14:59:22.936 [main] INFO  o.s.t.c.s.AnnotationConfigContextLoaderUtils - Could not detect default configuration classes for test class [org.ares.app.StartAppTests]: StartAppTests does not declare any static, non-private, non-final, nested classes annotated with @Configuration.
14:59:23.306 [main] INFO  o.s.b.t.c.SpringBootTestContextBootstrapper - Found @SpringBootConfiguration org.ares.app.StartApp for test class org.ares.app.StartAppTests
14:59:23.337 [main] INFO  o.s.b.t.c.SpringBootTestContextBootstrapper - Loaded default TestExecutionListener class names from location [META-INF/spring.factories]: [org.springframework.boot.test.mock.mockito.MockitoTestExecutionListener, org.springframework.boot.test.mock.mockito.ResetMocksTestExecutionListener, org.springframework.boot.test.autoconfigure.restdocs.RestDocsTestExecutionListener, org.springframework.boot.test.autoconfigure.web.client.MockRestServiceServerResetTestExecutionListener, org.springframework.boot.test.autoconfigure.web.servlet.MockMvcPrintOnlyOnFailureTestExecutionListener, org.springframework.boot.test.autoconfigure.web.servlet.WebDriverTestExecutionListener, org.springframework.test.context.web.ServletTestExecutionListener, org.springframework.test.context.support.DirtiesContextBeforeModesTestExecutionListener, org.springframework.test.context.support.DependencyInjectionTestExecutionListener, org.springframework.test.context.support.DirtiesContextTestExecutionListener, org.springframework.test.context.transaction.TransactionalTestExecutionListener, org.springframework.test.context.jdbc.SqlScriptsTestExecutionListener, org.springframework.security.test.context.support.WithSecurityContextTestExecutionListener]
14:59:23.422 [main] INFO  o.s.b.t.c.SpringBootTestContextBootstrapper - Using TestExecutionListeners: [org.springframework.test.context.web.ServletTestExecutionListener@1df82230, org.springframework.test.context.support.DirtiesContextBeforeModesTestExecutionListener@22635ba0, org.springframework.boot.test.mock.mockito.MockitoTestExecutionListener@13c10b87, org.springframework.boot.test.autoconfigure.SpringBootDependencyInjectionTestExecutionListener@6a01e23, org.springframework.test.context.support.DirtiesContextTestExecutionListener@5a955565, org.springframework.test.context.transaction.TransactionalTestExecutionListener@6293abcc, org.springframework.test.context.jdbc.SqlScriptsTestExecutionListener@7995092a, org.springframework.security.test.context.support.WithSecurityContextTestExecutionListener@7fc2413d, org.springframework.boot.test.mock.mockito.ResetMocksTestExecutionListener@f8c1ddd, org.springframework.boot.test.autoconfigure.restdocs.RestDocsTestExecutionListener@70be0a2b, org.springframework.boot.test.autoconfigure.web.client.MockRestServiceServerResetTestExecutionListener@2133814f, org.springframework.boot.test.autoconfigure.web.servlet.MockMvcPrintOnlyOnFailureTestExecutionListener@4c15e7fd, org.springframework.boot.test.autoconfigure.web.servlet.WebDriverTestExecutionListener@23986957]
14:59:24.586 [main] INFO  org.ares.app.StartAppTests - Starting StartAppTests on srv-work with PID 21960 (started by Administrator in D:\java\work\sts_sp\c5g)
14:59:24.586 [main] INFO  org.ares.app.StartAppTests - No active profile set, falling back to default profiles: default
14:59:24.686 [main] INFO  o.s.w.c.s.GenericWebApplicationContext - Refreshing org.springframework.web.context.support.GenericWebApplicationContext@76c3e77a: startup date [Thu Jul 05 14:59:24 CST 2018]; root of context hierarchy
14:59:25.573 [background-preinit] INFO  o.h.validator.internal.util.Version - HV000001: Hibernate Validator 5.3.6.Final
14:59:28.354 [main] WARN  o.s.w.c.s.GenericWebApplicationContext - Exception encountered during context initialization - cancelling refresh attempt: org.springframework.beans.factory.BeanCreationException: Error creating bean with name 'springSecurityFilterChain' defined in class path resource [org/springframework/security/config/annotation/web/configuration/WebSecurityConfiguration.class]: Bean instantiation via factory method failed; nested exception is org.springframework.beans.BeanInstantiationException: Failed to instantiate [javax.servlet.Filter]: Factory method 'springSecurityFilterChain' threw exception; nested exception is java.lang.Error: Unresolved compilation problem: 
	The method addFilterBefore(Filter, Class<? extends Filter>) in the type HttpSecurity is not applicable for the arguments (FilterInvocationSecurityMetadataSource, Class<FilterInvocationSecurityMetadataSource>)

14:59:28.379 [main] INFO  o.s.b.a.l.AutoConfigurationReportLoggingInitializer - 

Error starting ApplicationContext. To display the auto-configuration report re-run your application with 'debug' enabled.
14:59:28.400 [main] ERROR o.springframework.boot.SpringApplication - Application startup failed
org.springframework.beans.factory.BeanCreationException: Error creating bean with name 'springSecurityFilterChain' defined in class path resource [org/springframework/security/config/annotation/web/configuration/WebSecurityConfiguration.class]: Bean instantiation via factory method failed; nested exception is org.springframework.beans.BeanInstantiationException: Failed to instantiate [javax.servlet.Filter]: Factory method 'springSecurityFilterChain' threw exception; nested exception is java.lang.Error: Unresolved compilation problem: 
	The method addFilterBefore(Filter, Class<? extends Filter>) in the type HttpSecurity is not applicable for the arguments (FilterInvocationSecurityMetadataSource, Class<FilterInvocationSecurityMetadataSource>)

	at org.springframework.beans.factory.support.ConstructorResolver.instantiateUsingFactoryMethod(ConstructorResolver.java:599)
	at org.springframework.beans.factory.support.AbstractAutowireCapableBeanFactory.instantiateUsingFactoryMethod(AbstractAutowireCapableBeanFactory.java:1181)
	at org.springframework.beans.factory.support.AbstractAutowireCapableBeanFactory.createBeanInstance(AbstractAutowireCapableBeanFactory.java:1075)
	at org.springframework.beans.factory.support.AbstractAutowireCapableBeanFactory.doCreateBean(AbstractAutowireCapableBeanFactory.java:513)
	at org.springframework.beans.factory.support.AbstractAutowireCapableBeanFactory.createBean(AbstractAutowireCapableBeanFactory.java:483)
	at org.springframework.beans.factory.support.AbstractBeanFactory$1.getObject(AbstractBeanFactory.java:312)
	at org.springframework.beans.factory.support.DefaultSingletonBeanRegistry.getSingleton(DefaultSingletonBeanRegistry.java:230)
	at org.springframework.beans.factory.support.AbstractBeanFactory.doGetBean(AbstractBeanFactory.java:308)
	at org.springframework.beans.factory.support.AbstractBeanFactory.getBean(AbstractBeanFactory.java:197)
	at org.springframework.beans.factory.support.AbstractBeanFactory.doGetBean(AbstractBeanFactory.java:297)
	at org.springframework.beans.factory.support.AbstractBeanFactory.getBean(AbstractBeanFactory.java:197)
	at org.springframework.beans.factory.support.DefaultListableBeanFactory.preInstantiateSingletons(DefaultListableBeanFactory.java:761)
	at org.springframework.context.support.AbstractApplicationContext.finishBeanFactoryInitialization(AbstractApplicationContext.java:867)
	at org.springframework.context.support.AbstractApplicationContext.refresh(AbstractApplicationContext.java:543)
	at org.springframework.boot.SpringApplication.refresh(SpringApplication.java:693)
	at org.springframework.boot.SpringApplication.refreshContext(SpringApplication.java:360)
	at org.springframework.boot.SpringApplication.run(SpringApplication.java:303)
	at org.springframework.boot.test.context.SpringBootContextLoader.loadContext(SpringBootContextLoader.java:121)
	at org.springframework.test.context.cache.DefaultCacheAwareContextLoaderDelegate.loadContextInternal(DefaultCacheAwareContextLoaderDelegate.java:98)
	at org.springframework.test.context.cache.DefaultCacheAwareContextLoaderDelegate.loadContext(DefaultCacheAwareContextLoaderDelegate.java:116)
	at org.springframework.test.context.support.DefaultTestContext.getApplicationContext(DefaultTestContext.java:83)
	at org.springframework.test.context.web.ServletTestExecutionListener.setUpRequestContextIfNecessary(ServletTestExecutionListener.java:189)
	at org.springframework.test.context.web.ServletTestExecutionListener.prepareTestInstance(ServletTestExecutionListener.java:131)
	at org.springframework.test.context.TestContextManager.prepareTestInstance(TestContextManager.java:230)
	at org.springframework.test.context.junit4.SpringJUnit4ClassRunner.createTest(SpringJUnit4ClassRunner.java:228)
	at org.springframework.test.context.junit4.SpringJUnit4ClassRunner$1.runReflectiveCall(SpringJUnit4ClassRunner.java:287)
	at org.junit.internal.runners.model.ReflectiveCallable.run(ReflectiveCallable.java:12)
	at org.springframework.test.context.junit4.SpringJUnit4ClassRunner.methodBlock(SpringJUnit4ClassRunner.java:289)
	at org.springframework.test.context.junit4.SpringJUnit4ClassRunner.runChild(SpringJUnit4ClassRunner.java:247)
	at org.springframework.test.context.junit4.SpringJUnit4ClassRunner.runChild(SpringJUnit4ClassRunner.java:94)
	at org.junit.runners.ParentRunner$3.run(ParentRunner.java:290)
	at org.junit.runners.ParentRunner$1.schedule(ParentRunner.java:71)
	at org.junit.runners.ParentRunner.runChildren(ParentRunner.java:288)
	at org.junit.runners.ParentRunner.access$000(ParentRunner.java:58)
	at org.junit.runners.ParentRunner$2.evaluate(ParentRunner.java:268)
	at org.springframework.test.context.junit4.statements.RunBeforeTestClassCallbacks.evaluate(RunBeforeTestClassCallbacks.java:61)
	at org.springframework.test.context.junit4.statements.RunAfterTestClassCallbacks.evaluate(RunAfterTestClassCallbacks.java:70)
	at org.junit.runners.ParentRunner.run(ParentRunner.java:363)
	at org.springframework.test.context.junit4.SpringJUnit4ClassRunner.run(SpringJUnit4ClassRunner.java:191)
	at org.eclipse.jdt.internal.junit4.runner.JUnit4TestReference.run(JUnit4TestReference.java:86)
	at org.eclipse.jdt.internal.junit.runner.TestExecution.run(TestExecution.java:38)
	at org.eclipse.jdt.internal.junit.runner.RemoteTestRunner.runTests(RemoteTestRunner.java:538)
	at org.eclipse.jdt.internal.junit.runner.RemoteTestRunner.runTests(RemoteTestRunner.java:760)
	at org.eclipse.jdt.internal.junit.runner.RemoteTestRunner.run(RemoteTestRunner.java:460)
	at org.eclipse.jdt.internal.junit.runner.RemoteTestRunner.main(RemoteTestRunner.java:206)
Caused by: org.springframework.beans.BeanInstantiationException: Failed to instantiate [javax.servlet.Filter]: Factory method 'springSecurityFilterChain' threw exception; nested exception is java.lang.Error: Unresolved compilation problem: 
	The method addFilterBefore(Filter, Class<? extends Filter>) in the type HttpSecurity is not applicable for the arguments (FilterInvocationSecurityMetadataSource, Class<FilterInvocationSecurityMetadataSource>)

	at org.springframework.beans.factory.support.SimpleInstantiationStrategy.instantiate(SimpleInstantiationStrategy.java:189)
	at org.springframework.beans.factory.support.ConstructorResolver.instantiateUsingFactoryMethod(ConstructorResolver.java:588)
	... 44 common frames omitted
Caused by: java.lang.Error: Unresolved compilation problem: 
	The method addFilterBefore(Filter, Class<? extends Filter>) in the type HttpSecurity is not applicable for the arguments (FilterInvocationSecurityMetadataSource, Class<FilterInvocationSecurityMetadataSource>)

	at org.ares.app.c5.cfg.WebSecCfg.configure(WebSecCfg.java:56)
	at org.springframework.security.config.annotation.web.configuration.WebSecurityConfigurerAdapter.getHttp(WebSecurityConfigurerAdapter.java:224)
	at org.springframework.security.config.annotation.web.configuration.WebSecurityConfigurerAdapter.init(WebSecurityConfigurerAdapter.java:315)
	at org.springframework.security.config.annotation.web.configuration.WebSecurityConfigurerAdapter.init(WebSecurityConfigurerAdapter.java:86)
	at org.ares.app.c5.cfg.WebSecCfg$$EnhancerBySpringCGLIB$$f331ab3c.init(<generated>)
	at org.springframework.security.config.annotation.AbstractConfiguredSecurityBuilder.init(AbstractConfiguredSecurityBuilder.java:371)
	at org.springframework.security.config.annotation.AbstractConfiguredSecurityBuilder.doBuild(AbstractConfiguredSecurityBuilder.java:325)
	at org.springframework.security.config.annotation.AbstractSecurityBuilder.build(AbstractSecurityBuilder.java:41)
	at org.springframework.security.config.annotation.web.configuration.WebSecurityConfiguration.springSecurityFilterChain(WebSecurityConfiguration.java:104)
	at org.springframework.security.config.annotation.web.configuration.WebSecurityConfiguration$$EnhancerBySpringCGLIB$$69879cf7.CGLIB$springSecurityFilterChain$2(<generated>)
	at org.springframework.security.config.annotation.web.configuration.WebSecurityConfiguration$$EnhancerBySpringCGLIB$$69879cf7$$FastClassBySpringCGLIB$$e21c4988.invoke(<generated>)
	at org.springframework.cglib.proxy.MethodProxy.invokeSuper(MethodProxy.java:228)
	at org.springframework.context.annotation.ConfigurationClassEnhancer$BeanMethodInterceptor.intercept(ConfigurationClassEnhancer.java:358)
	at org.springframework.security.config.annotation.web.configuration.WebSecurityConfiguration$$EnhancerBySpringCGLIB$$69879cf7.springSecurityFilterChain(<generated>)
	at sun.reflect.NativeMethodAccessorImpl.invoke0(Native Method)
	at sun.reflect.NativeMethodAccessorImpl.invoke(NativeMethodAccessorImpl.java:62)
	at sun.reflect.DelegatingMethodAccessorImpl.invoke(DelegatingMethodAccessorImpl.java:43)
	at java.lang.reflect.Method.invoke(Method.java:498)
	at org.springframework.beans.factory.support.SimpleInstantiationStrategy.instantiate(SimpleInstantiationStrategy.java:162)
	... 45 common frames omitted
14:59:28.407 [main] ERROR o.s.test.context.TestContextManager - Caught exception while allowing TestExecutionListener [org.springframework.test.context.web.ServletTestExecutionListener@1df82230] to prepare test instance [org.ares.app.StartAppTests@5d51e129]
java.lang.IllegalStateException: Failed to load ApplicationContext
	at org.springframework.test.context.cache.DefaultCacheAwareContextLoaderDelegate.loadContext(DefaultCacheAwareContextLoaderDelegate.java:124)
	at org.springframework.test.context.support.DefaultTestContext.getApplicationContext(DefaultTestContext.java:83)
	at org.springframework.test.context.web.ServletTestExecutionListener.setUpRequestContextIfNecessary(ServletTestExecutionListener.java:189)
	at org.springframework.test.context.web.ServletTestExecutionListener.prepareTestInstance(ServletTestExecutionListener.java:131)
	at org.springframework.test.context.TestContextManager.prepareTestInstance(TestContextManager.java:230)
	at org.springframework.test.context.junit4.SpringJUnit4ClassRunner.createTest(SpringJUnit4ClassRunner.java:228)
	at org.springframework.test.context.junit4.SpringJUnit4ClassRunner$1.runReflectiveCall(SpringJUnit4ClassRunner.java:287)
	at org.junit.internal.runners.model.ReflectiveCallable.run(ReflectiveCallable.java:12)
	at org.springframework.test.context.junit4.SpringJUnit4ClassRunner.methodBlock(SpringJUnit4ClassRunner.java:289)
	at org.springframework.test.context.junit4.SpringJUnit4ClassRunner.runChild(SpringJUnit4ClassRunner.java:247)
	at org.springframework.test.context.junit4.SpringJUnit4ClassRunner.runChild(SpringJUnit4ClassRunner.java:94)
	at org.junit.runners.ParentRunner$3.run(ParentRunner.java:290)
	at org.junit.runners.ParentRunner$1.schedule(ParentRunner.java:71)
	at org.junit.runners.ParentRunner.runChildren(ParentRunner.java:288)
	at org.junit.runners.ParentRunner.access$000(ParentRunner.java:58)
	at org.junit.runners.ParentRunner$2.evaluate(ParentRunner.java:268)
	at org.springframework.test.context.junit4.statements.RunBeforeTestClassCallbacks.evaluate(RunBeforeTestClassCallbacks.java:61)
	at org.springframework.test.context.junit4.statements.RunAfterTestClassCallbacks.evaluate(RunAfterTestClassCallbacks.java:70)
	at org.junit.runners.ParentRunner.run(ParentRunner.java:363)
	at org.springframework.test.context.junit4.SpringJUnit4ClassRunner.run(SpringJUnit4ClassRunner.java:191)
	at org.eclipse.jdt.internal.junit4.runner.JUnit4TestReference.run(JUnit4TestReference.java:86)
	at org.eclipse.jdt.internal.junit.runner.TestExecution.run(TestExecution.java:38)
	at org.eclipse.jdt.internal.junit.runner.RemoteTestRunner.runTests(RemoteTestRunner.java:538)
	at org.eclipse.jdt.internal.junit.runner.RemoteTestRunner.runTests(RemoteTestRunner.java:760)
	at org.eclipse.jdt.internal.junit.runner.RemoteTestRunner.run(RemoteTestRunner.java:460)
	at org.eclipse.jdt.internal.junit.runner.RemoteTestRunner.main(RemoteTestRunner.java:206)
Caused by: org.springframework.beans.factory.BeanCreationException: Error creating bean with name 'springSecurityFilterChain' defined in class path resource [org/springframework/security/config/annotation/web/configuration/WebSecurityConfiguration.class]: Bean instantiation via factory method failed; nested exception is org.springframework.beans.BeanInstantiationException: Failed to instantiate [javax.servlet.Filter]: Factory method 'springSecurityFilterChain' threw exception; nested exception is java.lang.Error: Unresolved compilation problem: 
	The method addFilterBefore(Filter, Class<? extends Filter>) in the type HttpSecurity is not applicable for the arguments (FilterInvocationSecurityMetadataSource, Class<FilterInvocationSecurityMetadataSource>)

	at org.springframework.beans.factory.support.ConstructorResolver.instantiateUsingFactoryMethod(ConstructorResolver.java:599)
	at org.springframework.beans.factory.support.AbstractAutowireCapableBeanFactory.instantiateUsingFactoryMethod(AbstractAutowireCapableBeanFactory.java:1181)
	at org.springframework.beans.factory.support.AbstractAutowireCapableBeanFactory.createBeanInstance(AbstractAutowireCapableBeanFactory.java:1075)
	at org.springframework.beans.factory.support.AbstractAutowireCapableBeanFactory.doCreateBean(AbstractAutowireCapableBeanFactory.java:513)
	at org.springframework.beans.factory.support.AbstractAutowireCapableBeanFactory.createBean(AbstractAutowireCapableBeanFactory.java:483)
	at org.springframework.beans.factory.support.AbstractBeanFactory$1.getObject(AbstractBeanFactory.java:312)
	at org.springframework.beans.factory.support.DefaultSingletonBeanRegistry.getSingleton(DefaultSingletonBeanRegistry.java:230)
	at org.springframework.beans.factory.support.AbstractBeanFactory.doGetBean(AbstractBeanFactory.java:308)
	at org.springframework.beans.factory.support.AbstractBeanFactory.getBean(AbstractBeanFactory.java:197)
	at org.springframework.beans.factory.support.AbstractBeanFactory.doGetBean(AbstractBeanFactory.java:297)
	at org.springframework.beans.factory.support.AbstractBeanFactory.getBean(AbstractBeanFactory.java:197)
	at org.springframework.beans.factory.support.DefaultListableBeanFactory.preInstantiateSingletons(DefaultListableBeanFactory.java:761)
	at org.springframework.context.support.AbstractApplicationContext.finishBeanFactoryInitialization(AbstractApplicationContext.java:867)
	at org.springframework.context.support.AbstractApplicationContext.refresh(AbstractApplicationContext.java:543)
	at org.springframework.boot.SpringApplication.refresh(SpringApplication.java:693)
	at org.springframework.boot.SpringApplication.refreshContext(SpringApplication.java:360)
	at org.springframework.boot.SpringApplication.run(SpringApplication.java:303)
	at org.springframework.boot.test.context.SpringBootContextLoader.loadContext(SpringBootContextLoader.java:121)
	at org.springframework.test.context.cache.DefaultCacheAwareContextLoaderDelegate.loadContextInternal(DefaultCacheAwareContextLoaderDelegate.java:98)
	at org.springframework.test.context.cache.DefaultCacheAwareContextLoaderDelegate.loadContext(DefaultCacheAwareContextLoaderDelegate.java:116)
	... 25 common frames omitted
Caused by: org.springframework.beans.BeanInstantiationException: Failed to instantiate [javax.servlet.Filter]: Factory method 'springSecurityFilterChain' threw exception; nested exception is java.lang.Error: Unresolved compilation problem: 
	The method addFilterBefore(Filter, Class<? extends Filter>) in the type HttpSecurity is not applicable for the arguments (FilterInvocationSecurityMetadataSource, Class<FilterInvocationSecurityMetadataSource>)

	at org.springframework.beans.factory.support.SimpleInstantiationStrategy.instantiate(SimpleInstantiationStrategy.java:189)
	at org.springframework.beans.factory.support.ConstructorResolver.instantiateUsingFactoryMethod(ConstructorResolver.java:588)
	... 44 common frames omitted
Caused by: java.lang.Error: Unresolved compilation problem: 
	The method addFilterBefore(Filter, Class<? extends Filter>) in the type HttpSecurity is not applicable for the arguments (FilterInvocationSecurityMetadataSource, Class<FilterInvocationSecurityMetadataSource>)

	at org.ares.app.c5.cfg.WebSecCfg.configure(WebSecCfg.java:56)
	at org.springframework.security.config.annotation.web.configuration.WebSecurityConfigurerAdapter.getHttp(WebSecurityConfigurerAdapter.java:224)
	at org.springframework.security.config.annotation.web.configuration.WebSecurityConfigurerAdapter.init(WebSecurityConfigurerAdapter.java:315)
	at org.springframework.security.config.annotation.web.configuration.WebSecurityConfigurerAdapter.init(WebSecurityConfigurerAdapter.java:86)
	at org.ares.app.c5.cfg.WebSecCfg$$EnhancerBySpringCGLIB$$f331ab3c.init(<generated>)
	at org.springframework.security.config.annotation.AbstractConfiguredSecurityBuilder.init(AbstractConfiguredSecurityBuilder.java:371)
	at org.springframework.security.config.annotation.AbstractConfiguredSecurityBuilder.doBuild(AbstractConfiguredSecurityBuilder.java:325)
	at org.springframework.security.config.annotation.AbstractSecurityBuilder.build(AbstractSecurityBuilder.java:41)
	at org.springframework.security.config.annotation.web.configuration.WebSecurityConfiguration.springSecurityFilterChain(WebSecurityConfiguration.java:104)
	at org.springframework.security.config.annotation.web.configuration.WebSecurityConfiguration$$EnhancerBySpringCGLIB$$69879cf7.CGLIB$springSecurityFilterChain$2(<generated>)
	at org.springframework.security.config.annotation.web.configuration.WebSecurityConfiguration$$EnhancerBySpringCGLIB$$69879cf7$$FastClassBySpringCGLIB$$e21c4988.invoke(<generated>)
	at org.springframework.cglib.proxy.MethodProxy.invokeSuper(MethodProxy.java:228)
	at org.springframework.context.annotation.ConfigurationClassEnhancer$BeanMethodInterceptor.intercept(ConfigurationClassEnhancer.java:358)
	at org.springframework.security.config.annotation.web.configuration.WebSecurityConfiguration$$EnhancerBySpringCGLIB$$69879cf7.springSecurityFilterChain(<generated>)
	at sun.reflect.NativeMethodAccessorImpl.invoke0(Native Method)
	at sun.reflect.NativeMethodAccessorImpl.invoke(NativeMethodAccessorImpl.java:62)
	at sun.reflect.DelegatingMethodAccessorImpl.invoke(DelegatingMethodAccessorImpl.java:43)
	at java.lang.reflect.Method.invoke(Method.java:498)
	at org.springframework.beans.factory.support.SimpleInstantiationStrategy.instantiate(SimpleInstantiationStrategy.java:162)
	... 45 common frames omitted
14:59:52.702 [main] INFO  o.s.b.t.c.SpringBootTestContextBootstrapper - Neither @ContextConfiguration nor @ContextHierarchy found for test class [org.ares.app.StartAppTests], using SpringBootContextLoader
14:59:52.718 [main] INFO  o.s.t.c.support.AbstractContextLoader - Could not detect default resource locations for test class [org.ares.app.StartAppTests]: no resource found for suffixes {-context.xml, Context.groovy}.
14:59:52.734 [main] INFO  o.s.t.c.s.AnnotationConfigContextLoaderUtils - Could not detect default configuration classes for test class [org.ares.app.StartAppTests]: StartAppTests does not declare any static, non-private, non-final, nested classes annotated with @Configuration.
14:59:53.055 [main] INFO  o.s.b.t.c.SpringBootTestContextBootstrapper - Found @SpringBootConfiguration org.ares.app.StartApp for test class org.ares.app.StartAppTests
14:59:53.071 [main] INFO  o.s.b.t.c.SpringBootTestContextBootstrapper - Loaded default TestExecutionListener class names from location [META-INF/spring.factories]: [org.springframework.boot.test.mock.mockito.MockitoTestExecutionListener, org.springframework.boot.test.mock.mockito.ResetMocksTestExecutionListener, org.springframework.boot.test.autoconfigure.restdocs.RestDocsTestExecutionListener, org.springframework.boot.test.autoconfigure.web.client.MockRestServiceServerResetTestExecutionListener, org.springframework.boot.test.autoconfigure.web.servlet.MockMvcPrintOnlyOnFailureTestExecutionListener, org.springframework.boot.test.autoconfigure.web.servlet.WebDriverTestExecutionListener, org.springframework.test.context.web.ServletTestExecutionListener, org.springframework.test.context.support.DirtiesContextBeforeModesTestExecutionListener, org.springframework.test.context.support.DependencyInjectionTestExecutionListener, org.springframework.test.context.support.DirtiesContextTestExecutionListener, org.springframework.test.context.transaction.TransactionalTestExecutionListener, org.springframework.test.context.jdbc.SqlScriptsTestExecutionListener, org.springframework.security.test.context.support.WithSecurityContextTestExecutionListener]
14:59:53.134 [main] INFO  o.s.b.t.c.SpringBootTestContextBootstrapper - Using TestExecutionListeners: [org.springframework.test.context.web.ServletTestExecutionListener@1df82230, org.springframework.test.context.support.DirtiesContextBeforeModesTestExecutionListener@22635ba0, org.springframework.boot.test.mock.mockito.MockitoTestExecutionListener@13c10b87, org.springframework.boot.test.autoconfigure.SpringBootDependencyInjectionTestExecutionListener@6a01e23, org.springframework.test.context.support.DirtiesContextTestExecutionListener@5a955565, org.springframework.test.context.transaction.TransactionalTestExecutionListener@6293abcc, org.springframework.test.context.jdbc.SqlScriptsTestExecutionListener@7995092a, org.springframework.security.test.context.support.WithSecurityContextTestExecutionListener@7fc2413d, org.springframework.boot.test.mock.mockito.ResetMocksTestExecutionListener@f8c1ddd, org.springframework.boot.test.autoconfigure.restdocs.RestDocsTestExecutionListener@70be0a2b, org.springframework.boot.test.autoconfigure.web.client.MockRestServiceServerResetTestExecutionListener@2133814f, org.springframework.boot.test.autoconfigure.web.servlet.MockMvcPrintOnlyOnFailureTestExecutionListener@4c15e7fd, org.springframework.boot.test.autoconfigure.web.servlet.WebDriverTestExecutionListener@23986957]
14:59:54.320 [main] INFO  org.ares.app.StartAppTests - Starting StartAppTests on srv-work with PID 22204 (started by Administrator in D:\java\work\sts_sp\c5g)
14:59:54.320 [main] INFO  org.ares.app.StartAppTests - No active profile set, falling back to default profiles: default
14:59:54.420 [main] INFO  o.s.w.c.s.GenericWebApplicationContext - Refreshing org.springframework.web.context.support.GenericWebApplicationContext@76c3e77a: startup date [Thu Jul 05 14:59:54 CST 2018]; root of context hierarchy
14:59:55.151 [background-preinit] INFO  o.h.validator.internal.util.Version - HV000001: Hibernate Validator 5.3.6.Final
14:59:57.966 [main] INFO  o.s.s.web.DefaultSecurityFilterChain - Creating filter chain: org.springframework.security.web.util.matcher.AnyRequestMatcher@1, [org.springframework.security.web.context.request.async.WebAsyncManagerIntegrationFilter@f951a7f, org.springframework.security.web.context.SecurityContextPersistenceFilter@2b03d52f, org.springframework.security.web.header.HeaderWriterFilter@24e83d19, org.springframework.security.web.csrf.CsrfFilter@1e43e323, org.springframework.security.web.authentication.logout.LogoutFilter@20cece0b, org.springframework.security.web.authentication.logout.LogoutFilter@65c33b92, org.jasig.cas.client.session.SingleSignOutFilter@4c777e7b, org.springframework.security.cas.web.CasAuthenticationFilter@5f038248, org.springframework.security.web.authentication.UsernamePasswordAuthenticationFilter@4110765e, org.springframework.security.web.savedrequest.RequestCacheAwareFilter@4af70944, org.springframework.security.web.servletapi.SecurityContextHolderAwareRequestFilter@a62c7cd, org.springframework.security.web.authentication.AnonymousAuthenticationFilter@78e22d35, org.springframework.security.web.session.SessionManagementFilter@188cbcde, org.springframework.security.web.access.ExceptionTranslationFilter@4f66ffc8, org.springframework.security.web.access.intercept.FilterSecurityInterceptor@290d10ef]
14:59:58.692 [main] INFO  o.s.w.s.m.m.a.RequestMappingHandlerAdapter - Looking for @ControllerAdvice: org.springframework.web.context.support.GenericWebApplicationContext@76c3e77a: startup date [Thu Jul 05 14:59:54 CST 2018]; root of context hierarchy
14:59:58.827 [main] INFO  o.s.w.s.m.m.a.RequestMappingHandlerMapping - Mapped "{[/]}" onto public java.lang.String org.ares.app.c5.action.TestAction.index()
14:59:58.828 [main] INFO  o.s.w.s.m.m.a.RequestMappingHandlerMapping - Mapped "{[/security]}" onto public java.lang.String org.ares.app.c5.action.TestAction.security()
14:59:58.829 [main] INFO  o.s.w.s.m.m.a.RequestMappingHandlerMapping - Mapped "{[/hello]}" onto public java.lang.String org.ares.app.c5.action.TestAction.hello()
14:59:58.829 [main] INFO  o.s.w.s.m.m.a.RequestMappingHandlerMapping - Mapped "{[/authorize]}" onto public java.lang.String org.ares.app.c5.action.TestAction.authorize()
14:59:58.832 [main] INFO  o.s.w.s.m.m.a.RequestMappingHandlerMapping - Mapped "{[/error]}" onto public org.springframework.http.ResponseEntity<java.util.Map<java.lang.String, java.lang.Object>> org.springframework.boot.autoconfigure.web.BasicErrorController.error(javax.servlet.http.HttpServletRequest)
14:59:58.833 [main] INFO  o.s.w.s.m.m.a.RequestMappingHandlerMapping - Mapped "{[/error],produces=[text/html]}" onto public org.springframework.web.servlet.ModelAndView org.springframework.boot.autoconfigure.web.BasicErrorController.errorHtml(javax.servlet.http.HttpServletRequest,javax.servlet.http.HttpServletResponse)
14:59:58.881 [main] INFO  o.s.w.s.handler.SimpleUrlHandlerMapping - Mapped URL path [/webjars/**] onto handler of type [class org.springframework.web.servlet.resource.ResourceHttpRequestHandler]
14:59:58.881 [main] INFO  o.s.w.s.handler.SimpleUrlHandlerMapping - Mapped URL path [/**] onto handler of type [class org.springframework.web.servlet.resource.ResourceHttpRequestHandler]
14:59:58.959 [main] INFO  o.s.w.s.handler.SimpleUrlHandlerMapping - Mapped URL path [/**/favicon.ico] onto handler of type [class org.springframework.web.servlet.resource.ResourceHttpRequestHandler]
14:59:59.395 [main] INFO  org.ares.app.StartAppTests - Started StartAppTests in 5.941 seconds (JVM running for 8.574)
15:00:00.393 [Thread-3] INFO  o.s.w.c.s.GenericWebApplicationContext - Closing org.springframework.web.context.support.GenericWebApplicationContext@76c3e77a: startup date [Thu Jul 05 14:59:54 CST 2018]; root of context hierarchy
